<?xml version="1.0" encoding="UTF-8"?>
<testsuites name="Advanced" time="65" tests="2" failures="1" errors="0">
   <testsuite name="Advanced" tests="2" failures="1" errors="0" time="65" timestamp="2018-10-24 16:43:15" hostname="josefcihal - 192.168.0.105" id="Test Suites/Advanced">
      <properties>
         <property name="deviceName" value=""/>
         <property name="devicePlatform" value=""/>
         <property name="logFolder" value="/Users/josefcihal/Katalon Studio/Leveris POC/Reports/Advanced/20181024_164300"/>
         <property name="logFiles" value="/Users/josefcihal/Katalon Studio/Leveris POC/Reports/Advanced/20181024_164300/execution0.log"/>
         <property name="attachments" value="/Users/josefcihal/Katalon Studio/Leveris POC/Reports/Advanced/20181024_164300/1540392259878.png, /Users/josefcihal/Katalon Studio/Leveris POC/Reports/Advanced/20181024_164300/1540392260413.png"/>
         <property name="hostName" value="josefcihal - 192.168.0.105"/>
         <property name="os" value="Mac OS X 64bit"/>
         <property name="katalonVersion" value="5.8.0.1"/>
         <property name="browser" value="Chrome 70.0.3538.67"/>
         <property name="hostAddress" value="192.168.0.105"/>
         <property name="sessionId" value="9de2fe16c2dd0795f2babe8c05fc8654"/>
         <property name="seleniumVersion" value="3.7.1"/>
         <property name="proxyInformation" value="ProxyInformation{proxyOption=NO_PROXY, proxyServerType=HTTP, password=, proxyServerAddress=, proxyServerPort=0}"/>
         <property name="platform" value="Mac OS X"/>
      </properties>
      <testcase name="Test Cases/Payments/SmartPayment" classname="Test Cases/Payments/SmartPayment" status="PASSED">
         <system-out><![CDATA[2018-10-24 16:43:16 - [TEST_CASE][PASSED] - Test Cases/Payments/SmartPayment: Test Cases/Payments/SmartPayment

2018-10-24 16:43:17 - [TEST_STEP][PASSED] - callTestCase: Call Test Case 'Test Cases/Payments/Create new sundry account' successfully

2018-10-24 16:43:17 - [TEST_CASE][PASSED] - Test Cases/Payments/Create new sundry account: Test Cases/Payments/Create new sundry account

2018-10-24 16:43:18 - [TEST_STEP][PASSED] - callTestCase: Call Test Case 'Test Cases/Login' successfully

2018-10-24 16:43:18 - [TEST_CASE][PASSED] - Test Cases/Login: Test Cases/Login

2018-10-24 16:43:18 - [TEST_STEP][PASSED] - openBrowser: Browser is opened with url: 'https://dvk.deltecdev.com/operator/'

2018-10-24 16:43:23 - [MESSAGE][PASSED] - Browser is opened with url: 'https://dvk.deltecdev.com/operator/'

2018-10-24 16:43:23 - [TEST_STEP][PASSED] - setText: Text 'john.doe@leveris.com' is set on object 'Object Repository/Login page/Input_Email'

2018-10-24 16:43:25 - [MESSAGE][PASSED] - Text 'john.doe@leveris.com' is set on object 'Object Repository/Login page/Input_Email'

2018-10-24 16:43:25 - [TEST_STEP][PASSED] - setText: Text 'Password1122' is set on object 'Object Repository/Login page/Input_Password'

2018-10-24 16:43:25 - [MESSAGE][PASSED] - Text 'Password1122' is set on object 'Object Repository/Login page/Input_Password'

2018-10-24 16:43:25 - [TEST_STEP][PASSED] - click: Object: 'Object Repository/Login page/Button_Log in' is clicked on

2018-10-24 16:43:25 - [MESSAGE][PASSED] - Object: 'Object Repository/Login page/Button_Log in' is clicked on

2018-10-24 16:43:25 - [TEST_STEP][PASSED] - verifyElementVisible: Object 'Object Repository/Home page/Label_Home' is visible

2018-10-24 16:43:27 - [MESSAGE][PASSED] - Object 'Object Repository/Home page/Label_Home' is visible

2018-10-24 16:43:27 - [MESSAGE][PASSED] - Call Test Case 'Test Cases/Login' successfully

2018-10-24 16:43:27 - [TEST_STEP][PASSED] - click: Object: 'Object Repository/Home page/Button_Home' is clicked on

2018-10-24 16:43:27 - [MESSAGE][PASSED] - Object: 'Object Repository/Home page/Button_Home' is clicked on

2018-10-24 16:43:27 - [TEST_STEP][PASSED] - click: Object: 'Object Repository/Home page/Dropdown_Payments' is clicked on

2018-10-24 16:43:27 - [MESSAGE][PASSED] - Object: 'Object Repository/Home page/Dropdown_Payments' is clicked on

2018-10-24 16:43:27 - [TEST_STEP][PASSED] - click: Object: 'Object Repository/Payments/Guidepost_Sundry accounts' is clicked on

2018-10-24 16:43:27 - [MESSAGE][PASSED] - Object: 'Object Repository/Payments/Guidepost_Sundry accounts' is clicked on

2018-10-24 16:43:27 - [TEST_STEP][PASSED] - click: Object: 'Object Repository/Payments/Sundry accounts/Button_Sundry accounts - Create new account' is clicked on

2018-10-24 16:43:27 - [MESSAGE][PASSED] - Object: 'Object Repository/Payments/Sundry accounts/Button_Sundry accounts - Create new account' is clicked on

2018-10-24 16:43:27 - [TEST_STEP][PASSED] - Statement - ts = java.lang.System.currentTimeMillis() / 1000: null

2018-10-24 16:43:27 - [TEST_STEP][PASSED] - Statement - tsAsString = ts.toString(): null

2018-10-24 16:43:27 - [TEST_STEP][PASSED] - setText: Text 'QAA test Katalon - 1540392207' is set on object 'Object Repository/Payments/Sundry accounts/Create new account/Input_Account name'

2018-10-24 16:43:29 - [MESSAGE][PASSED] - Text 'QAA test Katalon - 1540392207' is set on object 'Object Repository/Payments/Sundry accounts/Create new account/Input_Account name'

2018-10-24 16:43:29 - [TEST_STEP][PASSED] - Statement - AccountName = "QAA test Katalon - " + tsAsString: null

2018-10-24 16:43:29 - [TEST_STEP][PASSED] - selectOptionByValue: All options with value 'Liability' are selected in object 'Object Repository/Payments/Sundry accounts/Create new account/Select_Type (asset or liability account)' 

2018-10-24 16:43:29 - [MESSAGE][PASSED] - All options with value 'Liability' are selected in object 'Object Repository/Payments/Sundry accounts/Create new account/Select_Type (asset or liability account)' 

2018-10-24 16:43:29 - [TEST_STEP][PASSED] - click: Object: 'Object Repository/Payments/Sundry accounts/Create new account/Label_Check balance' is clicked on

2018-10-24 16:43:29 - [MESSAGE][PASSED] - Object: 'Object Repository/Payments/Sundry accounts/Create new account/Label_Check balance' is clicked on

2018-10-24 16:43:29 - [TEST_STEP][PASSED] - click: Object: 'Object Repository/Payments/Sundry accounts/Create new account/Button_Create new account' is clicked on

2018-10-24 16:43:29 - [MESSAGE][PASSED] - Object: 'Object Repository/Payments/Sundry accounts/Create new account/Button_Create new account' is clicked on

2018-10-24 16:43:29 - [TEST_STEP][PASSED] - verifyElementText: Actual text and expected text of test object 'Object Repository/Payments/Internal accounts/Value_Account status' are matched.

2018-10-24 16:43:30 - [MESSAGE][PASSED] - Actual text and expected text of test object 'Object Repository/Payments/Internal accounts/Value_Account status' are matched.

2018-10-24 16:43:30 - [TEST_STEP][PASSED] - verifyElementText: Actual text and expected text of test object 'Object Repository/Payments/Internal accounts/Value_Check balance' are matched.

2018-10-24 16:43:30 - [MESSAGE][PASSED] - Actual text and expected text of test object 'Object Repository/Payments/Internal accounts/Value_Check balance' are matched.

2018-10-24 16:43:30 - [TEST_STEP][PASSED] - verifyElementText: Actual text and expected text of test object 'Object Repository/Payments/Internal accounts/Value_Type (asset or liability account)' are matched.

2018-10-24 16:43:30 - [MESSAGE][PASSED] - Actual text and expected text of test object 'Object Repository/Payments/Internal accounts/Value_Type (asset or liability account)' are matched.

2018-10-24 16:43:30 - [MESSAGE][PASSED] - Call Test Case 'Test Cases/Payments/Create new sundry account' successfully

2018-10-24 16:43:30 - [TEST_STEP][PASSED] - click: Object: 'Object Repository/Payments/Internal accounts/Button_Actions' is clicked on

2018-10-24 16:43:30 - [MESSAGE][PASSED] - Object: 'Object Repository/Payments/Internal accounts/Button_Actions' is clicked on

2018-10-24 16:43:30 - [TEST_STEP][PASSED] - click: Object: 'Object Repository/Payments/Internal accounts/Button_External payment' is clicked on

2018-10-24 16:43:30 - [MESSAGE][PASSED] - Object: 'Object Repository/Payments/Internal accounts/Button_External payment' is clicked on

2018-10-24 16:43:30 - [TEST_STEP][PASSED] - setText: Text 'BE19140001517218' is set on object 'Object Repository/Payments/Sundry accounts/External payment/Input_IBAN  Account number'

2018-10-24 16:43:31 - [MESSAGE][PASSED] - Text 'BE19140001517218' is set on object 'Object Repository/Payments/Sundry accounts/External payment/Input_IBAN  Account number'

2018-10-24 16:43:31 - [TEST_STEP][PASSED] - setText: Text 'ABNABEBRXXX' is set on object 'Object Repository/Payments/Sundry accounts/External payment/Input_Bank code (BIC sort code or ABA)'

2018-10-24 16:43:31 - [MESSAGE][PASSED] - Text 'ABNABEBRXXX' is set on object 'Object Repository/Payments/Sundry accounts/External payment/Input_Bank code (BIC sort code or ABA)'

2018-10-24 16:43:31 - [TEST_STEP][PASSED] - setText: Text '2.01' is set on object 'Object Repository/Payments/Sundry accounts/External payment/Input_Amount and currency'

2018-10-24 16:43:32 - [MESSAGE][PASSED] - Text '2.01' is set on object 'Object Repository/Payments/Sundry accounts/External payment/Input_Amount and currency'

2018-10-24 16:43:32 - [TEST_STEP][PASSED] - delay: Delayed 1 second(s)

2018-10-24 16:43:33 - [MESSAGE][PASSED] - Delayed 1 second(s)

2018-10-24 16:43:33 - [TEST_STEP][PASSED] - click: Object: 'Object Repository/Payments/Sundry accounts/External payment/Button_Next step' is clicked on

2018-10-24 16:43:33 - [MESSAGE][PASSED] - Object: 'Object Repository/Payments/Sundry accounts/External payment/Button_Next step' is clicked on

2018-10-24 16:43:33 - [TEST_STEP][PASSED] - Statement - If (CountryStep1 == "Czech Republic"): null

2018-10-24 16:43:33 - [TEST_STEP][PASSED] - Statement - Else If (CountryStep1 == "Bulgaria"): null

2018-10-24 16:43:33 - [TEST_STEP][PASSED] - Statement - Else: Text 'Some Note' is set on object 'Object Repository/Payments/Sundry accounts/External payment/STEP 2/Input_Operator note'

2018-10-24 16:43:33 - [TEST_STEP][PASSED] - waitForElementVisible: Object 'Object Repository/Payments/Sundry accounts/External payment/STEP 2/Input_Beneficiary name' is visible

2018-10-24 16:43:34 - [MESSAGE][PASSED] - Object 'Object Repository/Payments/Sundry accounts/External payment/STEP 2/Input_Beneficiary name' is visible

2018-10-24 16:43:34 - [TEST_STEP][PASSED] - verifyElementVisible: Object 'Object Repository/Payments/Sundry accounts/External payment/STEP 2/Label_Beneficiary name' is visible

2018-10-24 16:43:34 - [MESSAGE][PASSED] - Object 'Object Repository/Payments/Sundry accounts/External payment/STEP 2/Label_Beneficiary name' is visible

2018-10-24 16:43:34 - [TEST_STEP][PASSED] - verifyElementVisible: Object 'Object Repository/Payments/Sundry accounts/External payment/STEP 2/Label_Address of beneficiary' is visible

2018-10-24 16:43:34 - [MESSAGE][PASSED] - Object 'Object Repository/Payments/Sundry accounts/External payment/STEP 2/Label_Address of beneficiary' is visible

2018-10-24 16:43:34 - [TEST_STEP][PASSED] - verifyElementVisible: Object 'Object Repository/Payments/Sundry accounts/External payment/STEP 2/Input_Address of beneficiary' is visible

2018-10-24 16:43:34 - [MESSAGE][PASSED] - Object 'Object Repository/Payments/Sundry accounts/External payment/STEP 2/Input_Address of beneficiary' is visible

2018-10-24 16:43:34 - [TEST_STEP][PASSED] - verifyElementVisible: Object 'Object Repository/Payments/Sundry accounts/External payment/STEP 2/Label_City' is visible

2018-10-24 16:43:34 - [MESSAGE][PASSED] - Object 'Object Repository/Payments/Sundry accounts/External payment/STEP 2/Label_City' is visible

2018-10-24 16:43:34 - [TEST_STEP][PASSED] - verifyElementVisible: Object 'Object Repository/Payments/Sundry accounts/External payment/STEP 2/Input_City' is visible

2018-10-24 16:43:34 - [MESSAGE][PASSED] - Object 'Object Repository/Payments/Sundry accounts/External payment/STEP 2/Input_City' is visible

2018-10-24 16:43:34 - [TEST_STEP][PASSED] - verifyElementVisible: Object 'Object Repository/Payments/Sundry accounts/External payment/STEP 2/Label_Post code' is visible

2018-10-24 16:43:34 - [MESSAGE][PASSED] - Object 'Object Repository/Payments/Sundry accounts/External payment/STEP 2/Label_Post code' is visible

2018-10-24 16:43:34 - [TEST_STEP][PASSED] - verifyElementVisible: Object 'Object Repository/Payments/Sundry accounts/External payment/STEP 2/Input_Post code' is visible

2018-10-24 16:43:34 - [MESSAGE][PASSED] - Object 'Object Repository/Payments/Sundry accounts/External payment/STEP 2/Input_Post code' is visible

2018-10-24 16:43:34 - [TEST_STEP][PASSED] - verifyElementVisible: Object 'Object Repository/Payments/Sundry accounts/External payment/STEP 2/Label_State  province' is visible

2018-10-24 16:43:34 - [MESSAGE][PASSED] - Object 'Object Repository/Payments/Sundry accounts/External payment/STEP 2/Label_State  province' is visible

2018-10-24 16:43:34 - [TEST_STEP][PASSED] - verifyElementVisible: Object 'Object Repository/Payments/Sundry accounts/External payment/STEP 2/Input_State  province' is visible

2018-10-24 16:43:34 - [MESSAGE][PASSED] - Object 'Object Repository/Payments/Sundry accounts/External payment/STEP 2/Input_State  province' is visible

2018-10-24 16:43:34 - [TEST_STEP][PASSED] - verifyElementVisible: Object 'Object Repository/Payments/Sundry accounts/External payment/STEP 2/Label_Country' is visible

2018-10-24 16:43:34 - [MESSAGE][PASSED] - Object 'Object Repository/Payments/Sundry accounts/External payment/STEP 2/Label_Country' is visible

2018-10-24 16:43:34 - [TEST_STEP][PASSED] - verifyElementVisible: Object 'Object Repository/Payments/Sundry accounts/External payment/STEP 2/Select_Country' is visible

2018-10-24 16:43:34 - [MESSAGE][PASSED] - Object 'Object Repository/Payments/Sundry accounts/External payment/STEP 2/Select_Country' is visible

2018-10-24 16:43:34 - [TEST_STEP][PASSED] - verifyElementVisible: Object 'Object Repository/Payments/Sundry accounts/External payment/STEP 2/Label_Remittance info' is visible

2018-10-24 16:43:34 - [MESSAGE][PASSED] - Object 'Object Repository/Payments/Sundry accounts/External payment/STEP 2/Label_Remittance info' is visible

2018-10-24 16:43:34 - [TEST_STEP][PASSED] - verifyElementVisible: Object 'Object Repository/Payments/Sundry accounts/External payment/STEP 2/Input_Remittance info' is visible

2018-10-24 16:43:34 - [MESSAGE][PASSED] - Object 'Object Repository/Payments/Sundry accounts/External payment/STEP 2/Input_Remittance info' is visible

2018-10-24 16:43:34 - [TEST_STEP][PASSED] - verifyElementVisible: Object 'Object Repository/Payments/Sundry accounts/External payment/STEP 2/Label_Operator note' is visible

2018-10-24 16:43:34 - [MESSAGE][PASSED] - Object 'Object Repository/Payments/Sundry accounts/External payment/STEP 2/Label_Operator note' is visible

2018-10-24 16:43:34 - [TEST_STEP][PASSED] - verifyElementVisible: Object 'Object Repository/Payments/Sundry accounts/External payment/STEP 2/Input_Operator note' is visible

2018-10-24 16:43:34 - [MESSAGE][PASSED] - Object 'Object Repository/Payments/Sundry accounts/External payment/STEP 2/Input_Operator note' is visible

2018-10-24 16:43:34 - [TEST_STEP][PASSED] - setText: Text 'Tester Testerov' is set on object 'Object Repository/Payments/Sundry accounts/External payment/STEP 2/Input_Beneficiary name'

2018-10-24 16:43:35 - [MESSAGE][PASSED] - Text 'Tester Testerov' is set on object 'Object Repository/Payments/Sundry accounts/External payment/STEP 2/Input_Beneficiary name'

2018-10-24 16:43:35 - [TEST_STEP][PASSED] - setText: Text 'Testerov St.' is set on object 'Object Repository/Payments/Sundry accounts/External payment/STEP 2/Input_Address of beneficiary'

2018-10-24 16:43:35 - [MESSAGE][PASSED] - Text 'Testerov St.' is set on object 'Object Repository/Payments/Sundry accounts/External payment/STEP 2/Input_Address of beneficiary'

2018-10-24 16:43:35 - [TEST_STEP][PASSED] - selectOptionByLabel: All options with label 'Guam' are selected in object 'Object Repository/Payments/Sundry accounts/External payment/STEP 2/Select_Country' 

2018-10-24 16:43:36 - [MESSAGE][PASSED] - All options with label 'Guam' are selected in object 'Object Repository/Payments/Sundry accounts/External payment/STEP 2/Select_Country' 

2018-10-24 16:43:36 - [TEST_STEP][PASSED] - setText: Text 'Test City' is set on object 'Object Repository/Payments/Sundry accounts/External payment/STEP 2/Input_City'

2018-10-24 16:43:36 - [MESSAGE][PASSED] - Text 'Test City' is set on object 'Object Repository/Payments/Sundry accounts/External payment/STEP 2/Input_City'

2018-10-24 16:43:36 - [TEST_STEP][PASSED] - setText: Text 'XX666XX' is set on object 'Object Repository/Payments/Sundry accounts/External payment/STEP 2/Input_Post code'

2018-10-24 16:43:36 - [MESSAGE][PASSED] - Text 'XX666XX' is set on object 'Object Repository/Payments/Sundry accounts/External payment/STEP 2/Input_Post code'

2018-10-24 16:43:36 - [TEST_STEP][PASSED] - setText: Text 'Test hell' is set on object 'Object Repository/Payments/Sundry accounts/External payment/STEP 2/Input_State  province'

2018-10-24 16:43:37 - [MESSAGE][PASSED] - Text 'Test hell' is set on object 'Object Repository/Payments/Sundry accounts/External payment/STEP 2/Input_State  province'

2018-10-24 16:43:37 - [TEST_STEP][PASSED] - setText: Text 'Some info' is set on object 'Object Repository/Payments/Sundry accounts/External payment/STEP 2/Input_Remittance info'

2018-10-24 16:43:37 - [MESSAGE][PASSED] - Text 'Some info' is set on object 'Object Repository/Payments/Sundry accounts/External payment/STEP 2/Input_Remittance info'

2018-10-24 16:43:37 - [TEST_STEP][PASSED] - setText: Text 'Some Note' is set on object 'Object Repository/Payments/Sundry accounts/External payment/STEP 2/Input_Operator note'

2018-10-24 16:43:37 - [MESSAGE][PASSED] - Text 'Some Note' is set on object 'Object Repository/Payments/Sundry accounts/External payment/STEP 2/Input_Operator note'

2018-10-24 16:43:37 - [TEST_STEP][PASSED] - click: Object: 'Object Repository/Payments/Sundry accounts/External payment/STEP 2/Button_Done' is clicked on

2018-10-24 16:43:38 - [MESSAGE][PASSED] - Object: 'Object Repository/Payments/Sundry accounts/External payment/STEP 2/Button_Done' is clicked on

2018-10-24 16:43:38 - [TEST_STEP][PASSED] - click: Object: 'Object Repository/Payments/Sundry accounts/External payment/Approve order/Button_Approve order' is clicked on

2018-10-24 16:43:38 - [MESSAGE][PASSED] - Object: 'Object Repository/Payments/Sundry accounts/External payment/Approve order/Button_Approve order' is clicked on

2018-10-24 16:43:38 - [TEST_STEP][PASSED] - verifyElementVisible: Object 'Object Repository/Payments/Sundry accounts/External payment/Approve order/Label_Payment detail' is visible

2018-10-24 16:43:38 - [MESSAGE][PASSED] - Object 'Object Repository/Payments/Sundry accounts/External payment/Approve order/Label_Payment detail' is visible]]></system-out>
         <system-err><![CDATA[]]></system-err>
      </testcase>
      <testcase name="Test Cases/Payments/SmartPayment" classname="Test Cases/Payments/SmartPayment" status="PASSED">
         <system-out><![CDATA[2018-10-24 16:43:38 - [TEST_CASE][PASSED] - Test Cases/Payments/SmartPayment: Test Cases/Payments/SmartPayment

2018-10-24 16:43:38 - [TEST_STEP][PASSED] - callTestCase: Call Test Case 'Test Cases/Payments/Create new sundry account' successfully

2018-10-24 16:43:38 - [TEST_CASE][PASSED] - Test Cases/Payments/Create new sundry account: Test Cases/Payments/Create new sundry account

2018-10-24 16:43:38 - [TEST_STEP][PASSED] - callTestCase: Call Test Case 'Test Cases/Login' successfully

2018-10-24 16:43:38 - [TEST_CASE][PASSED] - Test Cases/Login: Test Cases/Login

2018-10-24 16:43:38 - [TEST_STEP][PASSED] - openBrowser: Browser is opened with url: 'https://dvk.deltecdev.com/operator/'

2018-10-24 16:43:38 - [MESSAGE][WARNING] - A browser is already opened. Closing browser and opening a new one

2018-10-24 16:43:42 - [MESSAGE][PASSED] - Browser is opened with url: 'https://dvk.deltecdev.com/operator/'

2018-10-24 16:43:42 - [TEST_STEP][PASSED] - setText: Text 'john.doe@leveris.com' is set on object 'Object Repository/Login page/Input_Email'

2018-10-24 16:43:43 - [MESSAGE][PASSED] - Text 'john.doe@leveris.com' is set on object 'Object Repository/Login page/Input_Email'

2018-10-24 16:43:43 - [TEST_STEP][PASSED] - setText: Text 'Password1122' is set on object 'Object Repository/Login page/Input_Password'

2018-10-24 16:43:43 - [MESSAGE][PASSED] - Text 'Password1122' is set on object 'Object Repository/Login page/Input_Password'

2018-10-24 16:43:43 - [TEST_STEP][PASSED] - click: Object: 'Object Repository/Login page/Button_Log in' is clicked on

2018-10-24 16:43:44 - [MESSAGE][PASSED] - Object: 'Object Repository/Login page/Button_Log in' is clicked on

2018-10-24 16:43:44 - [TEST_STEP][PASSED] - verifyElementVisible: Object 'Object Repository/Home page/Label_Home' is visible

2018-10-24 16:43:45 - [MESSAGE][PASSED] - Object 'Object Repository/Home page/Label_Home' is visible

2018-10-24 16:43:45 - [MESSAGE][PASSED] - Call Test Case 'Test Cases/Login' successfully

2018-10-24 16:43:45 - [TEST_STEP][PASSED] - click: Object: 'Object Repository/Home page/Button_Home' is clicked on

2018-10-24 16:43:45 - [MESSAGE][PASSED] - Object: 'Object Repository/Home page/Button_Home' is clicked on

2018-10-24 16:43:45 - [TEST_STEP][PASSED] - click: Object: 'Object Repository/Home page/Dropdown_Payments' is clicked on

2018-10-24 16:43:45 - [MESSAGE][PASSED] - Object: 'Object Repository/Home page/Dropdown_Payments' is clicked on

2018-10-24 16:43:45 - [TEST_STEP][PASSED] - click: Object: 'Object Repository/Payments/Guidepost_Sundry accounts' is clicked on

2018-10-24 16:43:45 - [MESSAGE][PASSED] - Object: 'Object Repository/Payments/Guidepost_Sundry accounts' is clicked on

2018-10-24 16:43:45 - [TEST_STEP][PASSED] - click: Object: 'Object Repository/Payments/Sundry accounts/Button_Sundry accounts - Create new account' is clicked on

2018-10-24 16:43:45 - [MESSAGE][PASSED] - Object: 'Object Repository/Payments/Sundry accounts/Button_Sundry accounts - Create new account' is clicked on

2018-10-24 16:43:45 - [TEST_STEP][PASSED] - Statement - ts = java.lang.System.currentTimeMillis() / 1000: null

2018-10-24 16:43:45 - [TEST_STEP][PASSED] - Statement - tsAsString = ts.toString(): null

2018-10-24 16:43:45 - [TEST_STEP][PASSED] - setText: Text 'QAA test Katalon - 1540392225' is set on object 'Object Repository/Payments/Sundry accounts/Create new account/Input_Account name'

2018-10-24 16:43:47 - [MESSAGE][PASSED] - Text 'QAA test Katalon - 1540392225' is set on object 'Object Repository/Payments/Sundry accounts/Create new account/Input_Account name'

2018-10-24 16:43:47 - [TEST_STEP][PASSED] - Statement - AccountName = "QAA test Katalon - " + tsAsString: null

2018-10-24 16:43:47 - [TEST_STEP][PASSED] - selectOptionByValue: All options with value 'Liability' are selected in object 'Object Repository/Payments/Sundry accounts/Create new account/Select_Type (asset or liability account)' 

2018-10-24 16:43:47 - [MESSAGE][PASSED] - All options with value 'Liability' are selected in object 'Object Repository/Payments/Sundry accounts/Create new account/Select_Type (asset or liability account)' 

2018-10-24 16:43:47 - [TEST_STEP][PASSED] - click: Object: 'Object Repository/Payments/Sundry accounts/Create new account/Label_Check balance' is clicked on

2018-10-24 16:43:47 - [MESSAGE][PASSED] - Object: 'Object Repository/Payments/Sundry accounts/Create new account/Label_Check balance' is clicked on

2018-10-24 16:43:47 - [TEST_STEP][PASSED] - click: Object: 'Object Repository/Payments/Sundry accounts/Create new account/Button_Create new account' is clicked on

2018-10-24 16:43:47 - [MESSAGE][PASSED] - Object: 'Object Repository/Payments/Sundry accounts/Create new account/Button_Create new account' is clicked on

2018-10-24 16:43:47 - [TEST_STEP][PASSED] - verifyElementText: Actual text and expected text of test object 'Object Repository/Payments/Internal accounts/Value_Account status' are matched.

2018-10-24 16:43:48 - [MESSAGE][PASSED] - Actual text and expected text of test object 'Object Repository/Payments/Internal accounts/Value_Account status' are matched.

2018-10-24 16:43:48 - [TEST_STEP][PASSED] - verifyElementText: Actual text and expected text of test object 'Object Repository/Payments/Internal accounts/Value_Check balance' are matched.

2018-10-24 16:43:48 - [MESSAGE][PASSED] - Actual text and expected text of test object 'Object Repository/Payments/Internal accounts/Value_Check balance' are matched.

2018-10-24 16:43:48 - [TEST_STEP][PASSED] - verifyElementText: Actual text and expected text of test object 'Object Repository/Payments/Internal accounts/Value_Type (asset or liability account)' are matched.

2018-10-24 16:43:48 - [MESSAGE][PASSED] - Actual text and expected text of test object 'Object Repository/Payments/Internal accounts/Value_Type (asset or liability account)' are matched.

2018-10-24 16:43:48 - [MESSAGE][PASSED] - Call Test Case 'Test Cases/Payments/Create new sundry account' successfully

2018-10-24 16:43:48 - [TEST_STEP][PASSED] - click: Object: 'Object Repository/Payments/Internal accounts/Button_Actions' is clicked on

2018-10-24 16:43:48 - [MESSAGE][PASSED] - Object: 'Object Repository/Payments/Internal accounts/Button_Actions' is clicked on

2018-10-24 16:43:48 - [TEST_STEP][PASSED] - click: Object: 'Object Repository/Payments/Internal accounts/Button_External payment' is clicked on

2018-10-24 16:43:48 - [MESSAGE][PASSED] - Object: 'Object Repository/Payments/Internal accounts/Button_External payment' is clicked on

2018-10-24 16:43:48 - [TEST_STEP][PASSED] - setText: Text 'CZ8372746198380075273635' is set on object 'Object Repository/Payments/Sundry accounts/External payment/Input_IBAN  Account number'

2018-10-24 16:43:49 - [MESSAGE][PASSED] - Text 'CZ8372746198380075273635' is set on object 'Object Repository/Payments/Sundry accounts/External payment/Input_IBAN  Account number'

2018-10-24 16:43:49 - [TEST_STEP][PASSED] - setText: Text 'CNBACZPP' is set on object 'Object Repository/Payments/Sundry accounts/External payment/Input_Bank code (BIC sort code or ABA)'

2018-10-24 16:43:49 - [MESSAGE][PASSED] - Text 'CNBACZPP' is set on object 'Object Repository/Payments/Sundry accounts/External payment/Input_Bank code (BIC sort code or ABA)'

2018-10-24 16:43:49 - [TEST_STEP][PASSED] - setText: Text '2.02' is set on object 'Object Repository/Payments/Sundry accounts/External payment/Input_Amount and currency'

2018-10-24 16:43:50 - [MESSAGE][PASSED] - Text '2.02' is set on object 'Object Repository/Payments/Sundry accounts/External payment/Input_Amount and currency'

2018-10-24 16:43:50 - [TEST_STEP][PASSED] - delay: Delayed 1 second(s)

2018-10-24 16:43:51 - [MESSAGE][PASSED] - Delayed 1 second(s)

2018-10-24 16:43:51 - [TEST_STEP][PASSED] - click: Object: 'Object Repository/Payments/Sundry accounts/External payment/Button_Next step' is clicked on

2018-10-24 16:43:51 - [MESSAGE][PASSED] - Object: 'Object Repository/Payments/Sundry accounts/External payment/Button_Next step' is clicked on

2018-10-24 16:43:51 - [TEST_STEP][PASSED] - Statement - If (CountryStep1 == "Czech Republic"): Text 'OP note' is set on object 'Object Repository/Payments/Sundry accounts/External payment/STEP 2/Input_Operator note'

2018-10-24 16:43:51 - [TEST_STEP][PASSED] - waitForElementVisible: Object 'Object Repository/Payments/Sundry accounts/External payment/STEP 2/Input_Beneficiary name' is visible

2018-10-24 16:43:52 - [MESSAGE][PASSED] - Object 'Object Repository/Payments/Sundry accounts/External payment/STEP 2/Input_Beneficiary name' is visible

2018-10-24 16:43:52 - [TEST_STEP][PASSED] - verifyElementVisible: Object 'Object Repository/Payments/Sundry accounts/External payment/STEP 2/Label_Beneficiary name' is visible

2018-10-24 16:43:52 - [MESSAGE][PASSED] - Object 'Object Repository/Payments/Sundry accounts/External payment/STEP 2/Label_Beneficiary name' is visible

2018-10-24 16:43:52 - [TEST_STEP][PASSED] - verifyElementNotPresent: Web element with id: 'Object Repository/Payments/Sundry accounts/External payment/STEP 2/Label_Address of beneficiary' located by 'By.xpath: //label[@class = 'input__label' and (text() = 'Address of beneficiary' or . = 'Address of beneficiary')]' is not present after '10' second(s)

2018-10-24 16:43:52 - [MESSAGE][WARNING] - Timeout '0' is invalid. Using default page load timeout: '10'

2018-10-24 16:43:52 - [MESSAGE][PASSED] - Web element with id: 'Object Repository/Payments/Sundry accounts/External payment/STEP 2/Label_Address of beneficiary' located by 'By.xpath: //label[@class = 'input__label' and (text() = 'Address of beneficiary' or . = 'Address of beneficiary')]' is not present after '10' second(s)

2018-10-24 16:43:52 - [TEST_STEP][PASSED] - verifyElementNotPresent: Web element with id: 'Object Repository/Payments/Sundry accounts/External payment/STEP 2/Input_Address of beneficiary' located by 'By.xpath: //input[@type = 'text' and @class = 'input__input input_benAddress1']' is not present after '10' second(s)

2018-10-24 16:43:52 - [MESSAGE][WARNING] - Timeout '0' is invalid. Using default page load timeout: '10'

2018-10-24 16:43:52 - [MESSAGE][PASSED] - Web element with id: 'Object Repository/Payments/Sundry accounts/External payment/STEP 2/Input_Address of beneficiary' located by 'By.xpath: //input[@type = 'text' and @class = 'input__input input_benAddress1']' is not present after '10' second(s)

2018-10-24 16:43:52 - [TEST_STEP][PASSED] - verifyElementNotPresent: Web element with id: 'Object Repository/Payments/Sundry accounts/External payment/STEP 2/Label_City' located by 'By.xpath: //label[@class = 'input__label' and (text() = 'City' or . = 'City')]' is not present after '10' second(s)

2018-10-24 16:43:52 - [MESSAGE][WARNING] - Timeout '0' is invalid. Using default page load timeout: '10'

2018-10-24 16:43:52 - [MESSAGE][PASSED] - Web element with id: 'Object Repository/Payments/Sundry accounts/External payment/STEP 2/Label_City' located by 'By.xpath: //label[@class = 'input__label' and (text() = 'City' or . = 'City')]' is not present after '10' second(s)

2018-10-24 16:43:52 - [TEST_STEP][PASSED] - verifyElementNotPresent: Web element with id: 'Object Repository/Payments/Sundry accounts/External payment/STEP 2/Input_City' located by 'By.xpath: //input[@type = 'text' and @class = 'input__input input_benCity']' is not present after '10' second(s)

2018-10-24 16:43:52 - [MESSAGE][WARNING] - Timeout '0' is invalid. Using default page load timeout: '10'

2018-10-24 16:43:52 - [MESSAGE][PASSED] - Web element with id: 'Object Repository/Payments/Sundry accounts/External payment/STEP 2/Input_City' located by 'By.xpath: //input[@type = 'text' and @class = 'input__input input_benCity']' is not present after '10' second(s)

2018-10-24 16:43:52 - [TEST_STEP][PASSED] - verifyElementNotPresent: Web element with id: 'Object Repository/Payments/Sundry accounts/External payment/STEP 2/Label_Post code' located by 'By.xpath: //label[@class = 'input__label' and (text() = 'Post code' or . = 'Post code')]' is not present after '10' second(s)

2018-10-24 16:43:52 - [MESSAGE][WARNING] - Timeout '0' is invalid. Using default page load timeout: '10'

2018-10-24 16:43:52 - [MESSAGE][PASSED] - Web element with id: 'Object Repository/Payments/Sundry accounts/External payment/STEP 2/Label_Post code' located by 'By.xpath: //label[@class = 'input__label' and (text() = 'Post code' or . = 'Post code')]' is not present after '10' second(s)

2018-10-24 16:43:52 - [TEST_STEP][PASSED] - verifyElementNotPresent: Web element with id: 'Object Repository/Payments/Sundry accounts/External payment/STEP 2/Input_Post code' located by 'By.xpath: //input[@type = 'text' and @class = 'input__input input_benPostcode']' is not present after '10' second(s)

2018-10-24 16:43:52 - [MESSAGE][WARNING] - Timeout '0' is invalid. Using default page load timeout: '10'

2018-10-24 16:43:52 - [MESSAGE][PASSED] - Web element with id: 'Object Repository/Payments/Sundry accounts/External payment/STEP 2/Input_Post code' located by 'By.xpath: //input[@type = 'text' and @class = 'input__input input_benPostcode']' is not present after '10' second(s)

2018-10-24 16:43:52 - [TEST_STEP][PASSED] - verifyElementNotPresent: Web element with id: 'Object Repository/Payments/Sundry accounts/External payment/STEP 2/Label_State  province' located by 'By.xpath: //label[@class = 'input__label' and (text() = 'State / province' or . = 'State / province')]' is not present after '10' second(s)

2018-10-24 16:43:52 - [MESSAGE][WARNING] - Timeout '0' is invalid. Using default page load timeout: '10'

2018-10-24 16:43:52 - [MESSAGE][PASSED] - Web element with id: 'Object Repository/Payments/Sundry accounts/External payment/STEP 2/Label_State  province' located by 'By.xpath: //label[@class = 'input__label' and (text() = 'State / province' or . = 'State / province')]' is not present after '10' second(s)

2018-10-24 16:43:52 - [TEST_STEP][PASSED] - verifyElementNotPresent: Web element with id: 'Object Repository/Payments/Sundry accounts/External payment/STEP 2/Input_State  province' located by 'By.xpath: //input[@type = 'text' and @class = 'input__input input_benState']' is not present after '10' second(s)

2018-10-24 16:43:52 - [MESSAGE][WARNING] - Timeout '0' is invalid. Using default page load timeout: '10'

2018-10-24 16:43:52 - [MESSAGE][PASSED] - Web element with id: 'Object Repository/Payments/Sundry accounts/External payment/STEP 2/Input_State  province' located by 'By.xpath: //input[@type = 'text' and @class = 'input__input input_benState']' is not present after '10' second(s)

2018-10-24 16:43:52 - [TEST_STEP][PASSED] - verifyElementNotPresent: Web element with id: 'Object Repository/Payments/Sundry accounts/External payment/STEP 2/Label_Country' located by 'By.xpath: //label[@class = 'select__label' and (text() = 'Country' or . = 'Country')]' is not present after '10' second(s)

2018-10-24 16:43:52 - [MESSAGE][WARNING] - Timeout '0' is invalid. Using default page load timeout: '10'

2018-10-24 16:43:52 - [MESSAGE][PASSED] - Web element with id: 'Object Repository/Payments/Sundry accounts/External payment/STEP 2/Label_Country' located by 'By.xpath: //label[@class = 'select__label' and (text() = 'Country' or . = 'Country')]' is not present after '10' second(s)

2018-10-24 16:43:52 - [TEST_STEP][PASSED] - verifyElementNotPresent: Web element with id: 'Object Repository/Payments/Sundry accounts/External payment/STEP 2/Select_Country' located by 'By.xpath: //select[@class = 'select__input select_benCountry']' is not present after '10' second(s)

2018-10-24 16:43:52 - [MESSAGE][WARNING] - Timeout '0' is invalid. Using default page load timeout: '10'

2018-10-24 16:43:52 - [MESSAGE][PASSED] - Web element with id: 'Object Repository/Payments/Sundry accounts/External payment/STEP 2/Select_Country' located by 'By.xpath: //select[@class = 'select__input select_benCountry']' is not present after '10' second(s)

2018-10-24 16:43:52 - [TEST_STEP][PASSED] - verifyElementVisible: Object 'Object Repository/Payments/Sundry accounts/External payment/STEP 2/Label_Remittance info' is visible

2018-10-24 16:43:52 - [MESSAGE][PASSED] - Object 'Object Repository/Payments/Sundry accounts/External payment/STEP 2/Label_Remittance info' is visible

2018-10-24 16:43:52 - [TEST_STEP][PASSED] - verifyElementVisible: Object 'Object Repository/Payments/Sundry accounts/External payment/STEP 2/Input_Remittance info' is visible

2018-10-24 16:43:52 - [MESSAGE][PASSED] - Object 'Object Repository/Payments/Sundry accounts/External payment/STEP 2/Input_Remittance info' is visible

2018-10-24 16:43:52 - [TEST_STEP][PASSED] - verifyElementVisible: Object 'Object Repository/Payments/Sundry accounts/External payment/STEP 2/Label_Operator note' is visible

2018-10-24 16:43:52 - [MESSAGE][PASSED] - Object 'Object Repository/Payments/Sundry accounts/External payment/STEP 2/Label_Operator note' is visible

2018-10-24 16:43:52 - [TEST_STEP][PASSED] - verifyElementVisible: Object 'Object Repository/Payments/Sundry accounts/External payment/STEP 2/Input_Operator note' is visible

2018-10-24 16:43:52 - [MESSAGE][PASSED] - Object 'Object Repository/Payments/Sundry accounts/External payment/STEP 2/Input_Operator note' is visible

2018-10-24 16:43:52 - [TEST_STEP][PASSED] - setText: Text 'Test Name' is set on object 'Object Repository/Payments/Sundry accounts/External payment/STEP 2/Input_Beneficiary name'

2018-10-24 16:43:53 - [MESSAGE][PASSED] - Text 'Test Name' is set on object 'Object Repository/Payments/Sundry accounts/External payment/STEP 2/Input_Beneficiary name'

2018-10-24 16:43:53 - [TEST_STEP][PASSED] - setText: Text 'REM info' is set on object 'Object Repository/Payments/Sundry accounts/External payment/STEP 2/Input_Remittance info'

2018-10-24 16:43:53 - [MESSAGE][PASSED] - Text 'REM info' is set on object 'Object Repository/Payments/Sundry accounts/External payment/STEP 2/Input_Remittance info'

2018-10-24 16:43:53 - [TEST_STEP][PASSED] - setText: Text 'OP note' is set on object 'Object Repository/Payments/Sundry accounts/External payment/STEP 2/Input_Operator note'

2018-10-24 16:43:53 - [MESSAGE][PASSED] - Text 'OP note' is set on object 'Object Repository/Payments/Sundry accounts/External payment/STEP 2/Input_Operator note'

2018-10-24 16:43:53 - [TEST_STEP][PASSED] - click: Object: 'Object Repository/Payments/Sundry accounts/External payment/STEP 2/Button_Done' is clicked on

2018-10-24 16:43:53 - [MESSAGE][PASSED] - Object: 'Object Repository/Payments/Sundry accounts/External payment/STEP 2/Button_Done' is clicked on

2018-10-24 16:43:53 - [TEST_STEP][PASSED] - click: Object: 'Object Repository/Payments/Sundry accounts/External payment/Approve order/Button_Approve order' is clicked on

2018-10-24 16:43:54 - [MESSAGE][PASSED] - Object: 'Object Repository/Payments/Sundry accounts/External payment/Approve order/Button_Approve order' is clicked on

2018-10-24 16:43:54 - [TEST_STEP][PASSED] - verifyElementVisible: Object 'Object Repository/Payments/Sundry accounts/External payment/Approve order/Label_Payment detail' is visible

2018-10-24 16:43:54 - [MESSAGE][PASSED] - Object 'Object Repository/Payments/Sundry accounts/External payment/Approve order/Label_Payment detail' is visible]]></system-out>
         <system-err><![CDATA[]]></system-err>
      </testcase>
      <testcase name="Test Cases/Payments/SmartPayment" classname="Test Cases/Payments/SmartPayment" status="FAILED">
         <failure type="FAILED" message="(Stack trace: com.kms.katalon.core.exception.StepFailedException: Unable to verify object 'Object Repository/Payments/Sundry accounts/External payment/STEP 2/Select_Country' is visible (Root cause: Web element with id: 'Object Repository/Payments/Sundry accounts/External payment/STEP 2/Select_Country' located by 'By.xpath: //select[@class = 'select__input select_benCountry']' not found)
	at com.kms.katalon.core.keyword.internal.KeywordMain.stepFailed(KeywordMain.groovy:36)
	at com.kms.katalon.core.webui.keyword.internal.WebUIKeywordMain.stepFailed(WebUIKeywordMain.groovy:65)
	at com.kms.katalon.core.webui.keyword.internal.WebUIKeywordMain.runKeyword(WebUIKeywordMain.groovy:27)
	at com.kms.katalon.core.webui.keyword.builtin.VerifyElementVisibleKeyword.verifyElementVisible(VerifyElementVisibleKeyword.groovy:97)
	at com.kms.katalon.core.webui.keyword.builtin.VerifyElementVisibleKeyword.execute(VerifyElementVisibleKeyword.groovy:67)
	at com.kms.katalon.core.keyword.internal.KeywordExecutor.executeKeywordForPlatform(KeywordExecutor.groovy:53)
	at com.kms.katalon.core.webui.keyword.WebUiBuiltInKeywords.verifyElementVisible(WebUiBuiltInKeywords.groovy:372)
	at com.kms.katalon.core.webui.keyword.WebUiBuiltInKeywords$verifyElementVisible$2.call(Unknown Source)
	at org.codehaus.groovy.runtime.callsite.CallSiteArray.defaultCall(CallSiteArray.java:48)
	at org.codehaus.groovy.runtime.callsite.AbstractCallSite.call(AbstractCallSite.java:113)
	at org.codehaus.groovy.runtime.callsite.AbstractCallSite.call(AbstractCallSite.java:125)
	at Script1539716134718.run(Script1539716134718.groovy:99)
	at com.kms.katalon.core.main.ScriptEngine.run(ScriptEngine.java:183)
	at com.kms.katalon.core.main.ScriptEngine.runScriptAsRawText(ScriptEngine.java:108)
	at com.kms.katalon.core.main.TestCaseExecutor.runScript(TestCaseExecutor.java:294)
	at com.kms.katalon.core.main.TestCaseExecutor.doExecute(TestCaseExecutor.java:285)
	at com.kms.katalon.core.main.TestCaseExecutor.processExecutionPhase(TestCaseExecutor.java:264)
	at com.kms.katalon.core.main.TestCaseExecutor.accessMainPhase(TestCaseExecutor.java:256)
	at com.kms.katalon.core.main.TestCaseExecutor.execute(TestCaseExecutor.java:200)
	at com.kms.katalon.core.main.TestSuiteExecutor.accessTestCaseMainPhase(TestSuiteExecutor.java:129)
	at com.kms.katalon.core.main.TestSuiteExecutor.accessTestSuiteMainPhase(TestSuiteExecutor.java:112)
	at com.kms.katalon.core.main.TestSuiteExecutor.execute(TestSuiteExecutor.java:81)
	at com.kms.katalon.core.main.TestCaseMain.startTestSuite(TestCaseMain.java:142)
	at com.kms.katalon.core.main.TestCaseMain$startTestSuite$0.call(Unknown Source)
	at org.codehaus.groovy.runtime.callsite.CallSiteArray.defaultCall(CallSiteArray.java:48)
	at org.codehaus.groovy.runtime.callsite.AbstractCallSite.call(AbstractCallSite.java:113)
	at org.codehaus.groovy.runtime.callsite.AbstractCallSite.call(AbstractCallSite.java:141)
	at TempTestSuite1540392190682.run(TempTestSuite1540392190682.groovy:36)
	at groovy.lang.GroovyShell.runScriptOrMainOrTestOrRunnable(GroovyShell.java:263)
	at groovy.lang.GroovyShell.run(GroovyShell.java:518)
	at groovy.lang.GroovyShell.run(GroovyShell.java:507)
	at groovy.ui.GroovyMain.processOnce(GroovyMain.java:653)
	at groovy.ui.GroovyMain.run(GroovyMain.java:384)
	at groovy.ui.GroovyMain.process(GroovyMain.java:370)
	at groovy.ui.GroovyMain.processArgs(GroovyMain.java:129)
	at groovy.ui.GroovyMain.main(GroovyMain.java:109)
	at sun.reflect.NativeMethodAccessorImpl.invoke0(Native Method)
	at sun.reflect.NativeMethodAccessorImpl.invoke(NativeMethodAccessorImpl.java:62)
	at sun.reflect.DelegatingMethodAccessorImpl.invoke(DelegatingMethodAccessorImpl.java:43)
	at java.lang.reflect.Method.invoke(Method.java:498)
	at org.codehaus.groovy.tools.GroovyStarter.rootLoader(GroovyStarter.java:109)
	at org.codehaus.groovy.tools.GroovyStarter.main(GroovyStarter.java:131)
)"/>
         <system-out><![CDATA[2018-10-24 16:43:54 - [TEST_CASE][FAILED] - Test Cases/Payments/SmartPayment: Test Cases/Payments/SmartPayment FAILED because (of) (Stack trace: com.kms.katalon.core.exception.StepFailedException: Unable to verify object 'Object Repository/Payments/Sundry accounts/External payment/STEP 2/Select_Country' is visible (Root cause: Web element with id: 'Object Repository/Payments/Sundry accounts/External payment/STEP 2/Select_Country' located by 'By.xpath: //select[@class = 'select__input select_benCountry']' not found)
	at com.kms.katalon.core.keyword.internal.KeywordMain.stepFailed(KeywordMain.groovy:36)
	at com.kms.katalon.core.webui.keyword.internal.WebUIKeywordMain.stepFailed(WebUIKeywordMain.groovy:65)
	at com.kms.katalon.core.webui.keyword.internal.WebUIKeywordMain.runKeyword(WebUIKeywordMain.groovy:27)
	at com.kms.katalon.core.webui.keyword.builtin.VerifyElementVisibleKeyword.verifyElementVisible(VerifyElementVisibleKeyword.groovy:97)
	at com.kms.katalon.core.webui.keyword.builtin.VerifyElementVisibleKeyword.execute(VerifyElementVisibleKeyword.groovy:67)
	at com.kms.katalon.core.keyword.internal.KeywordExecutor.executeKeywordForPlatform(KeywordExecutor.groovy:53)
	at com.kms.katalon.core.webui.keyword.WebUiBuiltInKeywords.verifyElementVisible(WebUiBuiltInKeywords.groovy:372)
	at com.kms.katalon.core.webui.keyword.WebUiBuiltInKeywords$verifyElementVisible$2.call(Unknown Source)
	at org.codehaus.groovy.runtime.callsite.CallSiteArray.defaultCall(CallSiteArray.java:48)
	at org.codehaus.groovy.runtime.callsite.AbstractCallSite.call(AbstractCallSite.java:113)
	at org.codehaus.groovy.runtime.callsite.AbstractCallSite.call(AbstractCallSite.java:125)
	at Script1539716134718.run(Script1539716134718.groovy:99)
	at com.kms.katalon.core.main.ScriptEngine.run(ScriptEngine.java:183)
	at com.kms.katalon.core.main.ScriptEngine.runScriptAsRawText(ScriptEngine.java:108)
	at com.kms.katalon.core.main.TestCaseExecutor.runScript(TestCaseExecutor.java:294)
	at com.kms.katalon.core.main.TestCaseExecutor.doExecute(TestCaseExecutor.java:285)
	at com.kms.katalon.core.main.TestCaseExecutor.processExecutionPhase(TestCaseExecutor.java:264)
	at com.kms.katalon.core.main.TestCaseExecutor.accessMainPhase(TestCaseExecutor.java:256)
	at com.kms.katalon.core.main.TestCaseExecutor.execute(TestCaseExecutor.java:200)
	at com.kms.katalon.core.main.TestSuiteExecutor.accessTestCaseMainPhase(TestSuiteExecutor.java:129)
	at com.kms.katalon.core.main.TestSuiteExecutor.accessTestSuiteMainPhase(TestSuiteExecutor.java:112)
	at com.kms.katalon.core.main.TestSuiteExecutor.execute(TestSuiteExecutor.java:81)
	at com.kms.katalon.core.main.TestCaseMain.startTestSuite(TestCaseMain.java:142)
	at com.kms.katalon.core.main.TestCaseMain$startTestSuite$0.call(Unknown Source)
	at org.codehaus.groovy.runtime.callsite.CallSiteArray.defaultCall(CallSiteArray.java:48)
	at org.codehaus.groovy.runtime.callsite.AbstractCallSite.call(AbstractCallSite.java:113)
	at org.codehaus.groovy.runtime.callsite.AbstractCallSite.call(AbstractCallSite.java:141)
	at TempTestSuite1540392190682.run(TempTestSuite1540392190682.groovy:36)
	at groovy.lang.GroovyShell.runScriptOrMainOrTestOrRunnable(GroovyShell.java:263)
	at groovy.lang.GroovyShell.run(GroovyShell.java:518)
	at groovy.lang.GroovyShell.run(GroovyShell.java:507)
	at groovy.ui.GroovyMain.processOnce(GroovyMain.java:653)
	at groovy.ui.GroovyMain.run(GroovyMain.java:384)
	at groovy.ui.GroovyMain.process(GroovyMain.java:370)
	at groovy.ui.GroovyMain.processArgs(GroovyMain.java:129)
	at groovy.ui.GroovyMain.main(GroovyMain.java:109)
	at sun.reflect.NativeMethodAccessorImpl.invoke0(Native Method)
	at sun.reflect.NativeMethodAccessorImpl.invoke(NativeMethodAccessorImpl.java:62)
	at sun.reflect.DelegatingMethodAccessorImpl.invoke(DelegatingMethodAccessorImpl.java:43)
	at java.lang.reflect.Method.invoke(Method.java:498)
	at org.codehaus.groovy.tools.GroovyStarter.rootLoader(GroovyStarter.java:109)
	at org.codehaus.groovy.tools.GroovyStarter.main(GroovyStarter.java:131)
)

2018-10-24 16:43:54 - [TEST_STEP][PASSED] - callTestCase: Call Test Case 'Test Cases/Payments/Create new sundry account' successfully

2018-10-24 16:43:54 - [TEST_CASE][PASSED] - Test Cases/Payments/Create new sundry account: Test Cases/Payments/Create new sundry account

2018-10-24 16:43:54 - [TEST_STEP][PASSED] - callTestCase: Call Test Case 'Test Cases/Login' successfully

2018-10-24 16:43:54 - [TEST_CASE][PASSED] - Test Cases/Login: Test Cases/Login

2018-10-24 16:43:54 - [TEST_STEP][PASSED] - openBrowser: Browser is opened with url: 'https://dvk.deltecdev.com/operator/'

2018-10-24 16:43:54 - [MESSAGE][WARNING] - A browser is already opened. Closing browser and opening a new one

2018-10-24 16:43:58 - [MESSAGE][PASSED] - Browser is opened with url: 'https://dvk.deltecdev.com/operator/'

2018-10-24 16:43:58 - [TEST_STEP][PASSED] - setText: Text 'john.doe@leveris.com' is set on object 'Object Repository/Login page/Input_Email'

2018-10-24 16:43:59 - [MESSAGE][PASSED] - Text 'john.doe@leveris.com' is set on object 'Object Repository/Login page/Input_Email'

2018-10-24 16:43:59 - [TEST_STEP][PASSED] - setText: Text 'Password1122' is set on object 'Object Repository/Login page/Input_Password'

2018-10-24 16:44:00 - [MESSAGE][PASSED] - Text 'Password1122' is set on object 'Object Repository/Login page/Input_Password'

2018-10-24 16:44:00 - [TEST_STEP][PASSED] - click: Object: 'Object Repository/Login page/Button_Log in' is clicked on

2018-10-24 16:44:00 - [MESSAGE][PASSED] - Object: 'Object Repository/Login page/Button_Log in' is clicked on

2018-10-24 16:44:00 - [TEST_STEP][PASSED] - verifyElementVisible: Object 'Object Repository/Home page/Label_Home' is visible

2018-10-24 16:44:01 - [MESSAGE][PASSED] - Object 'Object Repository/Home page/Label_Home' is visible

2018-10-24 16:44:01 - [MESSAGE][PASSED] - Call Test Case 'Test Cases/Login' successfully

2018-10-24 16:44:01 - [TEST_STEP][PASSED] - click: Object: 'Object Repository/Home page/Button_Home' is clicked on

2018-10-24 16:44:01 - [MESSAGE][PASSED] - Object: 'Object Repository/Home page/Button_Home' is clicked on

2018-10-24 16:44:01 - [TEST_STEP][PASSED] - click: Object: 'Object Repository/Home page/Dropdown_Payments' is clicked on

2018-10-24 16:44:02 - [MESSAGE][PASSED] - Object: 'Object Repository/Home page/Dropdown_Payments' is clicked on

2018-10-24 16:44:02 - [TEST_STEP][PASSED] - click: Object: 'Object Repository/Payments/Guidepost_Sundry accounts' is clicked on

2018-10-24 16:44:02 - [MESSAGE][PASSED] - Object: 'Object Repository/Payments/Guidepost_Sundry accounts' is clicked on

2018-10-24 16:44:02 - [TEST_STEP][PASSED] - click: Object: 'Object Repository/Payments/Sundry accounts/Button_Sundry accounts - Create new account' is clicked on

2018-10-24 16:44:02 - [MESSAGE][PASSED] - Object: 'Object Repository/Payments/Sundry accounts/Button_Sundry accounts - Create new account' is clicked on

2018-10-24 16:44:02 - [TEST_STEP][PASSED] - Statement - ts = java.lang.System.currentTimeMillis() / 1000: null

2018-10-24 16:44:02 - [TEST_STEP][PASSED] - Statement - tsAsString = ts.toString(): null

2018-10-24 16:44:02 - [TEST_STEP][PASSED] - setText: Text 'QAA test Katalon - 1540392242' is set on object 'Object Repository/Payments/Sundry accounts/Create new account/Input_Account name'

2018-10-24 16:44:03 - [MESSAGE][PASSED] - Text 'QAA test Katalon - 1540392242' is set on object 'Object Repository/Payments/Sundry accounts/Create new account/Input_Account name'

2018-10-24 16:44:03 - [TEST_STEP][PASSED] - Statement - AccountName = "QAA test Katalon - " + tsAsString: null

2018-10-24 16:44:03 - [TEST_STEP][PASSED] - selectOptionByValue: All options with value 'Liability' are selected in object 'Object Repository/Payments/Sundry accounts/Create new account/Select_Type (asset or liability account)' 

2018-10-24 16:44:04 - [MESSAGE][PASSED] - All options with value 'Liability' are selected in object 'Object Repository/Payments/Sundry accounts/Create new account/Select_Type (asset or liability account)' 

2018-10-24 16:44:04 - [TEST_STEP][PASSED] - click: Object: 'Object Repository/Payments/Sundry accounts/Create new account/Label_Check balance' is clicked on

2018-10-24 16:44:04 - [MESSAGE][PASSED] - Object: 'Object Repository/Payments/Sundry accounts/Create new account/Label_Check balance' is clicked on

2018-10-24 16:44:04 - [TEST_STEP][PASSED] - click: Object: 'Object Repository/Payments/Sundry accounts/Create new account/Button_Create new account' is clicked on

2018-10-24 16:44:04 - [MESSAGE][PASSED] - Object: 'Object Repository/Payments/Sundry accounts/Create new account/Button_Create new account' is clicked on

2018-10-24 16:44:04 - [TEST_STEP][PASSED] - verifyElementText: Actual text and expected text of test object 'Object Repository/Payments/Internal accounts/Value_Account status' are matched.

2018-10-24 16:44:04 - [MESSAGE][PASSED] - Actual text and expected text of test object 'Object Repository/Payments/Internal accounts/Value_Account status' are matched.

2018-10-24 16:44:04 - [TEST_STEP][PASSED] - verifyElementText: Actual text and expected text of test object 'Object Repository/Payments/Internal accounts/Value_Check balance' are matched.

2018-10-24 16:44:05 - [MESSAGE][PASSED] - Actual text and expected text of test object 'Object Repository/Payments/Internal accounts/Value_Check balance' are matched.

2018-10-24 16:44:05 - [TEST_STEP][PASSED] - verifyElementText: Actual text and expected text of test object 'Object Repository/Payments/Internal accounts/Value_Type (asset or liability account)' are matched.

2018-10-24 16:44:05 - [MESSAGE][PASSED] - Actual text and expected text of test object 'Object Repository/Payments/Internal accounts/Value_Type (asset or liability account)' are matched.

2018-10-24 16:44:05 - [MESSAGE][PASSED] - Call Test Case 'Test Cases/Payments/Create new sundry account' successfully

2018-10-24 16:44:05 - [TEST_STEP][PASSED] - click: Object: 'Object Repository/Payments/Internal accounts/Button_Actions' is clicked on

2018-10-24 16:44:05 - [MESSAGE][PASSED] - Object: 'Object Repository/Payments/Internal accounts/Button_Actions' is clicked on

2018-10-24 16:44:05 - [TEST_STEP][PASSED] - click: Object: 'Object Repository/Payments/Internal accounts/Button_External payment' is clicked on

2018-10-24 16:44:05 - [MESSAGE][PASSED] - Object: 'Object Repository/Payments/Internal accounts/Button_External payment' is clicked on

2018-10-24 16:44:05 - [TEST_STEP][PASSED] - setText: Text 'BG61CVZB28171229454214' is set on object 'Object Repository/Payments/Sundry accounts/External payment/Input_IBAN  Account number'

2018-10-24 16:44:06 - [MESSAGE][PASSED] - Text 'BG61CVZB28171229454214' is set on object 'Object Repository/Payments/Sundry accounts/External payment/Input_IBAN  Account number'

2018-10-24 16:44:06 - [TEST_STEP][PASSED] - setText: Text 'CITIBGSFXXX' is set on object 'Object Repository/Payments/Sundry accounts/External payment/Input_Bank code (BIC sort code or ABA)'

2018-10-24 16:44:06 - [MESSAGE][PASSED] - Text 'CITIBGSFXXX' is set on object 'Object Repository/Payments/Sundry accounts/External payment/Input_Bank code (BIC sort code or ABA)'

2018-10-24 16:44:06 - [TEST_STEP][PASSED] - setText: Text '2.03' is set on object 'Object Repository/Payments/Sundry accounts/External payment/Input_Amount and currency'

2018-10-24 16:44:07 - [MESSAGE][PASSED] - Text '2.03' is set on object 'Object Repository/Payments/Sundry accounts/External payment/Input_Amount and currency'

2018-10-24 16:44:07 - [TEST_STEP][PASSED] - delay: Delayed 1 second(s)

2018-10-24 16:44:08 - [MESSAGE][PASSED] - Delayed 1 second(s)

2018-10-24 16:44:08 - [TEST_STEP][PASSED] - click: Object: 'Object Repository/Payments/Sundry accounts/External payment/Button_Next step' is clicked on

2018-10-24 16:44:08 - [MESSAGE][PASSED] - Object: 'Object Repository/Payments/Sundry accounts/External payment/Button_Next step' is clicked on

2018-10-24 16:44:08 - [TEST_STEP][PASSED] - Statement - If (CountryStep1 == "Czech Republic"): null

2018-10-24 16:44:08 - [TEST_STEP][FAILED] - Statement - Else If (CountryStep1 == "Bulgaria"): Unable to verify object 'Object Repository/Payments/Sundry accounts/External payment/STEP 2/Select_Country' is visible (Root cause: Web element with id: 'Object Repository/Payments/Sundry accounts/External payment/STEP 2/Select_Country' located by 'By.xpath: //select[@class = 'select__input select_benCountry']' not found)

2018-10-24 16:44:08 - [TEST_STEP][PASSED] - waitForElementVisible: Object 'Object Repository/Payments/Sundry accounts/External payment/STEP 2/Input_Beneficiary name' is visible

2018-10-24 16:44:08 - [MESSAGE][PASSED] - Object 'Object Repository/Payments/Sundry accounts/External payment/STEP 2/Input_Beneficiary name' is visible

2018-10-24 16:44:08 - [TEST_STEP][PASSED] - verifyElementVisible: Object 'Object Repository/Payments/Sundry accounts/External payment/STEP 2/Label_Beneficiary name' is visible

2018-10-24 16:44:08 - [MESSAGE][PASSED] - Object 'Object Repository/Payments/Sundry accounts/External payment/STEP 2/Label_Beneficiary name' is visible

2018-10-24 16:44:08 - [TEST_STEP][PASSED] - verifyElementVisible: Object 'Object Repository/Payments/Sundry accounts/External payment/STEP 2/Label_Address of beneficiary' is visible

2018-10-24 16:44:08 - [MESSAGE][PASSED] - Object 'Object Repository/Payments/Sundry accounts/External payment/STEP 2/Label_Address of beneficiary' is visible

2018-10-24 16:44:08 - [TEST_STEP][PASSED] - verifyElementVisible: Object 'Object Repository/Payments/Sundry accounts/External payment/STEP 2/Input_Address of beneficiary' is visible

2018-10-24 16:44:08 - [MESSAGE][PASSED] - Object 'Object Repository/Payments/Sundry accounts/External payment/STEP 2/Input_Address of beneficiary' is visible

2018-10-24 16:44:08 - [TEST_STEP][PASSED] - verifyElementVisible: Object 'Object Repository/Payments/Sundry accounts/External payment/STEP 2/Label_City' is visible

2018-10-24 16:44:09 - [MESSAGE][PASSED] - Object 'Object Repository/Payments/Sundry accounts/External payment/STEP 2/Label_City' is visible

2018-10-24 16:44:09 - [TEST_STEP][PASSED] - verifyElementVisible: Object 'Object Repository/Payments/Sundry accounts/External payment/STEP 2/Input_City' is visible

2018-10-24 16:44:09 - [MESSAGE][PASSED] - Object 'Object Repository/Payments/Sundry accounts/External payment/STEP 2/Input_City' is visible

2018-10-24 16:44:09 - [TEST_STEP][PASSED] - verifyElementVisible: Object 'Object Repository/Payments/Sundry accounts/External payment/STEP 2/Label_Post code' is visible

2018-10-24 16:44:09 - [MESSAGE][PASSED] - Object 'Object Repository/Payments/Sundry accounts/External payment/STEP 2/Label_Post code' is visible

2018-10-24 16:44:09 - [TEST_STEP][PASSED] - verifyElementVisible: Object 'Object Repository/Payments/Sundry accounts/External payment/STEP 2/Input_Post code' is visible

2018-10-24 16:44:09 - [MESSAGE][PASSED] - Object 'Object Repository/Payments/Sundry accounts/External payment/STEP 2/Input_Post code' is visible

2018-10-24 16:44:09 - [TEST_STEP][PASSED] - verifyElementVisible: Object 'Object Repository/Payments/Sundry accounts/External payment/STEP 2/Label_State  province' is visible

2018-10-24 16:44:09 - [MESSAGE][PASSED] - Object 'Object Repository/Payments/Sundry accounts/External payment/STEP 2/Label_State  province' is visible

2018-10-24 16:44:09 - [TEST_STEP][PASSED] - verifyElementVisible: Object 'Object Repository/Payments/Sundry accounts/External payment/STEP 2/Input_State  province' is visible

2018-10-24 16:44:09 - [MESSAGE][PASSED] - Object 'Object Repository/Payments/Sundry accounts/External payment/STEP 2/Input_State  province' is visible

2018-10-24 16:44:09 - [TEST_STEP][PASSED] - verifyElementVisible: Object 'Object Repository/Payments/Sundry accounts/External payment/STEP 2/Label_Country' is visible

2018-10-24 16:44:09 - [MESSAGE][PASSED] - Object 'Object Repository/Payments/Sundry accounts/External payment/STEP 2/Label_Country' is visible

2018-10-24 16:44:09 - [TEST_STEP][FAILED] - verifyElementVisible: Unable to verify object 'Object Repository/Payments/Sundry accounts/External payment/STEP 2/Select_Country' is visible (Root cause: Web element with id: 'Object Repository/Payments/Sundry accounts/External payment/STEP 2/Select_Country' located by 'By.xpath: //select[@class = 'select__input select_benCountry']' not found)

2018-10-24 16:44:20 - [MESSAGE][FAILED] - Web element with id: 'Object Repository/Payments/Sundry accounts/External payment/STEP 2/Select_Country' located by 'By.xpath: //select[@class = 'select__input select_benCountry']' not found
[[ATTACHMENT|/Users/josefcihal/Katalon Studio/Leveris POC/Reports/Advanced/20181024_164300/1540392259878.png]]

2018-10-24 16:44:20 - [MESSAGE][FAILED] - Unable to verify object 'Object Repository/Payments/Sundry accounts/External payment/STEP 2/Select_Country' is visible (Root cause: Web element with id: 'Object Repository/Payments/Sundry accounts/External payment/STEP 2/Select_Country' located by 'By.xpath: //select[@class = 'select__input select_benCountry']' not found)
[[ATTACHMENT|/Users/josefcihal/Katalon Studio/Leveris POC/Reports/Advanced/20181024_164300/1540392260413.png]]]]></system-out>
         <system-err><![CDATA[2018-10-24 16:43:54 - [TEST_CASE][FAILED] - Test Cases/Payments/SmartPayment: Test Cases/Payments/SmartPayment FAILED because (of) (Stack trace: com.kms.katalon.core.exception.StepFailedException: Unable to verify object 'Object Repository/Payments/Sundry accounts/External payment/STEP 2/Select_Country' is visible (Root cause: Web element with id: 'Object Repository/Payments/Sundry accounts/External payment/STEP 2/Select_Country' located by 'By.xpath: //select[@class = 'select__input select_benCountry']' not found)
	at com.kms.katalon.core.keyword.internal.KeywordMain.stepFailed(KeywordMain.groovy:36)
	at com.kms.katalon.core.webui.keyword.internal.WebUIKeywordMain.stepFailed(WebUIKeywordMain.groovy:65)
	at com.kms.katalon.core.webui.keyword.internal.WebUIKeywordMain.runKeyword(WebUIKeywordMain.groovy:27)
	at com.kms.katalon.core.webui.keyword.builtin.VerifyElementVisibleKeyword.verifyElementVisible(VerifyElementVisibleKeyword.groovy:97)
	at com.kms.katalon.core.webui.keyword.builtin.VerifyElementVisibleKeyword.execute(VerifyElementVisibleKeyword.groovy:67)
	at com.kms.katalon.core.keyword.internal.KeywordExecutor.executeKeywordForPlatform(KeywordExecutor.groovy:53)
	at com.kms.katalon.core.webui.keyword.WebUiBuiltInKeywords.verifyElementVisible(WebUiBuiltInKeywords.groovy:372)
	at com.kms.katalon.core.webui.keyword.WebUiBuiltInKeywords$verifyElementVisible$2.call(Unknown Source)
	at org.codehaus.groovy.runtime.callsite.CallSiteArray.defaultCall(CallSiteArray.java:48)
	at org.codehaus.groovy.runtime.callsite.AbstractCallSite.call(AbstractCallSite.java:113)
	at org.codehaus.groovy.runtime.callsite.AbstractCallSite.call(AbstractCallSite.java:125)
	at Script1539716134718.run(Script1539716134718.groovy:99)
	at com.kms.katalon.core.main.ScriptEngine.run(ScriptEngine.java:183)
	at com.kms.katalon.core.main.ScriptEngine.runScriptAsRawText(ScriptEngine.java:108)
	at com.kms.katalon.core.main.TestCaseExecutor.runScript(TestCaseExecutor.java:294)
	at com.kms.katalon.core.main.TestCaseExecutor.doExecute(TestCaseExecutor.java:285)
	at com.kms.katalon.core.main.TestCaseExecutor.processExecutionPhase(TestCaseExecutor.java:264)
	at com.kms.katalon.core.main.TestCaseExecutor.accessMainPhase(TestCaseExecutor.java:256)
	at com.kms.katalon.core.main.TestCaseExecutor.execute(TestCaseExecutor.java:200)
	at com.kms.katalon.core.main.TestSuiteExecutor.accessTestCaseMainPhase(TestSuiteExecutor.java:129)
	at com.kms.katalon.core.main.TestSuiteExecutor.accessTestSuiteMainPhase(TestSuiteExecutor.java:112)
	at com.kms.katalon.core.main.TestSuiteExecutor.execute(TestSuiteExecutor.java:81)
	at com.kms.katalon.core.main.TestCaseMain.startTestSuite(TestCaseMain.java:142)
	at com.kms.katalon.core.main.TestCaseMain$startTestSuite$0.call(Unknown Source)
	at org.codehaus.groovy.runtime.callsite.CallSiteArray.defaultCall(CallSiteArray.java:48)
	at org.codehaus.groovy.runtime.callsite.AbstractCallSite.call(AbstractCallSite.java:113)
	at org.codehaus.groovy.runtime.callsite.AbstractCallSite.call(AbstractCallSite.java:141)
	at TempTestSuite1540392190682.run(TempTestSuite1540392190682.groovy:36)
	at groovy.lang.GroovyShell.runScriptOrMainOrTestOrRunnable(GroovyShell.java:263)
	at groovy.lang.GroovyShell.run(GroovyShell.java:518)
	at groovy.lang.GroovyShell.run(GroovyShell.java:507)
	at groovy.ui.GroovyMain.processOnce(GroovyMain.java:653)
	at groovy.ui.GroovyMain.run(GroovyMain.java:384)
	at groovy.ui.GroovyMain.process(GroovyMain.java:370)
	at groovy.ui.GroovyMain.processArgs(GroovyMain.java:129)
	at groovy.ui.GroovyMain.main(GroovyMain.java:109)
	at sun.reflect.NativeMethodAccessorImpl.invoke0(Native Method)
	at sun.reflect.NativeMethodAccessorImpl.invoke(NativeMethodAccessorImpl.java:62)
	at sun.reflect.DelegatingMethodAccessorImpl.invoke(DelegatingMethodAccessorImpl.java:43)
	at java.lang.reflect.Method.invoke(Method.java:498)
	at org.codehaus.groovy.tools.GroovyStarter.rootLoader(GroovyStarter.java:109)
	at org.codehaus.groovy.tools.GroovyStarter.main(GroovyStarter.java:131)
)]]></system-err>
      </testcase>
      <system-out><![CDATA[2018-10-24 16:43:15 - [TEST_SUITE][FAILED] - Advanced: Test Cases/Payments/SmartPayment FAILED because (of) (Stack trace: com.kms.katalon.core.exception.StepFailedException: Unable to verify object 'Object Repository/Payments/Sundry accounts/External payment/STEP 2/Select_Country' is visible (Root cause: Web element with id: 'Object Repository/Payments/Sundry accounts/External payment/STEP 2/Select_Country' located by 'By.xpath: //select[@class = 'select__input select_benCountry']' not found)
	at com.kms.katalon.core.keyword.internal.KeywordMain.stepFailed(KeywordMain.groovy:36)
	at com.kms.katalon.core.webui.keyword.internal.WebUIKeywordMain.stepFailed(WebUIKeywordMain.groovy:65)
	at com.kms.katalon.core.webui.keyword.internal.WebUIKeywordMain.runKeyword(WebUIKeywordMain.groovy:27)
	at com.kms.katalon.core.webui.keyword.builtin.VerifyElementVisibleKeyword.verifyElementVisible(VerifyElementVisibleKeyword.groovy:97)
	at com.kms.katalon.core.webui.keyword.builtin.VerifyElementVisibleKeyword.execute(VerifyElementVisibleKeyword.groovy:67)
	at com.kms.katalon.core.keyword.internal.KeywordExecutor.executeKeywordForPlatform(KeywordExecutor.groovy:53)
	at com.kms.katalon.core.webui.keyword.WebUiBuiltInKeywords.verifyElementVisible(WebUiBuiltInKeywords.groovy:372)
	at com.kms.katalon.core.webui.keyword.WebUiBuiltInKeywords$verifyElementVisible$2.call(Unknown Source)
	at org.codehaus.groovy.runtime.callsite.CallSiteArray.defaultCall(CallSiteArray.java:48)
	at org.codehaus.groovy.runtime.callsite.AbstractCallSite.call(AbstractCallSite.java:113)
	at org.codehaus.groovy.runtime.callsite.AbstractCallSite.call(AbstractCallSite.java:125)
	at Script1539716134718.run(Script1539716134718.groovy:99)
	at com.kms.katalon.core.main.ScriptEngine.run(ScriptEngine.java:183)
	at com.kms.katalon.core.main.ScriptEngine.runScriptAsRawText(ScriptEngine.java:108)
	at com.kms.katalon.core.main.TestCaseExecutor.runScript(TestCaseExecutor.java:294)
	at com.kms.katalon.core.main.TestCaseExecutor.doExecute(TestCaseExecutor.java:285)
	at com.kms.katalon.core.main.TestCaseExecutor.processExecutionPhase(TestCaseExecutor.java:264)
	at com.kms.katalon.core.main.TestCaseExecutor.accessMainPhase(TestCaseExecutor.java:256)
	at com.kms.katalon.core.main.TestCaseExecutor.execute(TestCaseExecutor.java:200)
	at com.kms.katalon.core.main.TestSuiteExecutor.accessTestCaseMainPhase(TestSuiteExecutor.java:129)
	at com.kms.katalon.core.main.TestSuiteExecutor.accessTestSuiteMainPhase(TestSuiteExecutor.java:112)
	at com.kms.katalon.core.main.TestSuiteExecutor.execute(TestSuiteExecutor.java:81)
	at com.kms.katalon.core.main.TestCaseMain.startTestSuite(TestCaseMain.java:142)
	at com.kms.katalon.core.main.TestCaseMain$startTestSuite$0.call(Unknown Source)
	at org.codehaus.groovy.runtime.callsite.CallSiteArray.defaultCall(CallSiteArray.java:48)
	at org.codehaus.groovy.runtime.callsite.AbstractCallSite.call(AbstractCallSite.java:113)
	at org.codehaus.groovy.runtime.callsite.AbstractCallSite.call(AbstractCallSite.java:141)
	at TempTestSuite1540392190682.run(TempTestSuite1540392190682.groovy:36)
	at groovy.lang.GroovyShell.runScriptOrMainOrTestOrRunnable(GroovyShell.java:263)
	at groovy.lang.GroovyShell.run(GroovyShell.java:518)
	at groovy.lang.GroovyShell.run(GroovyShell.java:507)
	at groovy.ui.GroovyMain.processOnce(GroovyMain.java:653)
	at groovy.ui.GroovyMain.run(GroovyMain.java:384)
	at groovy.ui.GroovyMain.process(GroovyMain.java:370)
	at groovy.ui.GroovyMain.processArgs(GroovyMain.java:129)
	at groovy.ui.GroovyMain.main(GroovyMain.java:109)
	at sun.reflect.NativeMethodAccessorImpl.invoke0(Native Method)
	at sun.reflect.NativeMethodAccessorImpl.invoke(NativeMethodAccessorImpl.java:62)
	at sun.reflect.DelegatingMethodAccessorImpl.invoke(DelegatingMethodAccessorImpl.java:43)
	at java.lang.reflect.Method.invoke(Method.java:498)
	at org.codehaus.groovy.tools.GroovyStarter.rootLoader(GroovyStarter.java:109)
	at org.codehaus.groovy.tools.GroovyStarter.main(GroovyStarter.java:131)
)]]></system-out>
      <system-err><![CDATA[2018-10-24 16:43:15 - [TEST_SUITE][FAILED] - Advanced: Test Cases/Payments/SmartPayment FAILED because (of) (Stack trace: com.kms.katalon.core.exception.StepFailedException: Unable to verify object 'Object Repository/Payments/Sundry accounts/External payment/STEP 2/Select_Country' is visible (Root cause: Web element with id: 'Object Repository/Payments/Sundry accounts/External payment/STEP 2/Select_Country' located by 'By.xpath: //select[@class = 'select__input select_benCountry']' not found)
	at com.kms.katalon.core.keyword.internal.KeywordMain.stepFailed(KeywordMain.groovy:36)
	at com.kms.katalon.core.webui.keyword.internal.WebUIKeywordMain.stepFailed(WebUIKeywordMain.groovy:65)
	at com.kms.katalon.core.webui.keyword.internal.WebUIKeywordMain.runKeyword(WebUIKeywordMain.groovy:27)
	at com.kms.katalon.core.webui.keyword.builtin.VerifyElementVisibleKeyword.verifyElementVisible(VerifyElementVisibleKeyword.groovy:97)
	at com.kms.katalon.core.webui.keyword.builtin.VerifyElementVisibleKeyword.execute(VerifyElementVisibleKeyword.groovy:67)
	at com.kms.katalon.core.keyword.internal.KeywordExecutor.executeKeywordForPlatform(KeywordExecutor.groovy:53)
	at com.kms.katalon.core.webui.keyword.WebUiBuiltInKeywords.verifyElementVisible(WebUiBuiltInKeywords.groovy:372)
	at com.kms.katalon.core.webui.keyword.WebUiBuiltInKeywords$verifyElementVisible$2.call(Unknown Source)
	at org.codehaus.groovy.runtime.callsite.CallSiteArray.defaultCall(CallSiteArray.java:48)
	at org.codehaus.groovy.runtime.callsite.AbstractCallSite.call(AbstractCallSite.java:113)
	at org.codehaus.groovy.runtime.callsite.AbstractCallSite.call(AbstractCallSite.java:125)
	at Script1539716134718.run(Script1539716134718.groovy:99)
	at com.kms.katalon.core.main.ScriptEngine.run(ScriptEngine.java:183)
	at com.kms.katalon.core.main.ScriptEngine.runScriptAsRawText(ScriptEngine.java:108)
	at com.kms.katalon.core.main.TestCaseExecutor.runScript(TestCaseExecutor.java:294)
	at com.kms.katalon.core.main.TestCaseExecutor.doExecute(TestCaseExecutor.java:285)
	at com.kms.katalon.core.main.TestCaseExecutor.processExecutionPhase(TestCaseExecutor.java:264)
	at com.kms.katalon.core.main.TestCaseExecutor.accessMainPhase(TestCaseExecutor.java:256)
	at com.kms.katalon.core.main.TestCaseExecutor.execute(TestCaseExecutor.java:200)
	at com.kms.katalon.core.main.TestSuiteExecutor.accessTestCaseMainPhase(TestSuiteExecutor.java:129)
	at com.kms.katalon.core.main.TestSuiteExecutor.accessTestSuiteMainPhase(TestSuiteExecutor.java:112)
	at com.kms.katalon.core.main.TestSuiteExecutor.execute(TestSuiteExecutor.java:81)
	at com.kms.katalon.core.main.TestCaseMain.startTestSuite(TestCaseMain.java:142)
	at com.kms.katalon.core.main.TestCaseMain$startTestSuite$0.call(Unknown Source)
	at org.codehaus.groovy.runtime.callsite.CallSiteArray.defaultCall(CallSiteArray.java:48)
	at org.codehaus.groovy.runtime.callsite.AbstractCallSite.call(AbstractCallSite.java:113)
	at org.codehaus.groovy.runtime.callsite.AbstractCallSite.call(AbstractCallSite.java:141)
	at TempTestSuite1540392190682.run(TempTestSuite1540392190682.groovy:36)
	at groovy.lang.GroovyShell.runScriptOrMainOrTestOrRunnable(GroovyShell.java:263)
	at groovy.lang.GroovyShell.run(GroovyShell.java:518)
	at groovy.lang.GroovyShell.run(GroovyShell.java:507)
	at groovy.ui.GroovyMain.processOnce(GroovyMain.java:653)
	at groovy.ui.GroovyMain.run(GroovyMain.java:384)
	at groovy.ui.GroovyMain.process(GroovyMain.java:370)
	at groovy.ui.GroovyMain.processArgs(GroovyMain.java:129)
	at groovy.ui.GroovyMain.main(GroovyMain.java:109)
	at sun.reflect.NativeMethodAccessorImpl.invoke0(Native Method)
	at sun.reflect.NativeMethodAccessorImpl.invoke(NativeMethodAccessorImpl.java:62)
	at sun.reflect.DelegatingMethodAccessorImpl.invoke(DelegatingMethodAccessorImpl.java:43)
	at java.lang.reflect.Method.invoke(Method.java:498)
	at org.codehaus.groovy.tools.GroovyStarter.rootLoader(GroovyStarter.java:109)
	at org.codehaus.groovy.tools.GroovyStarter.main(GroovyStarter.java:131)
)]]></system-err>
   </testsuite>
</testsuites>
