<?xml version="1.0" encoding="UTF-8"?>
<testsuites name="Advanced" time="147" tests="4" failures="3" errors="0">
   <testsuite name="Advanced" tests="4" failures="3" errors="0" time="147" timestamp="2018-11-13 10:28:27" hostname="josefcihal - 192.168.0.105" id="Test Suites/Advanced">
      <properties>
         <property name="deviceName" value=""/>
         <property name="devicePlatform" value=""/>
         <property name="logFolder" value="/Users/josefcihal/GIT/katalon-git-try-local/katalon-git-try/Reports/Advanced/20181113_102754"/>
         <property name="logFiles" value="/Users/josefcihal/GIT/katalon-git-try-local/katalon-git-try/Reports/Advanced/20181113_102754/execution0.log"/>
         <property name="attachments" value="/Users/josefcihal/GIT/katalon-git-try-local/katalon-git-try/Reports/Advanced/20181113_102754/1542101380372.png, /Users/josefcihal/GIT/katalon-git-try-local/katalon-git-try/Reports/Advanced/20181113_102754/1542101381467.png, /Users/josefcihal/GIT/katalon-git-try-local/katalon-git-try/Reports/Advanced/20181113_102754/1542101418050.png, /Users/josefcihal/GIT/katalon-git-try-local/katalon-git-try/Reports/Advanced/20181113_102754/1542101418559.png, /Users/josefcihal/GIT/katalon-git-try-local/katalon-git-try/Reports/Advanced/20181113_102754/1542101453762.png, /Users/josefcihal/GIT/katalon-git-try-local/katalon-git-try/Reports/Advanced/20181113_102754/1542101454262.png"/>
         <property name="hostName" value="josefcihal - 192.168.0.105"/>
         <property name="os" value="Mac OS X 64bit"/>
         <property name="katalonVersion" value="5.8.6.1"/>
         <property name="browser" value="Chrome 70.0.3538.77"/>
         <property name="hostAddress" value="192.168.0.105"/>
         <property name="sessionId" value="2aac182aa2db14bccfe2dec68aabd9cd"/>
         <property name="seleniumVersion" value="3.7.1"/>
         <property name="proxyInformation" value="ProxyInformation{proxyOption=NO_PROXY, proxyServerType=HTTP, password=, proxyServerAddress=, proxyServerPort=0}"/>
         <property name="platform" value="Mac OS X"/>
      </properties>
      <testcase name="Test Cases/Home page check" classname="Test Cases/Home page check" status="PASSED">
         <system-out><![CDATA[2018-11-13 10:28:27 - [TEST_CASE][PASSED] - Test Cases/Home page check: Test Cases/Home page check

2018-11-13 10:28:28 - [TEST_STEP][PASSED] - callTestCase: Call Test Case 'Test Cases/Login' successfully

2018-11-13 10:28:28 - [TEST_CASE][PASSED] - Test Cases/Login: Test Cases/Login

2018-11-13 10:28:28 - [TEST_STEP][PASSED] - openBrowser: Browser is opened with url: 'https://dvk.deltecdev.com/operator/'

2018-11-13 10:28:35 - [MESSAGE][PASSED] - Browser is opened with url: 'https://dvk.deltecdev.com/operator/'

2018-11-13 10:28:35 - [TEST_STEP][PASSED] - setText: Text 'john.doe@leveris.com' is set on object 'Object Repository/Login page/Input_Email'

2018-11-13 10:28:37 - [MESSAGE][PASSED] - Text 'john.doe@leveris.com' is set on object 'Object Repository/Login page/Input_Email'

2018-11-13 10:28:37 - [TEST_STEP][PASSED] - setText: Text 'Password1122' is set on object 'Object Repository/Login page/Input_Password'

2018-11-13 10:28:37 - [MESSAGE][PASSED] - Text 'Password1122' is set on object 'Object Repository/Login page/Input_Password'

2018-11-13 10:28:37 - [TEST_STEP][PASSED] - click: Object: 'Object Repository/Login page/Button_Log in' is clicked on

2018-11-13 10:28:38 - [MESSAGE][PASSED] - Object: 'Object Repository/Login page/Button_Log in' is clicked on

2018-11-13 10:28:38 - [TEST_STEP][PASSED] - verifyElementVisible: Object 'Object Repository/Home page/Label_Home' is visible

2018-11-13 10:28:39 - [MESSAGE][PASSED] - Object 'Object Repository/Home page/Label_Home' is visible

2018-11-13 10:28:39 - [MESSAGE][PASSED] - Call Test Case 'Test Cases/Login' successfully

2018-11-13 10:28:39 - [TEST_STEP][PASSED] - verifyElementVisible: Object 'Object Repository/Home page/Picture_LeverisHome' is visible

2018-11-13 10:28:39 - [MESSAGE][PASSED] - Object 'Object Repository/Home page/Picture_LeverisHome' is visible

2018-11-13 10:28:39 - [TEST_STEP][PASSED] - verifyElementVisible: Object 'Object Repository/Home page/Label_Home' is visible

2018-11-13 10:28:39 - [MESSAGE][PASSED] - Object 'Object Repository/Home page/Label_Home' is visible

2018-11-13 10:28:39 - [TEST_STEP][PASSED] - verifyElementVisible: Object 'Object Repository/Home page/Label_TodayIs' is visible

2018-11-13 10:28:39 - [MESSAGE][PASSED] - Object 'Object Repository/Home page/Label_TodayIs' is visible

2018-11-13 10:28:39 - [TEST_STEP][PASSED] - verifyElementVisible: Object 'Object Repository/Home page/Widget_Calendar' is visible

2018-11-13 10:28:39 - [MESSAGE][PASSED] - Object 'Object Repository/Home page/Widget_Calendar' is visible

2018-11-13 10:28:39 - [TEST_STEP][PASSED] - verifyElementVisible: Object 'Object Repository/Home page/Button_Tasks' is visible

2018-11-13 10:28:39 - [MESSAGE][PASSED] - Object 'Object Repository/Home page/Button_Tasks' is visible

2018-11-13 10:28:39 - [TEST_STEP][PASSED] - verifyElementVisible: Object 'Object Repository/Home page/Dropdown_Operator' is visible

2018-11-13 10:28:39 - [MESSAGE][PASSED] - Object 'Object Repository/Home page/Dropdown_Operator' is visible

2018-11-13 10:28:39 - [TEST_STEP][PASSED] - click: Object: 'Object Repository/Home page/Button_Home' is clicked on

2018-11-13 10:28:39 - [MESSAGE][PASSED] - Object: 'Object Repository/Home page/Button_Home' is clicked on

2018-11-13 10:28:39 - [TEST_STEP][PASSED] - verifyElementVisible: Object 'Object Repository/Home page/Drawdown_Home' is visible

2018-11-13 10:28:39 - [MESSAGE][PASSED] - Object 'Object Repository/Home page/Drawdown_Home' is visible

2018-11-13 10:28:39 - [TEST_STEP][PASSED] - verifyElementVisible: Object 'Object Repository/Home page/Dropdown_Deposits' is visible

2018-11-13 10:28:40 - [MESSAGE][PASSED] - Object 'Object Repository/Home page/Dropdown_Deposits' is visible

2018-11-13 10:28:40 - [TEST_STEP][PASSED] - verifyElementVisible: Object 'Object Repository/Home page/Dropdown_SVC' is visible

2018-11-13 10:28:40 - [MESSAGE][PASSED] - Object 'Object Repository/Home page/Dropdown_SVC' is visible

2018-11-13 10:28:40 - [TEST_STEP][PASSED] - verifyElementVisible: Object 'Object Repository/Home page/Dropdown_Onboarding' is visible

2018-11-13 10:28:40 - [MESSAGE][PASSED] - Object 'Object Repository/Home page/Dropdown_Onboarding' is visible

2018-11-13 10:28:40 - [TEST_STEP][PASSED] - verifyElementVisible: Object 'Object Repository/Home page/Dropdown_Operator' is visible

2018-11-13 10:28:40 - [MESSAGE][PASSED] - Object 'Object Repository/Home page/Dropdown_Operator' is visible

2018-11-13 10:28:40 - [TEST_STEP][PASSED] - verifyElementVisible: Object 'Object Repository/Home page/Dropdown_Payments' is visible

2018-11-13 10:28:40 - [MESSAGE][PASSED] - Object 'Object Repository/Home page/Dropdown_Payments' is visible

2018-11-13 10:28:40 - [TEST_STEP][PASSED] - verifyElementVisible: Object 'Object Repository/Home page/Dropdown_Administration' is visible

2018-11-13 10:28:40 - [MESSAGE][PASSED] - Object 'Object Repository/Home page/Dropdown_Administration' is visible

2018-11-13 10:28:40 - [TEST_STEP][PASSED] - verifyElementVisible: Object 'Object Repository/Home page/Dropdown_Tasks' is visible

2018-11-13 10:28:40 - [MESSAGE][PASSED] - Object 'Object Repository/Home page/Dropdown_Tasks' is visible

2018-11-13 10:28:40 - [TEST_STEP][PASSED] - verifyElementVisible: Object 'Object Repository/Home page/Dropdown_Cards' is visible

2018-11-13 10:28:40 - [MESSAGE][PASSED] - Object 'Object Repository/Home page/Dropdown_Cards' is visible

2018-11-13 10:28:40 - [TEST_STEP][PASSED] - closeBrowser: Browser is closed

2018-11-13 10:28:40 - [MESSAGE][PASSED] - Browser is closed]]></system-out>
         <system-err><![CDATA[]]></system-err>
      </testcase>
      <testcase name="Test Cases/Login page check" classname="Test Cases/Login page check" status="PASSED">
         <system-out><![CDATA[2018-11-13 10:28:40 - [TEST_CASE][PASSED] - Test Cases/Login page check: Test Cases/Login page check

2018-11-13 10:28:41 - [TEST_STEP][PASSED] - openBrowser: Browser is opened with url: 'https://dvk.deltecdev.com/operator/'

2018-11-13 10:28:45 - [MESSAGE][PASSED] - Browser is opened with url: 'https://dvk.deltecdev.com/operator/'

2018-11-13 10:28:45 - [TEST_STEP][PASSED] - maximizeWindow: Current window maximized

2018-11-13 10:28:45 - [MESSAGE][PASSED] - Current window maximized

2018-11-13 10:28:45 - [TEST_STEP][PASSED] - verifyElementVisible: Object 'Object Repository/Login page/Logo_Leveris' is visible

2018-11-13 10:28:46 - [MESSAGE][PASSED] - Object 'Object Repository/Login page/Logo_Leveris' is visible

2018-11-13 10:28:46 - [TEST_STEP][PASSED] - verifyElementVisible: Object 'Object Repository/Login page/Label_Login' is visible

2018-11-13 10:28:46 - [MESSAGE][PASSED] - Object 'Object Repository/Login page/Label_Login' is visible

2018-11-13 10:28:46 - [TEST_STEP][PASSED] - verifyElementVisible: Object 'Object Repository/Login page/Label_Email' is visible

2018-11-13 10:28:46 - [MESSAGE][PASSED] - Object 'Object Repository/Login page/Label_Email' is visible

2018-11-13 10:28:46 - [TEST_STEP][PASSED] - verifyElementVisible: Object 'Object Repository/Login page/Input_Email' is visible

2018-11-13 10:28:46 - [MESSAGE][PASSED] - Object 'Object Repository/Login page/Input_Email' is visible

2018-11-13 10:28:46 - [TEST_STEP][PASSED] - verifyElementVisible: Object 'Object Repository/Login page/Label_Password' is visible

2018-11-13 10:28:46 - [MESSAGE][PASSED] - Object 'Object Repository/Login page/Label_Password' is visible

2018-11-13 10:28:46 - [TEST_STEP][PASSED] - verifyElementVisible: Object 'Object Repository/Login page/Input_Password' is visible

2018-11-13 10:28:46 - [MESSAGE][PASSED] - Object 'Object Repository/Login page/Input_Password' is visible

2018-11-13 10:28:46 - [TEST_STEP][PASSED] - verifyElementVisible: Object 'Object Repository/Login page/Picture_PasswordVisible' is visible

2018-11-13 10:28:46 - [MESSAGE][PASSED] - Object 'Object Repository/Login page/Picture_PasswordVisible' is visible

2018-11-13 10:28:46 - [TEST_STEP][PASSED] - verifyElementVisible: Object 'Object Repository/Login page/Button_Forgotten password' is visible

2018-11-13 10:28:46 - [MESSAGE][PASSED] - Object 'Object Repository/Login page/Button_Forgotten password' is visible

2018-11-13 10:28:46 - [TEST_STEP][PASSED] - verifyElementVisible: Object 'Object Repository/Login page/Button_Log in' is visible

2018-11-13 10:28:46 - [MESSAGE][PASSED] - Object 'Object Repository/Login page/Button_Log in' is visible

2018-11-13 10:28:46 - [TEST_STEP][PASSED] - closeBrowser: Browser is closed

2018-11-13 10:28:46 - [MESSAGE][PASSED] - Browser is closed]]></system-out>
         <system-err><![CDATA[]]></system-err>
      </testcase>
      <testcase name="Test Cases/Payments/Dashboard check" classname="Test Cases/Payments/Dashboard check" status="PASSED">
         <system-out><![CDATA[2018-11-13 10:28:46 - [TEST_CASE][PASSED] - Test Cases/Payments/Dashboard check: Test Cases/Payments/Dashboard check

2018-11-13 10:28:47 - [TEST_STEP][PASSED] - callTestCase: Call Test Case 'Test Cases/Login' successfully

2018-11-13 10:28:47 - [TEST_CASE][PASSED] - Test Cases/Login: Test Cases/Login

2018-11-13 10:28:47 - [TEST_STEP][PASSED] - openBrowser: Browser is opened with url: 'https://dvk.deltecdev.com/operator/'

2018-11-13 10:28:50 - [MESSAGE][PASSED] - Browser is opened with url: 'https://dvk.deltecdev.com/operator/'

2018-11-13 10:28:50 - [TEST_STEP][PASSED] - setText: Text 'john.doe@leveris.com' is set on object 'Object Repository/Login page/Input_Email'

2018-11-13 10:28:52 - [MESSAGE][PASSED] - Text 'john.doe@leveris.com' is set on object 'Object Repository/Login page/Input_Email'

2018-11-13 10:28:52 - [TEST_STEP][PASSED] - setText: Text 'Password1122' is set on object 'Object Repository/Login page/Input_Password'

2018-11-13 10:28:52 - [MESSAGE][PASSED] - Text 'Password1122' is set on object 'Object Repository/Login page/Input_Password'

2018-11-13 10:28:52 - [TEST_STEP][PASSED] - click: Object: 'Object Repository/Login page/Button_Log in' is clicked on

2018-11-13 10:28:52 - [MESSAGE][PASSED] - Object: 'Object Repository/Login page/Button_Log in' is clicked on

2018-11-13 10:28:52 - [TEST_STEP][PASSED] - verifyElementVisible: Object 'Object Repository/Home page/Label_Home' is visible

2018-11-13 10:28:53 - [MESSAGE][PASSED] - Object 'Object Repository/Home page/Label_Home' is visible

2018-11-13 10:28:53 - [MESSAGE][PASSED] - Call Test Case 'Test Cases/Login' successfully

2018-11-13 10:28:53 - [TEST_STEP][PASSED] - click: Object: 'Object Repository/Home page/Button_Home' is clicked on

2018-11-13 10:28:53 - [MESSAGE][PASSED] - Object: 'Object Repository/Home page/Button_Home' is clicked on

2018-11-13 10:28:53 - [TEST_STEP][PASSED] - click: Object: 'Object Repository/Home page/Dropdown_Payments' is clicked on

2018-11-13 10:28:53 - [MESSAGE][PASSED] - Object: 'Object Repository/Home page/Dropdown_Payments' is clicked on

2018-11-13 10:28:53 - [TEST_STEP][PASSED] - verifyElementVisible: Object 'Object Repository/Payments/Guidepost_Credit Transfer' is visible

2018-11-13 10:28:53 - [MESSAGE][PASSED] - Object 'Object Repository/Payments/Guidepost_Credit Transfer' is visible

2018-11-13 10:28:53 - [TEST_STEP][PASSED] - verifyElementVisible: Object 'Object Repository/Payments/Innertext_Credit Transfer' is visible

2018-11-13 10:28:54 - [MESSAGE][PASSED] - Object 'Object Repository/Payments/Innertext_Credit Transfer' is visible

2018-11-13 10:28:54 - [TEST_STEP][PASSED] - verifyElementVisible: Object 'Object Repository/Payments/Guidepost_SEPA Payment order' is visible

2018-11-13 10:28:54 - [MESSAGE][PASSED] - Object 'Object Repository/Payments/Guidepost_SEPA Payment order' is visible

2018-11-13 10:28:54 - [TEST_STEP][PASSED] - verifyElementVisible: Object 'Object Repository/Payments/Innertext_SEPA Payment order' is visible

2018-11-13 10:28:54 - [MESSAGE][PASSED] - Object 'Object Repository/Payments/Innertext_SEPA Payment order' is visible

2018-11-13 10:28:54 - [TEST_STEP][PASSED] - verifyElementVisible: Object 'Object Repository/Payments/Guidepost_Payment orders' is visible

2018-11-13 10:28:54 - [MESSAGE][PASSED] - Object 'Object Repository/Payments/Guidepost_Payment orders' is visible

2018-11-13 10:28:54 - [TEST_STEP][PASSED] - verifyElementVisible: Object 'Object Repository/Payments/Innertext_Payment orders' is visible

2018-11-13 10:28:54 - [MESSAGE][PASSED] - Object 'Object Repository/Payments/Innertext_Payment orders' is visible

2018-11-13 10:28:54 - [TEST_STEP][PASSED] - verifyElementVisible: Object 'Object Repository/Payments/Guidepost_Internal payment order' is visible

2018-11-13 10:28:54 - [MESSAGE][PASSED] - Object 'Object Repository/Payments/Guidepost_Internal payment order' is visible

2018-11-13 10:28:54 - [TEST_STEP][PASSED] - verifyElementVisible: Object 'Object Repository/Payments/Innertext_Internal payment order' is visible

2018-11-13 10:28:54 - [MESSAGE][PASSED] - Object 'Object Repository/Payments/Innertext_Internal payment order' is visible

2018-11-13 10:28:54 - [TEST_STEP][PASSED] - verifyElementVisible: Object 'Object Repository/Payments/Guidepost_Statements' is visible

2018-11-13 10:28:54 - [MESSAGE][PASSED] - Object 'Object Repository/Payments/Guidepost_Statements' is visible

2018-11-13 10:28:54 - [TEST_STEP][PASSED] - verifyElementVisible: Object 'Object Repository/Payments/Innertext_Statements' is visible

2018-11-13 10:28:54 - [MESSAGE][PASSED] - Object 'Object Repository/Payments/Innertext_Statements' is visible

2018-11-13 10:28:54 - [TEST_STEP][PASSED] - verifyElementVisible: Object 'Object Repository/Payments/Guidepost_AML' is visible

2018-11-13 10:28:54 - [MESSAGE][PASSED] - Object 'Object Repository/Payments/Guidepost_AML' is visible

2018-11-13 10:28:54 - [TEST_STEP][PASSED] - verifyElementVisible: Object 'Object Repository/Payments/Innertext_AML' is visible

2018-11-13 10:28:54 - [MESSAGE][PASSED] - Object 'Object Repository/Payments/Innertext_AML' is visible

2018-11-13 10:28:54 - [TEST_STEP][PASSED] - verifyElementVisible: Object 'Object Repository/Payments/Guidepost_Payment files' is visible

2018-11-13 10:28:54 - [MESSAGE][PASSED] - Object 'Object Repository/Payments/Guidepost_Payment files' is visible

2018-11-13 10:28:54 - [TEST_STEP][PASSED] - verifyElementVisible: Object 'Object Repository/Payments/Innertext_Payment files' is visible

2018-11-13 10:28:54 - [MESSAGE][PASSED] - Object 'Object Repository/Payments/Innertext_Payment files' is visible

2018-11-13 10:28:54 - [TEST_STEP][PASSED] - verifyElementVisible: Object 'Object Repository/Payments/Guidepost_Sundry accounts' is visible

2018-11-13 10:28:54 - [MESSAGE][PASSED] - Object 'Object Repository/Payments/Guidepost_Sundry accounts' is visible

2018-11-13 10:28:54 - [TEST_STEP][PASSED] - verifyElementVisible: Object 'Object Repository/Payments/Innertext_Sundry accounts' is visible

2018-11-13 10:28:54 - [MESSAGE][PASSED] - Object 'Object Repository/Payments/Innertext_Sundry accounts' is visible

2018-11-13 10:28:54 - [TEST_STEP][PASSED] - verifyElementVisible: Object 'Object Repository/Payments/Guidepost_Reconciliation' is visible

2018-11-13 10:28:54 - [MESSAGE][PASSED] - Object 'Object Repository/Payments/Guidepost_Reconciliation' is visible

2018-11-13 10:28:54 - [TEST_STEP][PASSED] - verifyElementVisible: Object 'Object Repository/Payments/Innertext_Reconciliation' is visible

2018-11-13 10:28:54 - [MESSAGE][PASSED] - Object 'Object Repository/Payments/Innertext_Reconciliation' is visible

2018-11-13 10:28:54 - [TEST_STEP][PASSED] - verifyElementVisible: Object 'Object Repository/Payments/Guidepost_External nostro accounts' is visible

2018-11-13 10:28:54 - [MESSAGE][PASSED] - Object 'Object Repository/Payments/Guidepost_External nostro accounts' is visible

2018-11-13 10:28:54 - [TEST_STEP][PASSED] - verifyElementVisible: Object 'Object Repository/Payments/Innertext_External nostro accounts' is visible

2018-11-13 10:28:54 - [MESSAGE][PASSED] - Object 'Object Repository/Payments/Innertext_External nostro accounts' is visible

2018-11-13 10:28:54 - [TEST_STEP][PASSED] - verifyElementVisible: Object 'Object Repository/Payments/Guidepost_Internal accounts' is visible

2018-11-13 10:28:54 - [MESSAGE][PASSED] - Object 'Object Repository/Payments/Guidepost_Internal accounts' is visible

2018-11-13 10:28:54 - [TEST_STEP][PASSED] - verifyElementVisible: Object 'Object Repository/Payments/Innertext_Internal accounts' is visible

2018-11-13 10:28:54 - [MESSAGE][PASSED] - Object 'Object Repository/Payments/Innertext_Internal accounts' is visible

2018-11-13 10:28:54 - [TEST_STEP][PASSED] - closeBrowser: Browser is closed

2018-11-13 10:28:54 - [MESSAGE][PASSED] - Browser is closed]]></system-out>
         <system-err><![CDATA[]]></system-err>
      </testcase>
      <testcase name="Test Cases/Payments/Sundry accounts check" classname="Test Cases/Payments/Sundry accounts check" status="PASSED">
         <system-out><![CDATA[2018-11-13 10:28:54 - [TEST_CASE][PASSED] - Test Cases/Payments/Sundry accounts check: Test Cases/Payments/Sundry accounts check

2018-11-13 10:28:55 - [TEST_STEP][PASSED] - callTestCase: Call Test Case 'Test Cases/Login' successfully

2018-11-13 10:28:55 - [TEST_CASE][PASSED] - Test Cases/Login: Test Cases/Login

2018-11-13 10:28:55 - [TEST_STEP][PASSED] - openBrowser: Browser is opened with url: 'https://dvk.deltecdev.com/operator/'

2018-11-13 10:28:58 - [MESSAGE][PASSED] - Browser is opened with url: 'https://dvk.deltecdev.com/operator/'

2018-11-13 10:28:58 - [TEST_STEP][PASSED] - setText: Text 'john.doe@leveris.com' is set on object 'Object Repository/Login page/Input_Email'

2018-11-13 10:29:00 - [MESSAGE][PASSED] - Text 'john.doe@leveris.com' is set on object 'Object Repository/Login page/Input_Email'

2018-11-13 10:29:00 - [TEST_STEP][PASSED] - setText: Text 'Password1122' is set on object 'Object Repository/Login page/Input_Password'

2018-11-13 10:29:00 - [MESSAGE][PASSED] - Text 'Password1122' is set on object 'Object Repository/Login page/Input_Password'

2018-11-13 10:29:00 - [TEST_STEP][PASSED] - click: Object: 'Object Repository/Login page/Button_Log in' is clicked on

2018-11-13 10:29:00 - [MESSAGE][PASSED] - Object: 'Object Repository/Login page/Button_Log in' is clicked on

2018-11-13 10:29:00 - [TEST_STEP][PASSED] - verifyElementVisible: Object 'Object Repository/Home page/Label_Home' is visible

2018-11-13 10:29:01 - [MESSAGE][PASSED] - Object 'Object Repository/Home page/Label_Home' is visible

2018-11-13 10:29:01 - [MESSAGE][PASSED] - Call Test Case 'Test Cases/Login' successfully

2018-11-13 10:29:01 - [TEST_STEP][PASSED] - click: Object: 'Object Repository/Home page/Button_Home' is clicked on

2018-11-13 10:29:02 - [MESSAGE][PASSED] - Object: 'Object Repository/Home page/Button_Home' is clicked on

2018-11-13 10:29:02 - [TEST_STEP][PASSED] - click: Object: 'Object Repository/Home page/Dropdown_Payments' is clicked on

2018-11-13 10:29:02 - [MESSAGE][PASSED] - Object: 'Object Repository/Home page/Dropdown_Payments' is clicked on

2018-11-13 10:29:02 - [TEST_STEP][PASSED] - click: Object: 'Object Repository/Payments/Guidepost_Sundry accounts' is clicked on

2018-11-13 10:29:02 - [MESSAGE][PASSED] - Object: 'Object Repository/Payments/Guidepost_Sundry accounts' is clicked on

2018-11-13 10:29:02 - [TEST_STEP][PASSED] - verifyElementVisible: Object 'Object Repository/Payments/Sundry accounts/Button_Search' is visible

2018-11-13 10:29:02 - [MESSAGE][PASSED] - Object 'Object Repository/Payments/Sundry accounts/Button_Search' is visible

2018-11-13 10:29:02 - [TEST_STEP][PASSED] - verifyElementVisible: Object 'Object Repository/Payments/Sundry accounts/Button_Sundry accounts - Create new account' is visible

2018-11-13 10:29:02 - [MESSAGE][PASSED] - Object 'Object Repository/Payments/Sundry accounts/Button_Sundry accounts - Create new account' is visible

2018-11-13 10:29:02 - [TEST_STEP][PASSED] - click: Object: 'Object Repository/Payments/Sundry accounts/Button_Sundry accounts - Create new account' is clicked on

2018-11-13 10:29:02 - [MESSAGE][PASSED] - Object: 'Object Repository/Payments/Sundry accounts/Button_Sundry accounts - Create new account' is clicked on

2018-11-13 10:29:02 - [TEST_STEP][PASSED] - verifyElementVisible: Object 'Object Repository/Payments/Sundry accounts/Create new account/Label_External number' is visible

2018-11-13 10:29:03 - [MESSAGE][PASSED] - Object 'Object Repository/Payments/Sundry accounts/Create new account/Label_External number' is visible

2018-11-13 10:29:03 - [TEST_STEP][PASSED] - verifyElementVisible: Object 'Object Repository/Payments/Sundry accounts/Create new account/Label_Create new account' is visible

2018-11-13 10:29:03 - [MESSAGE][PASSED] - Object 'Object Repository/Payments/Sundry accounts/Create new account/Label_Create new account' is visible

2018-11-13 10:29:03 - [TEST_STEP][PASSED] - verifyElementVisible: Object 'Object Repository/Payments/Sundry accounts/Create new account/Label_Check balance' is visible

2018-11-13 10:29:03 - [MESSAGE][PASSED] - Object 'Object Repository/Payments/Sundry accounts/Create new account/Label_Check balance' is visible

2018-11-13 10:29:03 - [TEST_STEP][PASSED] - verifyElementVisible: Object 'Object Repository/Payments/Sundry accounts/Create new account/Button_Close' is visible

2018-11-13 10:29:03 - [MESSAGE][PASSED] - Object 'Object Repository/Payments/Sundry accounts/Create new account/Button_Close' is visible

2018-11-13 10:29:03 - [TEST_STEP][PASSED] - verifyElementVisible: Object 'Object Repository/Payments/Sundry accounts/Create new account/Label_Account name' is visible

2018-11-13 10:29:03 - [MESSAGE][PASSED] - Object 'Object Repository/Payments/Sundry accounts/Create new account/Label_Account name' is visible

2018-11-13 10:29:03 - [TEST_STEP][PASSED] - verifyElementVisible: Object 'Object Repository/Payments/Sundry accounts/Create new account/Select_Currency' is visible

2018-11-13 10:29:03 - [MESSAGE][PASSED] - Object 'Object Repository/Payments/Sundry accounts/Create new account/Select_Currency' is visible

2018-11-13 10:29:03 - [TEST_STEP][PASSED] - verifyElementVisible: Object 'Object Repository/Payments/Sundry accounts/Create new account/Button_Cancel' is visible

2018-11-13 10:29:03 - [MESSAGE][PASSED] - Object 'Object Repository/Payments/Sundry accounts/Create new account/Button_Cancel' is visible

2018-11-13 10:29:03 - [TEST_STEP][PASSED] - verifyElementVisible: Object 'Object Repository/Payments/Sundry accounts/Create new account/Label_Type (asset or liability account)' is visible

2018-11-13 10:29:03 - [MESSAGE][PASSED] - Object 'Object Repository/Payments/Sundry accounts/Create new account/Label_Type (asset or liability account)' is visible

2018-11-13 10:29:03 - [TEST_STEP][PASSED] - verifyElementVisible: Object 'Object Repository/Payments/Sundry accounts/Create new account/Button_Create new account' is visible

2018-11-13 10:29:03 - [MESSAGE][PASSED] - Object 'Object Repository/Payments/Sundry accounts/Create new account/Button_Create new account' is visible

2018-11-13 10:29:03 - [TEST_STEP][PASSED] - verifyElementVisible: Object 'Object Repository/Payments/Sundry accounts/Create new account/Label_Currency' is visible

2018-11-13 10:29:03 - [MESSAGE][PASSED] - Object 'Object Repository/Payments/Sundry accounts/Create new account/Label_Currency' is visible

2018-11-13 10:29:03 - [TEST_STEP][PASSED] - verifyElementVisible: Object 'Object Repository/Payments/Sundry accounts/Create new account/Input_External number' is visible

2018-11-13 10:29:03 - [MESSAGE][PASSED] - Object 'Object Repository/Payments/Sundry accounts/Create new account/Input_External number' is visible

2018-11-13 10:29:03 - [TEST_STEP][PASSED] - verifyElementVisible: Object 'Object Repository/Payments/Sundry accounts/Create new account/Input_Account name' is visible

2018-11-13 10:29:03 - [MESSAGE][PASSED] - Object 'Object Repository/Payments/Sundry accounts/Create new account/Input_Account name' is visible

2018-11-13 10:29:03 - [TEST_STEP][PASSED] - verifyElementVisible: Object 'Object Repository/Payments/Sundry accounts/Create new account/Select_Type (asset or liability account)' is visible

2018-11-13 10:29:03 - [MESSAGE][PASSED] - Object 'Object Repository/Payments/Sundry accounts/Create new account/Select_Type (asset or liability account)' is visible

2018-11-13 10:29:03 - [TEST_STEP][PASSED] - closeBrowser: Browser is closed

2018-11-13 10:29:03 - [MESSAGE][PASSED] - Browser is closed]]></system-out>
         <system-err><![CDATA[]]></system-err>
      </testcase>
      <testcase name="Test Cases/Payments/SmartPayment" classname="Test Cases/Payments/SmartPayment" status="FAILED">
         <failure type="FAILED" message="(Stack trace: com.kms.katalon.core.exception.StepFailedException: Unable to verify object 'Object Repository/Payments/Sundry accounts/External payment/STEP 2/Input_Address of beneficiary' is visible (Root cause: Web element with id: 'Object Repository/Payments/Sundry accounts/External payment/STEP 2/Input_Address of beneficiary' located by 'By.xpath: //input[@type = 'text' and @class = 'input__input input_benAddress1']' not found)
	at com.kms.katalon.core.keyword.internal.KeywordMain.stepFailed(KeywordMain.groovy:36)
	at com.kms.katalon.core.webui.keyword.internal.WebUIKeywordMain.stepFailed(WebUIKeywordMain.groovy:65)
	at com.kms.katalon.core.webui.keyword.internal.WebUIKeywordMain.runKeyword(WebUIKeywordMain.groovy:27)
	at com.kms.katalon.core.webui.keyword.builtin.VerifyElementVisibleKeyword.verifyElementVisible(VerifyElementVisibleKeyword.groovy:97)
	at com.kms.katalon.core.webui.keyword.builtin.VerifyElementVisibleKeyword.execute(VerifyElementVisibleKeyword.groovy:67)
	at com.kms.katalon.core.keyword.internal.KeywordExecutor.executeKeywordForPlatform(KeywordExecutor.groovy:53)
	at com.kms.katalon.core.webui.keyword.WebUiBuiltInKeywords.verifyElementVisible(WebUiBuiltInKeywords.groovy:372)
	at com.kms.katalon.core.webui.keyword.WebUiBuiltInKeywords$verifyElementVisible$2.call(Unknown Source)
	at org.codehaus.groovy.runtime.callsite.CallSiteArray.defaultCall(CallSiteArray.java:48)
	at org.codehaus.groovy.runtime.callsite.AbstractCallSite.call(AbstractCallSite.java:113)
	at org.codehaus.groovy.runtime.callsite.AbstractCallSite.call(AbstractCallSite.java:125)
	at Script1539716134718.run(Script1539716134718.groovy:133)
	at com.kms.katalon.core.main.ScriptEngine.run(ScriptEngine.java:183)
	at com.kms.katalon.core.main.ScriptEngine.runScriptAsRawText(ScriptEngine.java:108)
	at com.kms.katalon.core.main.TestCaseExecutor.runScript(TestCaseExecutor.java:294)
	at com.kms.katalon.core.main.TestCaseExecutor.doExecute(TestCaseExecutor.java:285)
	at com.kms.katalon.core.main.TestCaseExecutor.processExecutionPhase(TestCaseExecutor.java:264)
	at com.kms.katalon.core.main.TestCaseExecutor.accessMainPhase(TestCaseExecutor.java:256)
	at com.kms.katalon.core.main.TestCaseExecutor.execute(TestCaseExecutor.java:200)
	at com.kms.katalon.core.main.TestSuiteExecutor.accessTestCaseMainPhase(TestSuiteExecutor.java:129)
	at com.kms.katalon.core.main.TestSuiteExecutor.accessTestSuiteMainPhase(TestSuiteExecutor.java:112)
	at com.kms.katalon.core.main.TestSuiteExecutor.execute(TestSuiteExecutor.java:81)
	at com.kms.katalon.core.main.TestCaseMain.startTestSuite(TestCaseMain.java:142)
	at com.kms.katalon.core.main.TestCaseMain$startTestSuite$0.call(Unknown Source)
	at org.codehaus.groovy.runtime.callsite.CallSiteArray.defaultCall(CallSiteArray.java:48)
	at org.codehaus.groovy.runtime.callsite.AbstractCallSite.call(AbstractCallSite.java:113)
	at org.codehaus.groovy.runtime.callsite.AbstractCallSite.call(AbstractCallSite.java:141)
	at TempTestSuite1542101284194.run(TempTestSuite1542101284194.groovy:36)
	at groovy.lang.GroovyShell.runScriptOrMainOrTestOrRunnable(GroovyShell.java:263)
	at groovy.lang.GroovyShell.run(GroovyShell.java:518)
	at groovy.lang.GroovyShell.run(GroovyShell.java:507)
	at groovy.ui.GroovyMain.processOnce(GroovyMain.java:653)
	at groovy.ui.GroovyMain.run(GroovyMain.java:384)
	at groovy.ui.GroovyMain.process(GroovyMain.java:370)
	at groovy.ui.GroovyMain.processArgs(GroovyMain.java:129)
	at groovy.ui.GroovyMain.main(GroovyMain.java:109)
	at sun.reflect.NativeMethodAccessorImpl.invoke0(Native Method)
	at sun.reflect.NativeMethodAccessorImpl.invoke(NativeMethodAccessorImpl.java:62)
	at sun.reflect.DelegatingMethodAccessorImpl.invoke(DelegatingMethodAccessorImpl.java:43)
	at java.lang.reflect.Method.invoke(Method.java:498)
	at org.codehaus.groovy.tools.GroovyStarter.rootLoader(GroovyStarter.java:109)
	at org.codehaus.groovy.tools.GroovyStarter.main(GroovyStarter.java:131)
)"/>
         <system-out><![CDATA[2018-11-13 10:29:03 - [TEST_CASE][FAILED] - Test Cases/Payments/SmartPayment: Test Cases/Payments/SmartPayment FAILED because (of) (Stack trace: com.kms.katalon.core.exception.StepFailedException: Unable to verify object 'Object Repository/Payments/Sundry accounts/External payment/STEP 2/Input_Address of beneficiary' is visible (Root cause: Web element with id: 'Object Repository/Payments/Sundry accounts/External payment/STEP 2/Input_Address of beneficiary' located by 'By.xpath: //input[@type = 'text' and @class = 'input__input input_benAddress1']' not found)
	at com.kms.katalon.core.keyword.internal.KeywordMain.stepFailed(KeywordMain.groovy:36)
	at com.kms.katalon.core.webui.keyword.internal.WebUIKeywordMain.stepFailed(WebUIKeywordMain.groovy:65)
	at com.kms.katalon.core.webui.keyword.internal.WebUIKeywordMain.runKeyword(WebUIKeywordMain.groovy:27)
	at com.kms.katalon.core.webui.keyword.builtin.VerifyElementVisibleKeyword.verifyElementVisible(VerifyElementVisibleKeyword.groovy:97)
	at com.kms.katalon.core.webui.keyword.builtin.VerifyElementVisibleKeyword.execute(VerifyElementVisibleKeyword.groovy:67)
	at com.kms.katalon.core.keyword.internal.KeywordExecutor.executeKeywordForPlatform(KeywordExecutor.groovy:53)
	at com.kms.katalon.core.webui.keyword.WebUiBuiltInKeywords.verifyElementVisible(WebUiBuiltInKeywords.groovy:372)
	at com.kms.katalon.core.webui.keyword.WebUiBuiltInKeywords$verifyElementVisible$2.call(Unknown Source)
	at org.codehaus.groovy.runtime.callsite.CallSiteArray.defaultCall(CallSiteArray.java:48)
	at org.codehaus.groovy.runtime.callsite.AbstractCallSite.call(AbstractCallSite.java:113)
	at org.codehaus.groovy.runtime.callsite.AbstractCallSite.call(AbstractCallSite.java:125)
	at Script1539716134718.run(Script1539716134718.groovy:133)
	at com.kms.katalon.core.main.ScriptEngine.run(ScriptEngine.java:183)
	at com.kms.katalon.core.main.ScriptEngine.runScriptAsRawText(ScriptEngine.java:108)
	at com.kms.katalon.core.main.TestCaseExecutor.runScript(TestCaseExecutor.java:294)
	at com.kms.katalon.core.main.TestCaseExecutor.doExecute(TestCaseExecutor.java:285)
	at com.kms.katalon.core.main.TestCaseExecutor.processExecutionPhase(TestCaseExecutor.java:264)
	at com.kms.katalon.core.main.TestCaseExecutor.accessMainPhase(TestCaseExecutor.java:256)
	at com.kms.katalon.core.main.TestCaseExecutor.execute(TestCaseExecutor.java:200)
	at com.kms.katalon.core.main.TestSuiteExecutor.accessTestCaseMainPhase(TestSuiteExecutor.java:129)
	at com.kms.katalon.core.main.TestSuiteExecutor.accessTestSuiteMainPhase(TestSuiteExecutor.java:112)
	at com.kms.katalon.core.main.TestSuiteExecutor.execute(TestSuiteExecutor.java:81)
	at com.kms.katalon.core.main.TestCaseMain.startTestSuite(TestCaseMain.java:142)
	at com.kms.katalon.core.main.TestCaseMain$startTestSuite$0.call(Unknown Source)
	at org.codehaus.groovy.runtime.callsite.CallSiteArray.defaultCall(CallSiteArray.java:48)
	at org.codehaus.groovy.runtime.callsite.AbstractCallSite.call(AbstractCallSite.java:113)
	at org.codehaus.groovy.runtime.callsite.AbstractCallSite.call(AbstractCallSite.java:141)
	at TempTestSuite1542101284194.run(TempTestSuite1542101284194.groovy:36)
	at groovy.lang.GroovyShell.runScriptOrMainOrTestOrRunnable(GroovyShell.java:263)
	at groovy.lang.GroovyShell.run(GroovyShell.java:518)
	at groovy.lang.GroovyShell.run(GroovyShell.java:507)
	at groovy.ui.GroovyMain.processOnce(GroovyMain.java:653)
	at groovy.ui.GroovyMain.run(GroovyMain.java:384)
	at groovy.ui.GroovyMain.process(GroovyMain.java:370)
	at groovy.ui.GroovyMain.processArgs(GroovyMain.java:129)
	at groovy.ui.GroovyMain.main(GroovyMain.java:109)
	at sun.reflect.NativeMethodAccessorImpl.invoke0(Native Method)
	at sun.reflect.NativeMethodAccessorImpl.invoke(NativeMethodAccessorImpl.java:62)
	at sun.reflect.DelegatingMethodAccessorImpl.invoke(DelegatingMethodAccessorImpl.java:43)
	at java.lang.reflect.Method.invoke(Method.java:498)
	at org.codehaus.groovy.tools.GroovyStarter.rootLoader(GroovyStarter.java:109)
	at org.codehaus.groovy.tools.GroovyStarter.main(GroovyStarter.java:131)
)

2018-11-13 10:29:04 - [TEST_STEP][PASSED] - callTestCase: Call Test Case 'Test Cases/Payments/Create new sundry account' successfully

2018-11-13 10:29:04 - [TEST_CASE][PASSED] - Test Cases/Payments/Create new sundry account: Test Cases/Payments/Create new sundry account

2018-11-13 10:29:04 - [TEST_STEP][PASSED] - callTestCase: Call Test Case 'Test Cases/Login' successfully

2018-11-13 10:29:04 - [TEST_CASE][PASSED] - Test Cases/Login: Test Cases/Login

2018-11-13 10:29:04 - [TEST_STEP][PASSED] - openBrowser: Browser is opened with url: 'https://dvk.deltecdev.com/operator/'

2018-11-13 10:29:09 - [MESSAGE][PASSED] - Browser is opened with url: 'https://dvk.deltecdev.com/operator/'

2018-11-13 10:29:09 - [TEST_STEP][PASSED] - setText: Text 'john.doe@leveris.com' is set on object 'Object Repository/Login page/Input_Email'

2018-11-13 10:29:10 - [MESSAGE][PASSED] - Text 'john.doe@leveris.com' is set on object 'Object Repository/Login page/Input_Email'

2018-11-13 10:29:10 - [TEST_STEP][PASSED] - setText: Text 'Password1122' is set on object 'Object Repository/Login page/Input_Password'

2018-11-13 10:29:11 - [MESSAGE][PASSED] - Text 'Password1122' is set on object 'Object Repository/Login page/Input_Password'

2018-11-13 10:29:11 - [TEST_STEP][PASSED] - click: Object: 'Object Repository/Login page/Button_Log in' is clicked on

2018-11-13 10:29:11 - [MESSAGE][PASSED] - Object: 'Object Repository/Login page/Button_Log in' is clicked on

2018-11-13 10:29:11 - [TEST_STEP][PASSED] - verifyElementVisible: Object 'Object Repository/Home page/Label_Home' is visible

2018-11-13 10:29:12 - [MESSAGE][PASSED] - Object 'Object Repository/Home page/Label_Home' is visible

2018-11-13 10:29:12 - [MESSAGE][PASSED] - Call Test Case 'Test Cases/Login' successfully

2018-11-13 10:29:12 - [TEST_STEP][PASSED] - click: Object: 'Object Repository/Home page/Button_Home' is clicked on

2018-11-13 10:29:12 - [MESSAGE][PASSED] - Object: 'Object Repository/Home page/Button_Home' is clicked on

2018-11-13 10:29:12 - [TEST_STEP][PASSED] - click: Object: 'Object Repository/Home page/Dropdown_Payments' is clicked on

2018-11-13 10:29:12 - [MESSAGE][PASSED] - Object: 'Object Repository/Home page/Dropdown_Payments' is clicked on

2018-11-13 10:29:12 - [TEST_STEP][PASSED] - click: Object: 'Object Repository/Payments/Guidepost_Sundry accounts' is clicked on

2018-11-13 10:29:12 - [MESSAGE][PASSED] - Object: 'Object Repository/Payments/Guidepost_Sundry accounts' is clicked on

2018-11-13 10:29:12 - [TEST_STEP][PASSED] - click: Object: 'Object Repository/Payments/Sundry accounts/Button_Sundry accounts - Create new account' is clicked on

2018-11-13 10:29:12 - [MESSAGE][PASSED] - Object: 'Object Repository/Payments/Sundry accounts/Button_Sundry accounts - Create new account' is clicked on

2018-11-13 10:29:12 - [TEST_STEP][PASSED] - Statement - ts = java.lang.System.currentTimeMillis() / 1000: null

2018-11-13 10:29:12 - [TEST_STEP][PASSED] - Statement - tsAsString = ts.toString(): null

2018-11-13 10:29:12 - [TEST_STEP][PASSED] - setText: Text 'QAA test Katalon - 1542101352' is set on object 'Object Repository/Payments/Sundry accounts/Create new account/Input_Account name'

2018-11-13 10:29:14 - [MESSAGE][PASSED] - Text 'QAA test Katalon - 1542101352' is set on object 'Object Repository/Payments/Sundry accounts/Create new account/Input_Account name'

2018-11-13 10:29:14 - [TEST_STEP][PASSED] - Statement - AccountName = "QAA test Katalon - " + tsAsString: null

2018-11-13 10:29:14 - [TEST_STEP][PASSED] - selectOptionByValue: All options with value 'Liability' are selected in object 'Object Repository/Payments/Sundry accounts/Create new account/Select_Type (asset or liability account)' 

2018-11-13 10:29:14 - [MESSAGE][PASSED] - All options with value 'Liability' are selected in object 'Object Repository/Payments/Sundry accounts/Create new account/Select_Type (asset or liability account)' 

2018-11-13 10:29:14 - [TEST_STEP][PASSED] - click: Object: 'Object Repository/Payments/Sundry accounts/Create new account/Label_Check balance' is clicked on

2018-11-13 10:29:14 - [MESSAGE][PASSED] - Object: 'Object Repository/Payments/Sundry accounts/Create new account/Label_Check balance' is clicked on

2018-11-13 10:29:14 - [TEST_STEP][PASSED] - click: Object: 'Object Repository/Payments/Sundry accounts/Create new account/Button_Create new account' is clicked on

2018-11-13 10:29:14 - [MESSAGE][PASSED] - Object: 'Object Repository/Payments/Sundry accounts/Create new account/Button_Create new account' is clicked on

2018-11-13 10:29:14 - [TEST_STEP][PASSED] - verifyElementText: Actual text and expected text of test object 'Object Repository/Payments/Internal accounts/Value_Account status' are matched.

2018-11-13 10:29:15 - [MESSAGE][PASSED] - Actual text and expected text of test object 'Object Repository/Payments/Internal accounts/Value_Account status' are matched.

2018-11-13 10:29:15 - [TEST_STEP][PASSED] - verifyElementText: Actual text and expected text of test object 'Object Repository/Payments/Internal accounts/Value_Check balance' are matched.

2018-11-13 10:29:15 - [MESSAGE][PASSED] - Actual text and expected text of test object 'Object Repository/Payments/Internal accounts/Value_Check balance' are matched.

2018-11-13 10:29:15 - [TEST_STEP][PASSED] - verifyElementText: Actual text and expected text of test object 'Object Repository/Payments/Internal accounts/Value_Type (asset or liability account)' are matched.

2018-11-13 10:29:15 - [MESSAGE][PASSED] - Actual text and expected text of test object 'Object Repository/Payments/Internal accounts/Value_Type (asset or liability account)' are matched.

2018-11-13 10:29:15 - [MESSAGE][PASSED] - Call Test Case 'Test Cases/Payments/Create new sundry account' successfully

2018-11-13 10:29:15 - [TEST_STEP][PASSED] - click: Object: 'Object Repository/Payments/Internal accounts/Button_Actions' is clicked on

2018-11-13 10:29:15 - [MESSAGE][PASSED] - Object: 'Object Repository/Payments/Internal accounts/Button_Actions' is clicked on

2018-11-13 10:29:15 - [TEST_STEP][PASSED] - click: Object: 'Object Repository/Payments/Internal accounts/Button_External payment' is clicked on

2018-11-13 10:29:15 - [MESSAGE][PASSED] - Object: 'Object Repository/Payments/Internal accounts/Button_External payment' is clicked on

2018-11-13 10:29:15 - [TEST_STEP][PASSED] - setText: Text 'BE19140001517218' is set on object 'Object Repository/Payments/Sundry accounts/External payment/Input_IBAN  Account number'

2018-11-13 10:29:16 - [MESSAGE][PASSED] - Text 'BE19140001517218' is set on object 'Object Repository/Payments/Sundry accounts/External payment/Input_IBAN  Account number'

2018-11-13 10:29:16 - [TEST_STEP][PASSED] - setText: Text 'ABNABEBRXXX' is set on object 'Object Repository/Payments/Sundry accounts/External payment/Input_Bank code (BIC sort code or ABA)'

2018-11-13 10:29:17 - [MESSAGE][PASSED] - Text 'ABNABEBRXXX' is set on object 'Object Repository/Payments/Sundry accounts/External payment/Input_Bank code (BIC sort code or ABA)'

2018-11-13 10:29:17 - [TEST_STEP][PASSED] - setText: Text '2.01' is set on object 'Object Repository/Payments/Sundry accounts/External payment/Input_Amount and currency'

2018-11-13 10:29:17 - [MESSAGE][PASSED] - Text '2.01' is set on object 'Object Repository/Payments/Sundry accounts/External payment/Input_Amount and currency'

2018-11-13 10:29:17 - [TEST_STEP][PASSED] - delay: Delayed 1 second(s)

2018-11-13 10:29:18 - [MESSAGE][PASSED] - Delayed 1 second(s)

2018-11-13 10:29:18 - [TEST_STEP][PASSED] - click: Object: 'Object Repository/Payments/Sundry accounts/External payment/Button_Next step' is clicked on

2018-11-13 10:29:18 - [MESSAGE][PASSED] - Object: 'Object Repository/Payments/Sundry accounts/External payment/Button_Next step' is clicked on

2018-11-13 10:29:18 - [TEST_STEP][PASSED] - Statement - If (CountryStep1 == "Czech Republic"): null

2018-11-13 10:29:18 - [TEST_STEP][PASSED] - Statement - Else If (CountryStep1 == "Bulgaria"): null

2018-11-13 10:29:18 - [TEST_STEP][FAILED] - Statement - Else: Unable to verify object 'Object Repository/Payments/Sundry accounts/External payment/STEP 2/Input_Address of beneficiary' is visible (Root cause: Web element with id: 'Object Repository/Payments/Sundry accounts/External payment/STEP 2/Input_Address of beneficiary' located by 'By.xpath: //input[@type = 'text' and @class = 'input__input input_benAddress1']' not found)

2018-11-13 10:29:18 - [TEST_STEP][PASSED] - waitForElementVisible: Web element with id: 'Object Repository/Payments/Sundry accounts/External payment/STEP 2/Input_Beneficiary name' located by 'By.xpath: //input[@type = 'text' and @class = 'input__input input_benCreditorName']' not found

2018-11-13 10:29:29 - [MESSAGE][WARNING] - Web element with id: 'Object Repository/Payments/Sundry accounts/External payment/STEP 2/Input_Beneficiary name' located by 'By.xpath: //input[@type = 'text' and @class = 'input__input input_benCreditorName']' not found

2018-11-13 10:29:29 - [TEST_STEP][PASSED] - verifyElementVisible: Object 'Object Repository/Payments/Sundry accounts/External payment/STEP 2/Label_Beneficiary name' is visible

2018-11-13 10:29:29 - [MESSAGE][PASSED] - Object 'Object Repository/Payments/Sundry accounts/External payment/STEP 2/Label_Beneficiary name' is visible

2018-11-13 10:29:29 - [TEST_STEP][PASSED] - verifyElementVisible: Object 'Object Repository/Payments/Sundry accounts/External payment/STEP 2/Label_Address of beneficiary' is visible

2018-11-13 10:29:29 - [MESSAGE][PASSED] - Object 'Object Repository/Payments/Sundry accounts/External payment/STEP 2/Label_Address of beneficiary' is visible

2018-11-13 10:29:29 - [TEST_STEP][FAILED] - verifyElementVisible: Unable to verify object 'Object Repository/Payments/Sundry accounts/External payment/STEP 2/Input_Address of beneficiary' is visible (Root cause: Web element with id: 'Object Repository/Payments/Sundry accounts/External payment/STEP 2/Input_Address of beneficiary' located by 'By.xpath: //input[@type = 'text' and @class = 'input__input input_benAddress1']' not found)

2018-11-13 10:29:41 - [MESSAGE][FAILED] - Web element with id: 'Object Repository/Payments/Sundry accounts/External payment/STEP 2/Input_Address of beneficiary' located by 'By.xpath: //input[@type = 'text' and @class = 'input__input input_benAddress1']' not found
[[ATTACHMENT|/Users/josefcihal/GIT/katalon-git-try-local/katalon-git-try/Reports/Advanced/20181113_102754/1542101380372.png]]

2018-11-13 10:29:41 - [MESSAGE][FAILED] - Unable to verify object 'Object Repository/Payments/Sundry accounts/External payment/STEP 2/Input_Address of beneficiary' is visible (Root cause: Web element with id: 'Object Repository/Payments/Sundry accounts/External payment/STEP 2/Input_Address of beneficiary' located by 'By.xpath: //input[@type = 'text' and @class = 'input__input input_benAddress1']' not found)
[[ATTACHMENT|/Users/josefcihal/GIT/katalon-git-try-local/katalon-git-try/Reports/Advanced/20181113_102754/1542101381467.png]]]]></system-out>
         <system-err><![CDATA[2018-11-13 10:29:03 - [TEST_CASE][FAILED] - Test Cases/Payments/SmartPayment: Test Cases/Payments/SmartPayment FAILED because (of) (Stack trace: com.kms.katalon.core.exception.StepFailedException: Unable to verify object 'Object Repository/Payments/Sundry accounts/External payment/STEP 2/Input_Address of beneficiary' is visible (Root cause: Web element with id: 'Object Repository/Payments/Sundry accounts/External payment/STEP 2/Input_Address of beneficiary' located by 'By.xpath: //input[@type = 'text' and @class = 'input__input input_benAddress1']' not found)
	at com.kms.katalon.core.keyword.internal.KeywordMain.stepFailed(KeywordMain.groovy:36)
	at com.kms.katalon.core.webui.keyword.internal.WebUIKeywordMain.stepFailed(WebUIKeywordMain.groovy:65)
	at com.kms.katalon.core.webui.keyword.internal.WebUIKeywordMain.runKeyword(WebUIKeywordMain.groovy:27)
	at com.kms.katalon.core.webui.keyword.builtin.VerifyElementVisibleKeyword.verifyElementVisible(VerifyElementVisibleKeyword.groovy:97)
	at com.kms.katalon.core.webui.keyword.builtin.VerifyElementVisibleKeyword.execute(VerifyElementVisibleKeyword.groovy:67)
	at com.kms.katalon.core.keyword.internal.KeywordExecutor.executeKeywordForPlatform(KeywordExecutor.groovy:53)
	at com.kms.katalon.core.webui.keyword.WebUiBuiltInKeywords.verifyElementVisible(WebUiBuiltInKeywords.groovy:372)
	at com.kms.katalon.core.webui.keyword.WebUiBuiltInKeywords$verifyElementVisible$2.call(Unknown Source)
	at org.codehaus.groovy.runtime.callsite.CallSiteArray.defaultCall(CallSiteArray.java:48)
	at org.codehaus.groovy.runtime.callsite.AbstractCallSite.call(AbstractCallSite.java:113)
	at org.codehaus.groovy.runtime.callsite.AbstractCallSite.call(AbstractCallSite.java:125)
	at Script1539716134718.run(Script1539716134718.groovy:133)
	at com.kms.katalon.core.main.ScriptEngine.run(ScriptEngine.java:183)
	at com.kms.katalon.core.main.ScriptEngine.runScriptAsRawText(ScriptEngine.java:108)
	at com.kms.katalon.core.main.TestCaseExecutor.runScript(TestCaseExecutor.java:294)
	at com.kms.katalon.core.main.TestCaseExecutor.doExecute(TestCaseExecutor.java:285)
	at com.kms.katalon.core.main.TestCaseExecutor.processExecutionPhase(TestCaseExecutor.java:264)
	at com.kms.katalon.core.main.TestCaseExecutor.accessMainPhase(TestCaseExecutor.java:256)
	at com.kms.katalon.core.main.TestCaseExecutor.execute(TestCaseExecutor.java:200)
	at com.kms.katalon.core.main.TestSuiteExecutor.accessTestCaseMainPhase(TestSuiteExecutor.java:129)
	at com.kms.katalon.core.main.TestSuiteExecutor.accessTestSuiteMainPhase(TestSuiteExecutor.java:112)
	at com.kms.katalon.core.main.TestSuiteExecutor.execute(TestSuiteExecutor.java:81)
	at com.kms.katalon.core.main.TestCaseMain.startTestSuite(TestCaseMain.java:142)
	at com.kms.katalon.core.main.TestCaseMain$startTestSuite$0.call(Unknown Source)
	at org.codehaus.groovy.runtime.callsite.CallSiteArray.defaultCall(CallSiteArray.java:48)
	at org.codehaus.groovy.runtime.callsite.AbstractCallSite.call(AbstractCallSite.java:113)
	at org.codehaus.groovy.runtime.callsite.AbstractCallSite.call(AbstractCallSite.java:141)
	at TempTestSuite1542101284194.run(TempTestSuite1542101284194.groovy:36)
	at groovy.lang.GroovyShell.runScriptOrMainOrTestOrRunnable(GroovyShell.java:263)
	at groovy.lang.GroovyShell.run(GroovyShell.java:518)
	at groovy.lang.GroovyShell.run(GroovyShell.java:507)
	at groovy.ui.GroovyMain.processOnce(GroovyMain.java:653)
	at groovy.ui.GroovyMain.run(GroovyMain.java:384)
	at groovy.ui.GroovyMain.process(GroovyMain.java:370)
	at groovy.ui.GroovyMain.processArgs(GroovyMain.java:129)
	at groovy.ui.GroovyMain.main(GroovyMain.java:109)
	at sun.reflect.NativeMethodAccessorImpl.invoke0(Native Method)
	at sun.reflect.NativeMethodAccessorImpl.invoke(NativeMethodAccessorImpl.java:62)
	at sun.reflect.DelegatingMethodAccessorImpl.invoke(DelegatingMethodAccessorImpl.java:43)
	at java.lang.reflect.Method.invoke(Method.java:498)
	at org.codehaus.groovy.tools.GroovyStarter.rootLoader(GroovyStarter.java:109)
	at org.codehaus.groovy.tools.GroovyStarter.main(GroovyStarter.java:131)
)]]></system-err>
      </testcase>
      <testcase name="Test Cases/Payments/SmartPayment" classname="Test Cases/Payments/SmartPayment" status="FAILED">
         <failure type="FAILED" message="(Stack trace: com.kms.katalon.core.exception.StepFailedException: Unable to verify object 'Object Repository/Payments/Sundry accounts/External payment/STEP 2/Input_Remittance info' is visible (Root cause: Web element with id: 'Object Repository/Payments/Sundry accounts/External payment/STEP 2/Input_Remittance info' located by 'By.xpath: //input[@type = 'text' and @class = 'input__input input_message']' not found)
	at com.kms.katalon.core.keyword.internal.KeywordMain.stepFailed(KeywordMain.groovy:36)
	at com.kms.katalon.core.webui.keyword.internal.WebUIKeywordMain.stepFailed(WebUIKeywordMain.groovy:65)
	at com.kms.katalon.core.webui.keyword.internal.WebUIKeywordMain.runKeyword(WebUIKeywordMain.groovy:27)
	at com.kms.katalon.core.webui.keyword.builtin.VerifyElementVisibleKeyword.verifyElementVisible(VerifyElementVisibleKeyword.groovy:97)
	at com.kms.katalon.core.webui.keyword.builtin.VerifyElementVisibleKeyword.execute(VerifyElementVisibleKeyword.groovy:67)
	at com.kms.katalon.core.keyword.internal.KeywordExecutor.executeKeywordForPlatform(KeywordExecutor.groovy:53)
	at com.kms.katalon.core.webui.keyword.WebUiBuiltInKeywords.verifyElementVisible(WebUiBuiltInKeywords.groovy:372)
	at com.kms.katalon.core.webui.keyword.WebUiBuiltInKeywords$verifyElementVisible$2.call(Unknown Source)
	at org.codehaus.groovy.runtime.callsite.CallSiteArray.defaultCall(CallSiteArray.java:48)
	at org.codehaus.groovy.runtime.callsite.AbstractCallSite.call(AbstractCallSite.java:113)
	at org.codehaus.groovy.runtime.callsite.AbstractCallSite.call(AbstractCallSite.java:125)
	at Script1539716134718.run(Script1539716134718.groovy:64)
	at com.kms.katalon.core.main.ScriptEngine.run(ScriptEngine.java:183)
	at com.kms.katalon.core.main.ScriptEngine.runScriptAsRawText(ScriptEngine.java:108)
	at com.kms.katalon.core.main.TestCaseExecutor.runScript(TestCaseExecutor.java:294)
	at com.kms.katalon.core.main.TestCaseExecutor.doExecute(TestCaseExecutor.java:285)
	at com.kms.katalon.core.main.TestCaseExecutor.processExecutionPhase(TestCaseExecutor.java:264)
	at com.kms.katalon.core.main.TestCaseExecutor.accessMainPhase(TestCaseExecutor.java:256)
	at com.kms.katalon.core.main.TestCaseExecutor.execute(TestCaseExecutor.java:200)
	at com.kms.katalon.core.main.TestSuiteExecutor.accessTestCaseMainPhase(TestSuiteExecutor.java:129)
	at com.kms.katalon.core.main.TestSuiteExecutor.accessTestSuiteMainPhase(TestSuiteExecutor.java:112)
	at com.kms.katalon.core.main.TestSuiteExecutor.execute(TestSuiteExecutor.java:81)
	at com.kms.katalon.core.main.TestCaseMain.startTestSuite(TestCaseMain.java:142)
	at com.kms.katalon.core.main.TestCaseMain$startTestSuite$0.call(Unknown Source)
	at org.codehaus.groovy.runtime.callsite.CallSiteArray.defaultCall(CallSiteArray.java:48)
	at org.codehaus.groovy.runtime.callsite.AbstractCallSite.call(AbstractCallSite.java:113)
	at org.codehaus.groovy.runtime.callsite.AbstractCallSite.call(AbstractCallSite.java:141)
	at TempTestSuite1542101284194.run(TempTestSuite1542101284194.groovy:36)
	at groovy.lang.GroovyShell.runScriptOrMainOrTestOrRunnable(GroovyShell.java:263)
	at groovy.lang.GroovyShell.run(GroovyShell.java:518)
	at groovy.lang.GroovyShell.run(GroovyShell.java:507)
	at groovy.ui.GroovyMain.processOnce(GroovyMain.java:653)
	at groovy.ui.GroovyMain.run(GroovyMain.java:384)
	at groovy.ui.GroovyMain.process(GroovyMain.java:370)
	at groovy.ui.GroovyMain.processArgs(GroovyMain.java:129)
	at groovy.ui.GroovyMain.main(GroovyMain.java:109)
	at sun.reflect.NativeMethodAccessorImpl.invoke0(Native Method)
	at sun.reflect.NativeMethodAccessorImpl.invoke(NativeMethodAccessorImpl.java:62)
	at sun.reflect.DelegatingMethodAccessorImpl.invoke(DelegatingMethodAccessorImpl.java:43)
	at java.lang.reflect.Method.invoke(Method.java:498)
	at org.codehaus.groovy.tools.GroovyStarter.rootLoader(GroovyStarter.java:109)
	at org.codehaus.groovy.tools.GroovyStarter.main(GroovyStarter.java:131)
)"/>
         <system-out><![CDATA[2018-11-13 10:29:41 - [TEST_CASE][FAILED] - Test Cases/Payments/SmartPayment: Test Cases/Payments/SmartPayment FAILED because (of) (Stack trace: com.kms.katalon.core.exception.StepFailedException: Unable to verify object 'Object Repository/Payments/Sundry accounts/External payment/STEP 2/Input_Remittance info' is visible (Root cause: Web element with id: 'Object Repository/Payments/Sundry accounts/External payment/STEP 2/Input_Remittance info' located by 'By.xpath: //input[@type = 'text' and @class = 'input__input input_message']' not found)
	at com.kms.katalon.core.keyword.internal.KeywordMain.stepFailed(KeywordMain.groovy:36)
	at com.kms.katalon.core.webui.keyword.internal.WebUIKeywordMain.stepFailed(WebUIKeywordMain.groovy:65)
	at com.kms.katalon.core.webui.keyword.internal.WebUIKeywordMain.runKeyword(WebUIKeywordMain.groovy:27)
	at com.kms.katalon.core.webui.keyword.builtin.VerifyElementVisibleKeyword.verifyElementVisible(VerifyElementVisibleKeyword.groovy:97)
	at com.kms.katalon.core.webui.keyword.builtin.VerifyElementVisibleKeyword.execute(VerifyElementVisibleKeyword.groovy:67)
	at com.kms.katalon.core.keyword.internal.KeywordExecutor.executeKeywordForPlatform(KeywordExecutor.groovy:53)
	at com.kms.katalon.core.webui.keyword.WebUiBuiltInKeywords.verifyElementVisible(WebUiBuiltInKeywords.groovy:372)
	at com.kms.katalon.core.webui.keyword.WebUiBuiltInKeywords$verifyElementVisible$2.call(Unknown Source)
	at org.codehaus.groovy.runtime.callsite.CallSiteArray.defaultCall(CallSiteArray.java:48)
	at org.codehaus.groovy.runtime.callsite.AbstractCallSite.call(AbstractCallSite.java:113)
	at org.codehaus.groovy.runtime.callsite.AbstractCallSite.call(AbstractCallSite.java:125)
	at Script1539716134718.run(Script1539716134718.groovy:64)
	at com.kms.katalon.core.main.ScriptEngine.run(ScriptEngine.java:183)
	at com.kms.katalon.core.main.ScriptEngine.runScriptAsRawText(ScriptEngine.java:108)
	at com.kms.katalon.core.main.TestCaseExecutor.runScript(TestCaseExecutor.java:294)
	at com.kms.katalon.core.main.TestCaseExecutor.doExecute(TestCaseExecutor.java:285)
	at com.kms.katalon.core.main.TestCaseExecutor.processExecutionPhase(TestCaseExecutor.java:264)
	at com.kms.katalon.core.main.TestCaseExecutor.accessMainPhase(TestCaseExecutor.java:256)
	at com.kms.katalon.core.main.TestCaseExecutor.execute(TestCaseExecutor.java:200)
	at com.kms.katalon.core.main.TestSuiteExecutor.accessTestCaseMainPhase(TestSuiteExecutor.java:129)
	at com.kms.katalon.core.main.TestSuiteExecutor.accessTestSuiteMainPhase(TestSuiteExecutor.java:112)
	at com.kms.katalon.core.main.TestSuiteExecutor.execute(TestSuiteExecutor.java:81)
	at com.kms.katalon.core.main.TestCaseMain.startTestSuite(TestCaseMain.java:142)
	at com.kms.katalon.core.main.TestCaseMain$startTestSuite$0.call(Unknown Source)
	at org.codehaus.groovy.runtime.callsite.CallSiteArray.defaultCall(CallSiteArray.java:48)
	at org.codehaus.groovy.runtime.callsite.AbstractCallSite.call(AbstractCallSite.java:113)
	at org.codehaus.groovy.runtime.callsite.AbstractCallSite.call(AbstractCallSite.java:141)
	at TempTestSuite1542101284194.run(TempTestSuite1542101284194.groovy:36)
	at groovy.lang.GroovyShell.runScriptOrMainOrTestOrRunnable(GroovyShell.java:263)
	at groovy.lang.GroovyShell.run(GroovyShell.java:518)
	at groovy.lang.GroovyShell.run(GroovyShell.java:507)
	at groovy.ui.GroovyMain.processOnce(GroovyMain.java:653)
	at groovy.ui.GroovyMain.run(GroovyMain.java:384)
	at groovy.ui.GroovyMain.process(GroovyMain.java:370)
	at groovy.ui.GroovyMain.processArgs(GroovyMain.java:129)
	at groovy.ui.GroovyMain.main(GroovyMain.java:109)
	at sun.reflect.NativeMethodAccessorImpl.invoke0(Native Method)
	at sun.reflect.NativeMethodAccessorImpl.invoke(NativeMethodAccessorImpl.java:62)
	at sun.reflect.DelegatingMethodAccessorImpl.invoke(DelegatingMethodAccessorImpl.java:43)
	at java.lang.reflect.Method.invoke(Method.java:498)
	at org.codehaus.groovy.tools.GroovyStarter.rootLoader(GroovyStarter.java:109)
	at org.codehaus.groovy.tools.GroovyStarter.main(GroovyStarter.java:131)
)

2018-11-13 10:29:41 - [TEST_STEP][PASSED] - callTestCase: Call Test Case 'Test Cases/Payments/Create new sundry account' successfully

2018-11-13 10:29:42 - [TEST_CASE][PASSED] - Test Cases/Payments/Create new sundry account: Test Cases/Payments/Create new sundry account

2018-11-13 10:29:42 - [TEST_STEP][PASSED] - callTestCase: Call Test Case 'Test Cases/Login' successfully

2018-11-13 10:29:42 - [TEST_CASE][PASSED] - Test Cases/Login: Test Cases/Login

2018-11-13 10:29:42 - [TEST_STEP][PASSED] - openBrowser: Browser is opened with url: 'https://dvk.deltecdev.com/operator/'

2018-11-13 10:29:42 - [MESSAGE][WARNING] - A browser is already opened. Closing browser and opening a new one

2018-11-13 10:29:46 - [MESSAGE][PASSED] - Browser is opened with url: 'https://dvk.deltecdev.com/operator/'

2018-11-13 10:29:46 - [TEST_STEP][PASSED] - setText: Text 'john.doe@leveris.com' is set on object 'Object Repository/Login page/Input_Email'

2018-11-13 10:29:48 - [MESSAGE][PASSED] - Text 'john.doe@leveris.com' is set on object 'Object Repository/Login page/Input_Email'

2018-11-13 10:29:48 - [TEST_STEP][PASSED] - setText: Text 'Password1122' is set on object 'Object Repository/Login page/Input_Password'

2018-11-13 10:29:48 - [MESSAGE][PASSED] - Text 'Password1122' is set on object 'Object Repository/Login page/Input_Password'

2018-11-13 10:29:48 - [TEST_STEP][PASSED] - click: Object: 'Object Repository/Login page/Button_Log in' is clicked on

2018-11-13 10:29:49 - [MESSAGE][PASSED] - Object: 'Object Repository/Login page/Button_Log in' is clicked on

2018-11-13 10:29:49 - [TEST_STEP][PASSED] - verifyElementVisible: Object 'Object Repository/Home page/Label_Home' is visible

2018-11-13 10:29:50 - [MESSAGE][PASSED] - Object 'Object Repository/Home page/Label_Home' is visible

2018-11-13 10:29:50 - [MESSAGE][PASSED] - Call Test Case 'Test Cases/Login' successfully

2018-11-13 10:29:50 - [TEST_STEP][PASSED] - click: Object: 'Object Repository/Home page/Button_Home' is clicked on

2018-11-13 10:29:50 - [MESSAGE][PASSED] - Object: 'Object Repository/Home page/Button_Home' is clicked on

2018-11-13 10:29:50 - [TEST_STEP][PASSED] - click: Object: 'Object Repository/Home page/Dropdown_Payments' is clicked on

2018-11-13 10:29:50 - [MESSAGE][PASSED] - Object: 'Object Repository/Home page/Dropdown_Payments' is clicked on

2018-11-13 10:29:50 - [TEST_STEP][PASSED] - click: Object: 'Object Repository/Payments/Guidepost_Sundry accounts' is clicked on

2018-11-13 10:29:50 - [MESSAGE][PASSED] - Object: 'Object Repository/Payments/Guidepost_Sundry accounts' is clicked on

2018-11-13 10:29:50 - [TEST_STEP][PASSED] - click: Object: 'Object Repository/Payments/Sundry accounts/Button_Sundry accounts - Create new account' is clicked on

2018-11-13 10:29:50 - [MESSAGE][PASSED] - Object: 'Object Repository/Payments/Sundry accounts/Button_Sundry accounts - Create new account' is clicked on

2018-11-13 10:29:50 - [TEST_STEP][PASSED] - Statement - ts = java.lang.System.currentTimeMillis() / 1000: null

2018-11-13 10:29:50 - [TEST_STEP][PASSED] - Statement - tsAsString = ts.toString(): null

2018-11-13 10:29:50 - [TEST_STEP][PASSED] - setText: Text 'QAA test Katalon - 1542101390' is set on object 'Object Repository/Payments/Sundry accounts/Create new account/Input_Account name'

2018-11-13 10:29:52 - [MESSAGE][PASSED] - Text 'QAA test Katalon - 1542101390' is set on object 'Object Repository/Payments/Sundry accounts/Create new account/Input_Account name'

2018-11-13 10:29:52 - [TEST_STEP][PASSED] - Statement - AccountName = "QAA test Katalon - " + tsAsString: null

2018-11-13 10:29:52 - [TEST_STEP][PASSED] - selectOptionByValue: All options with value 'Liability' are selected in object 'Object Repository/Payments/Sundry accounts/Create new account/Select_Type (asset or liability account)' 

2018-11-13 10:29:52 - [MESSAGE][PASSED] - All options with value 'Liability' are selected in object 'Object Repository/Payments/Sundry accounts/Create new account/Select_Type (asset or liability account)' 

2018-11-13 10:29:52 - [TEST_STEP][PASSED] - click: Object: 'Object Repository/Payments/Sundry accounts/Create new account/Label_Check balance' is clicked on

2018-11-13 10:29:52 - [MESSAGE][PASSED] - Object: 'Object Repository/Payments/Sundry accounts/Create new account/Label_Check balance' is clicked on

2018-11-13 10:29:52 - [TEST_STEP][PASSED] - click: Object: 'Object Repository/Payments/Sundry accounts/Create new account/Button_Create new account' is clicked on

2018-11-13 10:29:52 - [MESSAGE][PASSED] - Object: 'Object Repository/Payments/Sundry accounts/Create new account/Button_Create new account' is clicked on

2018-11-13 10:29:52 - [TEST_STEP][PASSED] - verifyElementText: Actual text and expected text of test object 'Object Repository/Payments/Internal accounts/Value_Account status' are matched.

2018-11-13 10:29:53 - [MESSAGE][PASSED] - Actual text and expected text of test object 'Object Repository/Payments/Internal accounts/Value_Account status' are matched.

2018-11-13 10:29:53 - [TEST_STEP][PASSED] - verifyElementText: Actual text and expected text of test object 'Object Repository/Payments/Internal accounts/Value_Check balance' are matched.

2018-11-13 10:29:53 - [MESSAGE][PASSED] - Actual text and expected text of test object 'Object Repository/Payments/Internal accounts/Value_Check balance' are matched.

2018-11-13 10:29:53 - [TEST_STEP][PASSED] - verifyElementText: Actual text and expected text of test object 'Object Repository/Payments/Internal accounts/Value_Type (asset or liability account)' are matched.

2018-11-13 10:29:53 - [MESSAGE][PASSED] - Actual text and expected text of test object 'Object Repository/Payments/Internal accounts/Value_Type (asset or liability account)' are matched.

2018-11-13 10:29:53 - [MESSAGE][PASSED] - Call Test Case 'Test Cases/Payments/Create new sundry account' successfully

2018-11-13 10:29:53 - [TEST_STEP][PASSED] - click: Object: 'Object Repository/Payments/Internal accounts/Button_Actions' is clicked on

2018-11-13 10:29:53 - [MESSAGE][PASSED] - Object: 'Object Repository/Payments/Internal accounts/Button_Actions' is clicked on

2018-11-13 10:29:53 - [TEST_STEP][PASSED] - click: Object: 'Object Repository/Payments/Internal accounts/Button_External payment' is clicked on

2018-11-13 10:29:53 - [MESSAGE][PASSED] - Object: 'Object Repository/Payments/Internal accounts/Button_External payment' is clicked on

2018-11-13 10:29:53 - [TEST_STEP][PASSED] - setText: Text 'CZ8372746198380075273635' is set on object 'Object Repository/Payments/Sundry accounts/External payment/Input_IBAN  Account number'

2018-11-13 10:29:54 - [MESSAGE][PASSED] - Text 'CZ8372746198380075273635' is set on object 'Object Repository/Payments/Sundry accounts/External payment/Input_IBAN  Account number'

2018-11-13 10:29:54 - [TEST_STEP][PASSED] - setText: Text 'CNBACZPP' is set on object 'Object Repository/Payments/Sundry accounts/External payment/Input_Bank code (BIC sort code or ABA)'

2018-11-13 10:29:54 - [MESSAGE][PASSED] - Text 'CNBACZPP' is set on object 'Object Repository/Payments/Sundry accounts/External payment/Input_Bank code (BIC sort code or ABA)'

2018-11-13 10:29:54 - [TEST_STEP][PASSED] - setText: Text '2.02' is set on object 'Object Repository/Payments/Sundry accounts/External payment/Input_Amount and currency'

2018-11-13 10:29:55 - [MESSAGE][PASSED] - Text '2.02' is set on object 'Object Repository/Payments/Sundry accounts/External payment/Input_Amount and currency'

2018-11-13 10:29:55 - [TEST_STEP][PASSED] - delay: Delayed 1 second(s)

2018-11-13 10:29:56 - [MESSAGE][PASSED] - Delayed 1 second(s)

2018-11-13 10:29:56 - [TEST_STEP][PASSED] - click: Object: 'Object Repository/Payments/Sundry accounts/External payment/Button_Next step' is clicked on

2018-11-13 10:29:56 - [MESSAGE][PASSED] - Object: 'Object Repository/Payments/Sundry accounts/External payment/Button_Next step' is clicked on

2018-11-13 10:29:56 - [TEST_STEP][FAILED] - Statement - If (CountryStep1 == "Czech Republic"): Unable to verify object 'Object Repository/Payments/Sundry accounts/External payment/STEP 2/Input_Remittance info' is visible (Root cause: Web element with id: 'Object Repository/Payments/Sundry accounts/External payment/STEP 2/Input_Remittance info' located by 'By.xpath: //input[@type = 'text' and @class = 'input__input input_message']' not found)

2018-11-13 10:29:56 - [TEST_STEP][PASSED] - waitForElementVisible: Web element with id: 'Object Repository/Payments/Sundry accounts/External payment/STEP 2/Input_Beneficiary name' located by 'By.xpath: //input[@type = 'text' and @class = 'input__input input_benCreditorName']' not found

2018-11-13 10:30:07 - [MESSAGE][WARNING] - Web element with id: 'Object Repository/Payments/Sundry accounts/External payment/STEP 2/Input_Beneficiary name' located by 'By.xpath: //input[@type = 'text' and @class = 'input__input input_benCreditorName']' not found

2018-11-13 10:30:07 - [TEST_STEP][PASSED] - verifyElementVisible: Object 'Object Repository/Payments/Sundry accounts/External payment/STEP 2/Label_Beneficiary name' is visible

2018-11-13 10:30:07 - [MESSAGE][PASSED] - Object 'Object Repository/Payments/Sundry accounts/External payment/STEP 2/Label_Beneficiary name' is visible

2018-11-13 10:30:07 - [TEST_STEP][PASSED] - verifyElementNotPresent: Web element with id: 'Object Repository/Payments/Sundry accounts/External payment/STEP 2/Label_Address of beneficiary' located by 'By.xpath: //label[@class = 'input__label' and (text() = 'Address of beneficiary' or . = 'Address of beneficiary')]' is not present after '10' second(s)

2018-11-13 10:30:07 - [MESSAGE][WARNING] - Timeout '0' is invalid. Using default page load timeout: '10'

2018-11-13 10:30:07 - [MESSAGE][PASSED] - Web element with id: 'Object Repository/Payments/Sundry accounts/External payment/STEP 2/Label_Address of beneficiary' located by 'By.xpath: //label[@class = 'input__label' and (text() = 'Address of beneficiary' or . = 'Address of beneficiary')]' is not present after '10' second(s)

2018-11-13 10:30:07 - [TEST_STEP][PASSED] - verifyElementNotPresent: Web element with id: 'Object Repository/Payments/Sundry accounts/External payment/STEP 2/Input_Address of beneficiary' located by 'By.xpath: //input[@type = 'text' and @class = 'input__input input_benAddress1']' is not present after '10' second(s)

2018-11-13 10:30:07 - [MESSAGE][WARNING] - Timeout '0' is invalid. Using default page load timeout: '10'

2018-11-13 10:30:07 - [MESSAGE][PASSED] - Web element with id: 'Object Repository/Payments/Sundry accounts/External payment/STEP 2/Input_Address of beneficiary' located by 'By.xpath: //input[@type = 'text' and @class = 'input__input input_benAddress1']' is not present after '10' second(s)

2018-11-13 10:30:07 - [TEST_STEP][PASSED] - verifyElementNotPresent: Web element with id: 'Object Repository/Payments/Sundry accounts/External payment/STEP 2/Label_City' located by 'By.xpath: //label[@class = 'input__label' and (text() = 'City' or . = 'City')]' is not present after '10' second(s)

2018-11-13 10:30:07 - [MESSAGE][WARNING] - Timeout '0' is invalid. Using default page load timeout: '10'

2018-11-13 10:30:07 - [MESSAGE][PASSED] - Web element with id: 'Object Repository/Payments/Sundry accounts/External payment/STEP 2/Label_City' located by 'By.xpath: //label[@class = 'input__label' and (text() = 'City' or . = 'City')]' is not present after '10' second(s)

2018-11-13 10:30:07 - [TEST_STEP][PASSED] - verifyElementNotPresent: Web element with id: 'Object Repository/Payments/Sundry accounts/External payment/STEP 2/Input_City' located by 'By.xpath: //input[@type = 'text' and @class = 'input__input input_benCity']' is not present after '10' second(s)

2018-11-13 10:30:07 - [MESSAGE][WARNING] - Timeout '0' is invalid. Using default page load timeout: '10'

2018-11-13 10:30:07 - [MESSAGE][PASSED] - Web element with id: 'Object Repository/Payments/Sundry accounts/External payment/STEP 2/Input_City' located by 'By.xpath: //input[@type = 'text' and @class = 'input__input input_benCity']' is not present after '10' second(s)

2018-11-13 10:30:07 - [TEST_STEP][PASSED] - verifyElementNotPresent: Web element with id: 'Object Repository/Payments/Sundry accounts/External payment/STEP 2/Label_Post code' located by 'By.xpath: //label[@class = 'input__label' and (text() = 'Post code' or . = 'Post code')]' is not present after '10' second(s)

2018-11-13 10:30:07 - [MESSAGE][WARNING] - Timeout '0' is invalid. Using default page load timeout: '10'

2018-11-13 10:30:07 - [MESSAGE][PASSED] - Web element with id: 'Object Repository/Payments/Sundry accounts/External payment/STEP 2/Label_Post code' located by 'By.xpath: //label[@class = 'input__label' and (text() = 'Post code' or . = 'Post code')]' is not present after '10' second(s)

2018-11-13 10:30:07 - [TEST_STEP][PASSED] - verifyElementNotPresent: Web element with id: 'Object Repository/Payments/Sundry accounts/External payment/STEP 2/Input_Post code' located by 'By.xpath: //input[@type = 'text' and @class = 'input__input input_benPostcode']' is not present after '10' second(s)

2018-11-13 10:30:07 - [MESSAGE][WARNING] - Timeout '0' is invalid. Using default page load timeout: '10'

2018-11-13 10:30:07 - [MESSAGE][PASSED] - Web element with id: 'Object Repository/Payments/Sundry accounts/External payment/STEP 2/Input_Post code' located by 'By.xpath: //input[@type = 'text' and @class = 'input__input input_benPostcode']' is not present after '10' second(s)

2018-11-13 10:30:07 - [TEST_STEP][PASSED] - verifyElementNotPresent: Web element with id: 'Object Repository/Payments/Sundry accounts/External payment/STEP 2/Label_State  province' located by 'By.xpath: //label[@class = 'input__label' and (text() = 'State / province' or . = 'State / province')]' is not present after '10' second(s)

2018-11-13 10:30:07 - [MESSAGE][WARNING] - Timeout '0' is invalid. Using default page load timeout: '10'

2018-11-13 10:30:07 - [MESSAGE][PASSED] - Web element with id: 'Object Repository/Payments/Sundry accounts/External payment/STEP 2/Label_State  province' located by 'By.xpath: //label[@class = 'input__label' and (text() = 'State / province' or . = 'State / province')]' is not present after '10' second(s)

2018-11-13 10:30:07 - [TEST_STEP][PASSED] - verifyElementNotPresent: Web element with id: 'Object Repository/Payments/Sundry accounts/External payment/STEP 2/Input_State  province' located by 'By.xpath: //input[@type = 'text' and @class = 'input__input input_benState']' is not present after '10' second(s)

2018-11-13 10:30:07 - [MESSAGE][WARNING] - Timeout '0' is invalid. Using default page load timeout: '10'

2018-11-13 10:30:07 - [MESSAGE][PASSED] - Web element with id: 'Object Repository/Payments/Sundry accounts/External payment/STEP 2/Input_State  province' located by 'By.xpath: //input[@type = 'text' and @class = 'input__input input_benState']' is not present after '10' second(s)

2018-11-13 10:30:07 - [TEST_STEP][PASSED] - verifyElementNotPresent: Web element with id: 'Object Repository/Payments/Sundry accounts/External payment/STEP 2/Label_Country' located by 'By.xpath: //label[@class = 'select__label' and (text() = 'Country' or . = 'Country')]' is not present after '10' second(s)

2018-11-13 10:30:07 - [MESSAGE][WARNING] - Timeout '0' is invalid. Using default page load timeout: '10'

2018-11-13 10:30:07 - [MESSAGE][PASSED] - Web element with id: 'Object Repository/Payments/Sundry accounts/External payment/STEP 2/Label_Country' located by 'By.xpath: //label[@class = 'select__label' and (text() = 'Country' or . = 'Country')]' is not present after '10' second(s)

2018-11-13 10:30:07 - [TEST_STEP][PASSED] - verifyElementNotPresent: Web element with id: 'Object Repository/Payments/Sundry accounts/External payment/STEP 2/Select_Country' located by 'By.xpath: //select[@class = 'select__input input_benCountry' or 'select__input select_benCountry']' is not present after '10' second(s)

2018-11-13 10:30:07 - [MESSAGE][WARNING] - Timeout '0' is invalid. Using default page load timeout: '10'

2018-11-13 10:30:07 - [MESSAGE][PASSED] - Web element with id: 'Object Repository/Payments/Sundry accounts/External payment/STEP 2/Select_Country' located by 'By.xpath: //select[@class = 'select__input input_benCountry' or 'select__input select_benCountry']' is not present after '10' second(s)

2018-11-13 10:30:07 - [TEST_STEP][PASSED] - verifyElementVisible: Object 'Object Repository/Payments/Sundry accounts/External payment/STEP 2/Label_Remittance info' is visible

2018-11-13 10:30:07 - [MESSAGE][PASSED] - Object 'Object Repository/Payments/Sundry accounts/External payment/STEP 2/Label_Remittance info' is visible

2018-11-13 10:30:07 - [TEST_STEP][FAILED] - verifyElementVisible: Unable to verify object 'Object Repository/Payments/Sundry accounts/External payment/STEP 2/Input_Remittance info' is visible (Root cause: Web element with id: 'Object Repository/Payments/Sundry accounts/External payment/STEP 2/Input_Remittance info' located by 'By.xpath: //input[@type = 'text' and @class = 'input__input input_message']' not found)

2018-11-13 10:30:18 - [MESSAGE][FAILED] - Web element with id: 'Object Repository/Payments/Sundry accounts/External payment/STEP 2/Input_Remittance info' located by 'By.xpath: //input[@type = 'text' and @class = 'input__input input_message']' not found
[[ATTACHMENT|/Users/josefcihal/GIT/katalon-git-try-local/katalon-git-try/Reports/Advanced/20181113_102754/1542101418050.png]]

2018-11-13 10:30:19 - [MESSAGE][FAILED] - Unable to verify object 'Object Repository/Payments/Sundry accounts/External payment/STEP 2/Input_Remittance info' is visible (Root cause: Web element with id: 'Object Repository/Payments/Sundry accounts/External payment/STEP 2/Input_Remittance info' located by 'By.xpath: //input[@type = 'text' and @class = 'input__input input_message']' not found)
[[ATTACHMENT|/Users/josefcihal/GIT/katalon-git-try-local/katalon-git-try/Reports/Advanced/20181113_102754/1542101418559.png]]]]></system-out>
         <system-err><![CDATA[2018-11-13 10:29:41 - [TEST_CASE][FAILED] - Test Cases/Payments/SmartPayment: Test Cases/Payments/SmartPayment FAILED because (of) (Stack trace: com.kms.katalon.core.exception.StepFailedException: Unable to verify object 'Object Repository/Payments/Sundry accounts/External payment/STEP 2/Input_Remittance info' is visible (Root cause: Web element with id: 'Object Repository/Payments/Sundry accounts/External payment/STEP 2/Input_Remittance info' located by 'By.xpath: //input[@type = 'text' and @class = 'input__input input_message']' not found)
	at com.kms.katalon.core.keyword.internal.KeywordMain.stepFailed(KeywordMain.groovy:36)
	at com.kms.katalon.core.webui.keyword.internal.WebUIKeywordMain.stepFailed(WebUIKeywordMain.groovy:65)
	at com.kms.katalon.core.webui.keyword.internal.WebUIKeywordMain.runKeyword(WebUIKeywordMain.groovy:27)
	at com.kms.katalon.core.webui.keyword.builtin.VerifyElementVisibleKeyword.verifyElementVisible(VerifyElementVisibleKeyword.groovy:97)
	at com.kms.katalon.core.webui.keyword.builtin.VerifyElementVisibleKeyword.execute(VerifyElementVisibleKeyword.groovy:67)
	at com.kms.katalon.core.keyword.internal.KeywordExecutor.executeKeywordForPlatform(KeywordExecutor.groovy:53)
	at com.kms.katalon.core.webui.keyword.WebUiBuiltInKeywords.verifyElementVisible(WebUiBuiltInKeywords.groovy:372)
	at com.kms.katalon.core.webui.keyword.WebUiBuiltInKeywords$verifyElementVisible$2.call(Unknown Source)
	at org.codehaus.groovy.runtime.callsite.CallSiteArray.defaultCall(CallSiteArray.java:48)
	at org.codehaus.groovy.runtime.callsite.AbstractCallSite.call(AbstractCallSite.java:113)
	at org.codehaus.groovy.runtime.callsite.AbstractCallSite.call(AbstractCallSite.java:125)
	at Script1539716134718.run(Script1539716134718.groovy:64)
	at com.kms.katalon.core.main.ScriptEngine.run(ScriptEngine.java:183)
	at com.kms.katalon.core.main.ScriptEngine.runScriptAsRawText(ScriptEngine.java:108)
	at com.kms.katalon.core.main.TestCaseExecutor.runScript(TestCaseExecutor.java:294)
	at com.kms.katalon.core.main.TestCaseExecutor.doExecute(TestCaseExecutor.java:285)
	at com.kms.katalon.core.main.TestCaseExecutor.processExecutionPhase(TestCaseExecutor.java:264)
	at com.kms.katalon.core.main.TestCaseExecutor.accessMainPhase(TestCaseExecutor.java:256)
	at com.kms.katalon.core.main.TestCaseExecutor.execute(TestCaseExecutor.java:200)
	at com.kms.katalon.core.main.TestSuiteExecutor.accessTestCaseMainPhase(TestSuiteExecutor.java:129)
	at com.kms.katalon.core.main.TestSuiteExecutor.accessTestSuiteMainPhase(TestSuiteExecutor.java:112)
	at com.kms.katalon.core.main.TestSuiteExecutor.execute(TestSuiteExecutor.java:81)
	at com.kms.katalon.core.main.TestCaseMain.startTestSuite(TestCaseMain.java:142)
	at com.kms.katalon.core.main.TestCaseMain$startTestSuite$0.call(Unknown Source)
	at org.codehaus.groovy.runtime.callsite.CallSiteArray.defaultCall(CallSiteArray.java:48)
	at org.codehaus.groovy.runtime.callsite.AbstractCallSite.call(AbstractCallSite.java:113)
	at org.codehaus.groovy.runtime.callsite.AbstractCallSite.call(AbstractCallSite.java:141)
	at TempTestSuite1542101284194.run(TempTestSuite1542101284194.groovy:36)
	at groovy.lang.GroovyShell.runScriptOrMainOrTestOrRunnable(GroovyShell.java:263)
	at groovy.lang.GroovyShell.run(GroovyShell.java:518)
	at groovy.lang.GroovyShell.run(GroovyShell.java:507)
	at groovy.ui.GroovyMain.processOnce(GroovyMain.java:653)
	at groovy.ui.GroovyMain.run(GroovyMain.java:384)
	at groovy.ui.GroovyMain.process(GroovyMain.java:370)
	at groovy.ui.GroovyMain.processArgs(GroovyMain.java:129)
	at groovy.ui.GroovyMain.main(GroovyMain.java:109)
	at sun.reflect.NativeMethodAccessorImpl.invoke0(Native Method)
	at sun.reflect.NativeMethodAccessorImpl.invoke(NativeMethodAccessorImpl.java:62)
	at sun.reflect.DelegatingMethodAccessorImpl.invoke(DelegatingMethodAccessorImpl.java:43)
	at java.lang.reflect.Method.invoke(Method.java:498)
	at org.codehaus.groovy.tools.GroovyStarter.rootLoader(GroovyStarter.java:109)
	at org.codehaus.groovy.tools.GroovyStarter.main(GroovyStarter.java:131)
)]]></system-err>
      </testcase>
      <testcase name="Test Cases/Payments/SmartPayment" classname="Test Cases/Payments/SmartPayment" status="FAILED">
         <failure type="FAILED" message="(Stack trace: com.kms.katalon.core.exception.StepFailedException: Unable to verify object 'Object Repository/Payments/Sundry accounts/External payment/STEP 2/Input_Address of beneficiary' is visible (Root cause: Web element with id: 'Object Repository/Payments/Sundry accounts/External payment/STEP 2/Input_Address of beneficiary' located by 'By.xpath: //input[@type = 'text' and @class = 'input__input input_benAddress1']' not found)
	at com.kms.katalon.core.keyword.internal.KeywordMain.stepFailed(KeywordMain.groovy:36)
	at com.kms.katalon.core.webui.keyword.internal.WebUIKeywordMain.stepFailed(WebUIKeywordMain.groovy:65)
	at com.kms.katalon.core.webui.keyword.internal.WebUIKeywordMain.runKeyword(WebUIKeywordMain.groovy:27)
	at com.kms.katalon.core.webui.keyword.builtin.VerifyElementVisibleKeyword.verifyElementVisible(VerifyElementVisibleKeyword.groovy:97)
	at com.kms.katalon.core.webui.keyword.builtin.VerifyElementVisibleKeyword.execute(VerifyElementVisibleKeyword.groovy:67)
	at com.kms.katalon.core.keyword.internal.KeywordExecutor.executeKeywordForPlatform(KeywordExecutor.groovy:53)
	at com.kms.katalon.core.webui.keyword.WebUiBuiltInKeywords.verifyElementVisible(WebUiBuiltInKeywords.groovy:372)
	at com.kms.katalon.core.webui.keyword.WebUiBuiltInKeywords$verifyElementVisible$2.call(Unknown Source)
	at org.codehaus.groovy.runtime.callsite.CallSiteArray.defaultCall(CallSiteArray.java:48)
	at org.codehaus.groovy.runtime.callsite.AbstractCallSite.call(AbstractCallSite.java:113)
	at org.codehaus.groovy.runtime.callsite.AbstractCallSite.call(AbstractCallSite.java:125)
	at Script1539716134718.run(Script1539716134718.groovy:83)
	at com.kms.katalon.core.main.ScriptEngine.run(ScriptEngine.java:183)
	at com.kms.katalon.core.main.ScriptEngine.runScriptAsRawText(ScriptEngine.java:108)
	at com.kms.katalon.core.main.TestCaseExecutor.runScript(TestCaseExecutor.java:294)
	at com.kms.katalon.core.main.TestCaseExecutor.doExecute(TestCaseExecutor.java:285)
	at com.kms.katalon.core.main.TestCaseExecutor.processExecutionPhase(TestCaseExecutor.java:264)
	at com.kms.katalon.core.main.TestCaseExecutor.accessMainPhase(TestCaseExecutor.java:256)
	at com.kms.katalon.core.main.TestCaseExecutor.execute(TestCaseExecutor.java:200)
	at com.kms.katalon.core.main.TestSuiteExecutor.accessTestCaseMainPhase(TestSuiteExecutor.java:129)
	at com.kms.katalon.core.main.TestSuiteExecutor.accessTestSuiteMainPhase(TestSuiteExecutor.java:112)
	at com.kms.katalon.core.main.TestSuiteExecutor.execute(TestSuiteExecutor.java:81)
	at com.kms.katalon.core.main.TestCaseMain.startTestSuite(TestCaseMain.java:142)
	at com.kms.katalon.core.main.TestCaseMain$startTestSuite$0.call(Unknown Source)
	at org.codehaus.groovy.runtime.callsite.CallSiteArray.defaultCall(CallSiteArray.java:48)
	at org.codehaus.groovy.runtime.callsite.AbstractCallSite.call(AbstractCallSite.java:113)
	at org.codehaus.groovy.runtime.callsite.AbstractCallSite.call(AbstractCallSite.java:141)
	at TempTestSuite1542101284194.run(TempTestSuite1542101284194.groovy:36)
	at groovy.lang.GroovyShell.runScriptOrMainOrTestOrRunnable(GroovyShell.java:263)
	at groovy.lang.GroovyShell.run(GroovyShell.java:518)
	at groovy.lang.GroovyShell.run(GroovyShell.java:507)
	at groovy.ui.GroovyMain.processOnce(GroovyMain.java:653)
	at groovy.ui.GroovyMain.run(GroovyMain.java:384)
	at groovy.ui.GroovyMain.process(GroovyMain.java:370)
	at groovy.ui.GroovyMain.processArgs(GroovyMain.java:129)
	at groovy.ui.GroovyMain.main(GroovyMain.java:109)
	at sun.reflect.NativeMethodAccessorImpl.invoke0(Native Method)
	at sun.reflect.NativeMethodAccessorImpl.invoke(NativeMethodAccessorImpl.java:62)
	at sun.reflect.DelegatingMethodAccessorImpl.invoke(DelegatingMethodAccessorImpl.java:43)
	at java.lang.reflect.Method.invoke(Method.java:498)
	at org.codehaus.groovy.tools.GroovyStarter.rootLoader(GroovyStarter.java:109)
	at org.codehaus.groovy.tools.GroovyStarter.main(GroovyStarter.java:131)
)"/>
         <system-out><![CDATA[2018-11-13 10:30:19 - [TEST_CASE][FAILED] - Test Cases/Payments/SmartPayment: Test Cases/Payments/SmartPayment FAILED because (of) (Stack trace: com.kms.katalon.core.exception.StepFailedException: Unable to verify object 'Object Repository/Payments/Sundry accounts/External payment/STEP 2/Input_Address of beneficiary' is visible (Root cause: Web element with id: 'Object Repository/Payments/Sundry accounts/External payment/STEP 2/Input_Address of beneficiary' located by 'By.xpath: //input[@type = 'text' and @class = 'input__input input_benAddress1']' not found)
	at com.kms.katalon.core.keyword.internal.KeywordMain.stepFailed(KeywordMain.groovy:36)
	at com.kms.katalon.core.webui.keyword.internal.WebUIKeywordMain.stepFailed(WebUIKeywordMain.groovy:65)
	at com.kms.katalon.core.webui.keyword.internal.WebUIKeywordMain.runKeyword(WebUIKeywordMain.groovy:27)
	at com.kms.katalon.core.webui.keyword.builtin.VerifyElementVisibleKeyword.verifyElementVisible(VerifyElementVisibleKeyword.groovy:97)
	at com.kms.katalon.core.webui.keyword.builtin.VerifyElementVisibleKeyword.execute(VerifyElementVisibleKeyword.groovy:67)
	at com.kms.katalon.core.keyword.internal.KeywordExecutor.executeKeywordForPlatform(KeywordExecutor.groovy:53)
	at com.kms.katalon.core.webui.keyword.WebUiBuiltInKeywords.verifyElementVisible(WebUiBuiltInKeywords.groovy:372)
	at com.kms.katalon.core.webui.keyword.WebUiBuiltInKeywords$verifyElementVisible$2.call(Unknown Source)
	at org.codehaus.groovy.runtime.callsite.CallSiteArray.defaultCall(CallSiteArray.java:48)
	at org.codehaus.groovy.runtime.callsite.AbstractCallSite.call(AbstractCallSite.java:113)
	at org.codehaus.groovy.runtime.callsite.AbstractCallSite.call(AbstractCallSite.java:125)
	at Script1539716134718.run(Script1539716134718.groovy:83)
	at com.kms.katalon.core.main.ScriptEngine.run(ScriptEngine.java:183)
	at com.kms.katalon.core.main.ScriptEngine.runScriptAsRawText(ScriptEngine.java:108)
	at com.kms.katalon.core.main.TestCaseExecutor.runScript(TestCaseExecutor.java:294)
	at com.kms.katalon.core.main.TestCaseExecutor.doExecute(TestCaseExecutor.java:285)
	at com.kms.katalon.core.main.TestCaseExecutor.processExecutionPhase(TestCaseExecutor.java:264)
	at com.kms.katalon.core.main.TestCaseExecutor.accessMainPhase(TestCaseExecutor.java:256)
	at com.kms.katalon.core.main.TestCaseExecutor.execute(TestCaseExecutor.java:200)
	at com.kms.katalon.core.main.TestSuiteExecutor.accessTestCaseMainPhase(TestSuiteExecutor.java:129)
	at com.kms.katalon.core.main.TestSuiteExecutor.accessTestSuiteMainPhase(TestSuiteExecutor.java:112)
	at com.kms.katalon.core.main.TestSuiteExecutor.execute(TestSuiteExecutor.java:81)
	at com.kms.katalon.core.main.TestCaseMain.startTestSuite(TestCaseMain.java:142)
	at com.kms.katalon.core.main.TestCaseMain$startTestSuite$0.call(Unknown Source)
	at org.codehaus.groovy.runtime.callsite.CallSiteArray.defaultCall(CallSiteArray.java:48)
	at org.codehaus.groovy.runtime.callsite.AbstractCallSite.call(AbstractCallSite.java:113)
	at org.codehaus.groovy.runtime.callsite.AbstractCallSite.call(AbstractCallSite.java:141)
	at TempTestSuite1542101284194.run(TempTestSuite1542101284194.groovy:36)
	at groovy.lang.GroovyShell.runScriptOrMainOrTestOrRunnable(GroovyShell.java:263)
	at groovy.lang.GroovyShell.run(GroovyShell.java:518)
	at groovy.lang.GroovyShell.run(GroovyShell.java:507)
	at groovy.ui.GroovyMain.processOnce(GroovyMain.java:653)
	at groovy.ui.GroovyMain.run(GroovyMain.java:384)
	at groovy.ui.GroovyMain.process(GroovyMain.java:370)
	at groovy.ui.GroovyMain.processArgs(GroovyMain.java:129)
	at groovy.ui.GroovyMain.main(GroovyMain.java:109)
	at sun.reflect.NativeMethodAccessorImpl.invoke0(Native Method)
	at sun.reflect.NativeMethodAccessorImpl.invoke(NativeMethodAccessorImpl.java:62)
	at sun.reflect.DelegatingMethodAccessorImpl.invoke(DelegatingMethodAccessorImpl.java:43)
	at java.lang.reflect.Method.invoke(Method.java:498)
	at org.codehaus.groovy.tools.GroovyStarter.rootLoader(GroovyStarter.java:109)
	at org.codehaus.groovy.tools.GroovyStarter.main(GroovyStarter.java:131)
)

2018-11-13 10:30:19 - [TEST_STEP][PASSED] - callTestCase: Call Test Case 'Test Cases/Payments/Create new sundry account' successfully

2018-11-13 10:30:19 - [TEST_CASE][PASSED] - Test Cases/Payments/Create new sundry account: Test Cases/Payments/Create new sundry account

2018-11-13 10:30:19 - [TEST_STEP][PASSED] - callTestCase: Call Test Case 'Test Cases/Login' successfully

2018-11-13 10:30:19 - [TEST_CASE][PASSED] - Test Cases/Login: Test Cases/Login

2018-11-13 10:30:19 - [TEST_STEP][PASSED] - openBrowser: Browser is opened with url: 'https://dvk.deltecdev.com/operator/'

2018-11-13 10:30:19 - [MESSAGE][WARNING] - A browser is already opened. Closing browser and opening a new one

2018-11-13 10:30:23 - [MESSAGE][PASSED] - Browser is opened with url: 'https://dvk.deltecdev.com/operator/'

2018-11-13 10:30:23 - [TEST_STEP][PASSED] - setText: Text 'john.doe@leveris.com' is set on object 'Object Repository/Login page/Input_Email'

2018-11-13 10:30:24 - [MESSAGE][PASSED] - Text 'john.doe@leveris.com' is set on object 'Object Repository/Login page/Input_Email'

2018-11-13 10:30:24 - [TEST_STEP][PASSED] - setText: Text 'Password1122' is set on object 'Object Repository/Login page/Input_Password'

2018-11-13 10:30:24 - [MESSAGE][PASSED] - Text 'Password1122' is set on object 'Object Repository/Login page/Input_Password'

2018-11-13 10:30:24 - [TEST_STEP][PASSED] - click: Object: 'Object Repository/Login page/Button_Log in' is clicked on

2018-11-13 10:30:24 - [MESSAGE][PASSED] - Object: 'Object Repository/Login page/Button_Log in' is clicked on

2018-11-13 10:30:24 - [TEST_STEP][PASSED] - verifyElementVisible: Object 'Object Repository/Home page/Label_Home' is visible

2018-11-13 10:30:26 - [MESSAGE][PASSED] - Object 'Object Repository/Home page/Label_Home' is visible

2018-11-13 10:30:26 - [MESSAGE][PASSED] - Call Test Case 'Test Cases/Login' successfully

2018-11-13 10:30:26 - [TEST_STEP][PASSED] - click: Object: 'Object Repository/Home page/Button_Home' is clicked on

2018-11-13 10:30:26 - [MESSAGE][PASSED] - Object: 'Object Repository/Home page/Button_Home' is clicked on

2018-11-13 10:30:26 - [TEST_STEP][PASSED] - click: Object: 'Object Repository/Home page/Dropdown_Payments' is clicked on

2018-11-13 10:30:26 - [MESSAGE][PASSED] - Object: 'Object Repository/Home page/Dropdown_Payments' is clicked on

2018-11-13 10:30:26 - [TEST_STEP][PASSED] - click: Object: 'Object Repository/Payments/Guidepost_Sundry accounts' is clicked on

2018-11-13 10:30:26 - [MESSAGE][PASSED] - Object: 'Object Repository/Payments/Guidepost_Sundry accounts' is clicked on

2018-11-13 10:30:26 - [TEST_STEP][PASSED] - click: Object: 'Object Repository/Payments/Sundry accounts/Button_Sundry accounts - Create new account' is clicked on

2018-11-13 10:30:26 - [MESSAGE][PASSED] - Object: 'Object Repository/Payments/Sundry accounts/Button_Sundry accounts - Create new account' is clicked on

2018-11-13 10:30:26 - [TEST_STEP][PASSED] - Statement - ts = java.lang.System.currentTimeMillis() / 1000: null

2018-11-13 10:30:26 - [TEST_STEP][PASSED] - Statement - tsAsString = ts.toString(): null

2018-11-13 10:30:26 - [TEST_STEP][PASSED] - setText: Text 'QAA test Katalon - 1542101426' is set on object 'Object Repository/Payments/Sundry accounts/Create new account/Input_Account name'

2018-11-13 10:30:28 - [MESSAGE][PASSED] - Text 'QAA test Katalon - 1542101426' is set on object 'Object Repository/Payments/Sundry accounts/Create new account/Input_Account name'

2018-11-13 10:30:28 - [TEST_STEP][PASSED] - Statement - AccountName = "QAA test Katalon - " + tsAsString: null

2018-11-13 10:30:28 - [TEST_STEP][PASSED] - selectOptionByValue: All options with value 'Liability' are selected in object 'Object Repository/Payments/Sundry accounts/Create new account/Select_Type (asset or liability account)' 

2018-11-13 10:30:28 - [MESSAGE][PASSED] - All options with value 'Liability' are selected in object 'Object Repository/Payments/Sundry accounts/Create new account/Select_Type (asset or liability account)' 

2018-11-13 10:30:28 - [TEST_STEP][PASSED] - click: Object: 'Object Repository/Payments/Sundry accounts/Create new account/Label_Check balance' is clicked on

2018-11-13 10:30:28 - [MESSAGE][PASSED] - Object: 'Object Repository/Payments/Sundry accounts/Create new account/Label_Check balance' is clicked on

2018-11-13 10:30:28 - [TEST_STEP][PASSED] - click: Object: 'Object Repository/Payments/Sundry accounts/Create new account/Button_Create new account' is clicked on

2018-11-13 10:30:28 - [MESSAGE][PASSED] - Object: 'Object Repository/Payments/Sundry accounts/Create new account/Button_Create new account' is clicked on

2018-11-13 10:30:28 - [TEST_STEP][PASSED] - verifyElementText: Actual text and expected text of test object 'Object Repository/Payments/Internal accounts/Value_Account status' are matched.

2018-11-13 10:30:29 - [MESSAGE][PASSED] - Actual text and expected text of test object 'Object Repository/Payments/Internal accounts/Value_Account status' are matched.

2018-11-13 10:30:29 - [TEST_STEP][PASSED] - verifyElementText: Actual text and expected text of test object 'Object Repository/Payments/Internal accounts/Value_Check balance' are matched.

2018-11-13 10:30:29 - [MESSAGE][PASSED] - Actual text and expected text of test object 'Object Repository/Payments/Internal accounts/Value_Check balance' are matched.

2018-11-13 10:30:29 - [TEST_STEP][PASSED] - verifyElementText: Actual text and expected text of test object 'Object Repository/Payments/Internal accounts/Value_Type (asset or liability account)' are matched.

2018-11-13 10:30:29 - [MESSAGE][PASSED] - Actual text and expected text of test object 'Object Repository/Payments/Internal accounts/Value_Type (asset or liability account)' are matched.

2018-11-13 10:30:29 - [MESSAGE][PASSED] - Call Test Case 'Test Cases/Payments/Create new sundry account' successfully

2018-11-13 10:30:29 - [TEST_STEP][PASSED] - click: Object: 'Object Repository/Payments/Internal accounts/Button_Actions' is clicked on

2018-11-13 10:30:29 - [MESSAGE][PASSED] - Object: 'Object Repository/Payments/Internal accounts/Button_Actions' is clicked on

2018-11-13 10:30:29 - [TEST_STEP][PASSED] - click: Object: 'Object Repository/Payments/Internal accounts/Button_External payment' is clicked on

2018-11-13 10:30:29 - [MESSAGE][PASSED] - Object: 'Object Repository/Payments/Internal accounts/Button_External payment' is clicked on

2018-11-13 10:30:29 - [TEST_STEP][PASSED] - setText: Text 'BG61CVZB28171229454214' is set on object 'Object Repository/Payments/Sundry accounts/External payment/Input_IBAN  Account number'

2018-11-13 10:30:30 - [MESSAGE][PASSED] - Text 'BG61CVZB28171229454214' is set on object 'Object Repository/Payments/Sundry accounts/External payment/Input_IBAN  Account number'

2018-11-13 10:30:30 - [TEST_STEP][PASSED] - setText: Text 'CITIBGSFXXX' is set on object 'Object Repository/Payments/Sundry accounts/External payment/Input_Bank code (BIC sort code or ABA)'

2018-11-13 10:30:30 - [MESSAGE][PASSED] - Text 'CITIBGSFXXX' is set on object 'Object Repository/Payments/Sundry accounts/External payment/Input_Bank code (BIC sort code or ABA)'

2018-11-13 10:30:30 - [TEST_STEP][PASSED] - setText: Text '2.03' is set on object 'Object Repository/Payments/Sundry accounts/External payment/Input_Amount and currency'

2018-11-13 10:30:31 - [MESSAGE][PASSED] - Text '2.03' is set on object 'Object Repository/Payments/Sundry accounts/External payment/Input_Amount and currency'

2018-11-13 10:30:31 - [TEST_STEP][PASSED] - delay: Delayed 1 second(s)

2018-11-13 10:30:32 - [MESSAGE][PASSED] - Delayed 1 second(s)

2018-11-13 10:30:32 - [TEST_STEP][PASSED] - click: Object: 'Object Repository/Payments/Sundry accounts/External payment/Button_Next step' is clicked on

2018-11-13 10:30:32 - [MESSAGE][PASSED] - Object: 'Object Repository/Payments/Sundry accounts/External payment/Button_Next step' is clicked on

2018-11-13 10:30:32 - [TEST_STEP][PASSED] - Statement - If (CountryStep1 == "Czech Republic"): null

2018-11-13 10:30:32 - [TEST_STEP][FAILED] - Statement - Else If (CountryStep1 == "Bulgaria"): Unable to verify object 'Object Repository/Payments/Sundry accounts/External payment/STEP 2/Input_Address of beneficiary' is visible (Root cause: Web element with id: 'Object Repository/Payments/Sundry accounts/External payment/STEP 2/Input_Address of beneficiary' located by 'By.xpath: //input[@type = 'text' and @class = 'input__input input_benAddress1']' not found)

2018-11-13 10:30:32 - [TEST_STEP][PASSED] - waitForElementVisible: Web element with id: 'Object Repository/Payments/Sundry accounts/External payment/STEP 2/Input_Beneficiary name' located by 'By.xpath: //input[@type = 'text' and @class = 'input__input input_benCreditorName']' not found

2018-11-13 10:30:43 - [MESSAGE][WARNING] - Web element with id: 'Object Repository/Payments/Sundry accounts/External payment/STEP 2/Input_Beneficiary name' located by 'By.xpath: //input[@type = 'text' and @class = 'input__input input_benCreditorName']' not found

2018-11-13 10:30:43 - [TEST_STEP][PASSED] - verifyElementVisible: Object 'Object Repository/Payments/Sundry accounts/External payment/STEP 2/Label_Beneficiary name' is visible

2018-11-13 10:30:43 - [MESSAGE][PASSED] - Object 'Object Repository/Payments/Sundry accounts/External payment/STEP 2/Label_Beneficiary name' is visible

2018-11-13 10:30:43 - [TEST_STEP][PASSED] - verifyElementVisible: Object 'Object Repository/Payments/Sundry accounts/External payment/STEP 2/Label_Address of beneficiary' is visible

2018-11-13 10:30:43 - [MESSAGE][PASSED] - Object 'Object Repository/Payments/Sundry accounts/External payment/STEP 2/Label_Address of beneficiary' is visible

2018-11-13 10:30:43 - [TEST_STEP][FAILED] - verifyElementVisible: Unable to verify object 'Object Repository/Payments/Sundry accounts/External payment/STEP 2/Input_Address of beneficiary' is visible (Root cause: Web element with id: 'Object Repository/Payments/Sundry accounts/External payment/STEP 2/Input_Address of beneficiary' located by 'By.xpath: //input[@type = 'text' and @class = 'input__input input_benAddress1']' not found)

2018-11-13 10:30:54 - [MESSAGE][FAILED] - Web element with id: 'Object Repository/Payments/Sundry accounts/External payment/STEP 2/Input_Address of beneficiary' located by 'By.xpath: //input[@type = 'text' and @class = 'input__input input_benAddress1']' not found
[[ATTACHMENT|/Users/josefcihal/GIT/katalon-git-try-local/katalon-git-try/Reports/Advanced/20181113_102754/1542101453762.png]]

2018-11-13 10:30:54 - [MESSAGE][FAILED] - Unable to verify object 'Object Repository/Payments/Sundry accounts/External payment/STEP 2/Input_Address of beneficiary' is visible (Root cause: Web element with id: 'Object Repository/Payments/Sundry accounts/External payment/STEP 2/Input_Address of beneficiary' located by 'By.xpath: //input[@type = 'text' and @class = 'input__input input_benAddress1']' not found)
[[ATTACHMENT|/Users/josefcihal/GIT/katalon-git-try-local/katalon-git-try/Reports/Advanced/20181113_102754/1542101454262.png]]]]></system-out>
         <system-err><![CDATA[2018-11-13 10:30:19 - [TEST_CASE][FAILED] - Test Cases/Payments/SmartPayment: Test Cases/Payments/SmartPayment FAILED because (of) (Stack trace: com.kms.katalon.core.exception.StepFailedException: Unable to verify object 'Object Repository/Payments/Sundry accounts/External payment/STEP 2/Input_Address of beneficiary' is visible (Root cause: Web element with id: 'Object Repository/Payments/Sundry accounts/External payment/STEP 2/Input_Address of beneficiary' located by 'By.xpath: //input[@type = 'text' and @class = 'input__input input_benAddress1']' not found)
	at com.kms.katalon.core.keyword.internal.KeywordMain.stepFailed(KeywordMain.groovy:36)
	at com.kms.katalon.core.webui.keyword.internal.WebUIKeywordMain.stepFailed(WebUIKeywordMain.groovy:65)
	at com.kms.katalon.core.webui.keyword.internal.WebUIKeywordMain.runKeyword(WebUIKeywordMain.groovy:27)
	at com.kms.katalon.core.webui.keyword.builtin.VerifyElementVisibleKeyword.verifyElementVisible(VerifyElementVisibleKeyword.groovy:97)
	at com.kms.katalon.core.webui.keyword.builtin.VerifyElementVisibleKeyword.execute(VerifyElementVisibleKeyword.groovy:67)
	at com.kms.katalon.core.keyword.internal.KeywordExecutor.executeKeywordForPlatform(KeywordExecutor.groovy:53)
	at com.kms.katalon.core.webui.keyword.WebUiBuiltInKeywords.verifyElementVisible(WebUiBuiltInKeywords.groovy:372)
	at com.kms.katalon.core.webui.keyword.WebUiBuiltInKeywords$verifyElementVisible$2.call(Unknown Source)
	at org.codehaus.groovy.runtime.callsite.CallSiteArray.defaultCall(CallSiteArray.java:48)
	at org.codehaus.groovy.runtime.callsite.AbstractCallSite.call(AbstractCallSite.java:113)
	at org.codehaus.groovy.runtime.callsite.AbstractCallSite.call(AbstractCallSite.java:125)
	at Script1539716134718.run(Script1539716134718.groovy:83)
	at com.kms.katalon.core.main.ScriptEngine.run(ScriptEngine.java:183)
	at com.kms.katalon.core.main.ScriptEngine.runScriptAsRawText(ScriptEngine.java:108)
	at com.kms.katalon.core.main.TestCaseExecutor.runScript(TestCaseExecutor.java:294)
	at com.kms.katalon.core.main.TestCaseExecutor.doExecute(TestCaseExecutor.java:285)
	at com.kms.katalon.core.main.TestCaseExecutor.processExecutionPhase(TestCaseExecutor.java:264)
	at com.kms.katalon.core.main.TestCaseExecutor.accessMainPhase(TestCaseExecutor.java:256)
	at com.kms.katalon.core.main.TestCaseExecutor.execute(TestCaseExecutor.java:200)
	at com.kms.katalon.core.main.TestSuiteExecutor.accessTestCaseMainPhase(TestSuiteExecutor.java:129)
	at com.kms.katalon.core.main.TestSuiteExecutor.accessTestSuiteMainPhase(TestSuiteExecutor.java:112)
	at com.kms.katalon.core.main.TestSuiteExecutor.execute(TestSuiteExecutor.java:81)
	at com.kms.katalon.core.main.TestCaseMain.startTestSuite(TestCaseMain.java:142)
	at com.kms.katalon.core.main.TestCaseMain$startTestSuite$0.call(Unknown Source)
	at org.codehaus.groovy.runtime.callsite.CallSiteArray.defaultCall(CallSiteArray.java:48)
	at org.codehaus.groovy.runtime.callsite.AbstractCallSite.call(AbstractCallSite.java:113)
	at org.codehaus.groovy.runtime.callsite.AbstractCallSite.call(AbstractCallSite.java:141)
	at TempTestSuite1542101284194.run(TempTestSuite1542101284194.groovy:36)
	at groovy.lang.GroovyShell.runScriptOrMainOrTestOrRunnable(GroovyShell.java:263)
	at groovy.lang.GroovyShell.run(GroovyShell.java:518)
	at groovy.lang.GroovyShell.run(GroovyShell.java:507)
	at groovy.ui.GroovyMain.processOnce(GroovyMain.java:653)
	at groovy.ui.GroovyMain.run(GroovyMain.java:384)
	at groovy.ui.GroovyMain.process(GroovyMain.java:370)
	at groovy.ui.GroovyMain.processArgs(GroovyMain.java:129)
	at groovy.ui.GroovyMain.main(GroovyMain.java:109)
	at sun.reflect.NativeMethodAccessorImpl.invoke0(Native Method)
	at sun.reflect.NativeMethodAccessorImpl.invoke(NativeMethodAccessorImpl.java:62)
	at sun.reflect.DelegatingMethodAccessorImpl.invoke(DelegatingMethodAccessorImpl.java:43)
	at java.lang.reflect.Method.invoke(Method.java:498)
	at org.codehaus.groovy.tools.GroovyStarter.rootLoader(GroovyStarter.java:109)
	at org.codehaus.groovy.tools.GroovyStarter.main(GroovyStarter.java:131)
)]]></system-err>
      </testcase>
      <system-out><![CDATA[2018-11-13 10:28:27 - [TEST_SUITE][FAILED] - Advanced: Test Cases/Payments/SmartPayment FAILED because (of) (Stack trace: com.kms.katalon.core.exception.StepFailedException: Unable to verify object 'Object Repository/Payments/Sundry accounts/External payment/STEP 2/Input_Address of beneficiary' is visible (Root cause: Web element with id: 'Object Repository/Payments/Sundry accounts/External payment/STEP 2/Input_Address of beneficiary' located by 'By.xpath: //input[@type = 'text' and @class = 'input__input input_benAddress1']' not found)
	at com.kms.katalon.core.keyword.internal.KeywordMain.stepFailed(KeywordMain.groovy:36)
	at com.kms.katalon.core.webui.keyword.internal.WebUIKeywordMain.stepFailed(WebUIKeywordMain.groovy:65)
	at com.kms.katalon.core.webui.keyword.internal.WebUIKeywordMain.runKeyword(WebUIKeywordMain.groovy:27)
	at com.kms.katalon.core.webui.keyword.builtin.VerifyElementVisibleKeyword.verifyElementVisible(VerifyElementVisibleKeyword.groovy:97)
	at com.kms.katalon.core.webui.keyword.builtin.VerifyElementVisibleKeyword.execute(VerifyElementVisibleKeyword.groovy:67)
	at com.kms.katalon.core.keyword.internal.KeywordExecutor.executeKeywordForPlatform(KeywordExecutor.groovy:53)
	at com.kms.katalon.core.webui.keyword.WebUiBuiltInKeywords.verifyElementVisible(WebUiBuiltInKeywords.groovy:372)
	at com.kms.katalon.core.webui.keyword.WebUiBuiltInKeywords$verifyElementVisible$2.call(Unknown Source)
	at org.codehaus.groovy.runtime.callsite.CallSiteArray.defaultCall(CallSiteArray.java:48)
	at org.codehaus.groovy.runtime.callsite.AbstractCallSite.call(AbstractCallSite.java:113)
	at org.codehaus.groovy.runtime.callsite.AbstractCallSite.call(AbstractCallSite.java:125)
	at Script1539716134718.run(Script1539716134718.groovy:133)
	at com.kms.katalon.core.main.ScriptEngine.run(ScriptEngine.java:183)
	at com.kms.katalon.core.main.ScriptEngine.runScriptAsRawText(ScriptEngine.java:108)
	at com.kms.katalon.core.main.TestCaseExecutor.runScript(TestCaseExecutor.java:294)
	at com.kms.katalon.core.main.TestCaseExecutor.doExecute(TestCaseExecutor.java:285)
	at com.kms.katalon.core.main.TestCaseExecutor.processExecutionPhase(TestCaseExecutor.java:264)
	at com.kms.katalon.core.main.TestCaseExecutor.accessMainPhase(TestCaseExecutor.java:256)
	at com.kms.katalon.core.main.TestCaseExecutor.execute(TestCaseExecutor.java:200)
	at com.kms.katalon.core.main.TestSuiteExecutor.accessTestCaseMainPhase(TestSuiteExecutor.java:129)
	at com.kms.katalon.core.main.TestSuiteExecutor.accessTestSuiteMainPhase(TestSuiteExecutor.java:112)
	at com.kms.katalon.core.main.TestSuiteExecutor.execute(TestSuiteExecutor.java:81)
	at com.kms.katalon.core.main.TestCaseMain.startTestSuite(TestCaseMain.java:142)
	at com.kms.katalon.core.main.TestCaseMain$startTestSuite$0.call(Unknown Source)
	at org.codehaus.groovy.runtime.callsite.CallSiteArray.defaultCall(CallSiteArray.java:48)
	at org.codehaus.groovy.runtime.callsite.AbstractCallSite.call(AbstractCallSite.java:113)
	at org.codehaus.groovy.runtime.callsite.AbstractCallSite.call(AbstractCallSite.java:141)
	at TempTestSuite1542101284194.run(TempTestSuite1542101284194.groovy:36)
	at groovy.lang.GroovyShell.runScriptOrMainOrTestOrRunnable(GroovyShell.java:263)
	at groovy.lang.GroovyShell.run(GroovyShell.java:518)
	at groovy.lang.GroovyShell.run(GroovyShell.java:507)
	at groovy.ui.GroovyMain.processOnce(GroovyMain.java:653)
	at groovy.ui.GroovyMain.run(GroovyMain.java:384)
	at groovy.ui.GroovyMain.process(GroovyMain.java:370)
	at groovy.ui.GroovyMain.processArgs(GroovyMain.java:129)
	at groovy.ui.GroovyMain.main(GroovyMain.java:109)
	at sun.reflect.NativeMethodAccessorImpl.invoke0(Native Method)
	at sun.reflect.NativeMethodAccessorImpl.invoke(NativeMethodAccessorImpl.java:62)
	at sun.reflect.DelegatingMethodAccessorImpl.invoke(DelegatingMethodAccessorImpl.java:43)
	at java.lang.reflect.Method.invoke(Method.java:498)
	at org.codehaus.groovy.tools.GroovyStarter.rootLoader(GroovyStarter.java:109)
	at org.codehaus.groovy.tools.GroovyStarter.main(GroovyStarter.java:131)
)]]></system-out>
      <system-err><![CDATA[2018-11-13 10:28:27 - [TEST_SUITE][FAILED] - Advanced: Test Cases/Payments/SmartPayment FAILED because (of) (Stack trace: com.kms.katalon.core.exception.StepFailedException: Unable to verify object 'Object Repository/Payments/Sundry accounts/External payment/STEP 2/Input_Address of beneficiary' is visible (Root cause: Web element with id: 'Object Repository/Payments/Sundry accounts/External payment/STEP 2/Input_Address of beneficiary' located by 'By.xpath: //input[@type = 'text' and @class = 'input__input input_benAddress1']' not found)
	at com.kms.katalon.core.keyword.internal.KeywordMain.stepFailed(KeywordMain.groovy:36)
	at com.kms.katalon.core.webui.keyword.internal.WebUIKeywordMain.stepFailed(WebUIKeywordMain.groovy:65)
	at com.kms.katalon.core.webui.keyword.internal.WebUIKeywordMain.runKeyword(WebUIKeywordMain.groovy:27)
	at com.kms.katalon.core.webui.keyword.builtin.VerifyElementVisibleKeyword.verifyElementVisible(VerifyElementVisibleKeyword.groovy:97)
	at com.kms.katalon.core.webui.keyword.builtin.VerifyElementVisibleKeyword.execute(VerifyElementVisibleKeyword.groovy:67)
	at com.kms.katalon.core.keyword.internal.KeywordExecutor.executeKeywordForPlatform(KeywordExecutor.groovy:53)
	at com.kms.katalon.core.webui.keyword.WebUiBuiltInKeywords.verifyElementVisible(WebUiBuiltInKeywords.groovy:372)
	at com.kms.katalon.core.webui.keyword.WebUiBuiltInKeywords$verifyElementVisible$2.call(Unknown Source)
	at org.codehaus.groovy.runtime.callsite.CallSiteArray.defaultCall(CallSiteArray.java:48)
	at org.codehaus.groovy.runtime.callsite.AbstractCallSite.call(AbstractCallSite.java:113)
	at org.codehaus.groovy.runtime.callsite.AbstractCallSite.call(AbstractCallSite.java:125)
	at Script1539716134718.run(Script1539716134718.groovy:133)
	at com.kms.katalon.core.main.ScriptEngine.run(ScriptEngine.java:183)
	at com.kms.katalon.core.main.ScriptEngine.runScriptAsRawText(ScriptEngine.java:108)
	at com.kms.katalon.core.main.TestCaseExecutor.runScript(TestCaseExecutor.java:294)
	at com.kms.katalon.core.main.TestCaseExecutor.doExecute(TestCaseExecutor.java:285)
	at com.kms.katalon.core.main.TestCaseExecutor.processExecutionPhase(TestCaseExecutor.java:264)
	at com.kms.katalon.core.main.TestCaseExecutor.accessMainPhase(TestCaseExecutor.java:256)
	at com.kms.katalon.core.main.TestCaseExecutor.execute(TestCaseExecutor.java:200)
	at com.kms.katalon.core.main.TestSuiteExecutor.accessTestCaseMainPhase(TestSuiteExecutor.java:129)
	at com.kms.katalon.core.main.TestSuiteExecutor.accessTestSuiteMainPhase(TestSuiteExecutor.java:112)
	at com.kms.katalon.core.main.TestSuiteExecutor.execute(TestSuiteExecutor.java:81)
	at com.kms.katalon.core.main.TestCaseMain.startTestSuite(TestCaseMain.java:142)
	at com.kms.katalon.core.main.TestCaseMain$startTestSuite$0.call(Unknown Source)
	at org.codehaus.groovy.runtime.callsite.CallSiteArray.defaultCall(CallSiteArray.java:48)
	at org.codehaus.groovy.runtime.callsite.AbstractCallSite.call(AbstractCallSite.java:113)
	at org.codehaus.groovy.runtime.callsite.AbstractCallSite.call(AbstractCallSite.java:141)
	at TempTestSuite1542101284194.run(TempTestSuite1542101284194.groovy:36)
	at groovy.lang.GroovyShell.runScriptOrMainOrTestOrRunnable(GroovyShell.java:263)
	at groovy.lang.GroovyShell.run(GroovyShell.java:518)
	at groovy.lang.GroovyShell.run(GroovyShell.java:507)
	at groovy.ui.GroovyMain.processOnce(GroovyMain.java:653)
	at groovy.ui.GroovyMain.run(GroovyMain.java:384)
	at groovy.ui.GroovyMain.process(GroovyMain.java:370)
	at groovy.ui.GroovyMain.processArgs(GroovyMain.java:129)
	at groovy.ui.GroovyMain.main(GroovyMain.java:109)
	at sun.reflect.NativeMethodAccessorImpl.invoke0(Native Method)
	at sun.reflect.NativeMethodAccessorImpl.invoke(NativeMethodAccessorImpl.java:62)
	at sun.reflect.DelegatingMethodAccessorImpl.invoke(DelegatingMethodAccessorImpl.java:43)
	at java.lang.reflect.Method.invoke(Method.java:498)
	at org.codehaus.groovy.tools.GroovyStarter.rootLoader(GroovyStarter.java:109)
	at org.codehaus.groovy.tools.GroovyStarter.main(GroovyStarter.java:131)
)]]></system-err>
   </testsuite>
</testsuites>
